[FH] NTAP: wrote 1 files, skipped 364
[FH] NTAP: wrote 0 files, skipped 365
[FH] NTAP: wrote 0 files, skipped 365
[FH] NTAP: wrote 0 files, skipped 365
[FH] NTAP: wrote 0 files, skipped 365
[FH] NTAP: wrote 0 files, skipped 365
[FH] NTAP: wrote 0 files, skipped 365
[FH] NTAP: wrote 0 files, skipped 365
[FH] NTAP: wrote 0 files, skipped 365
[FH] NTAP: wrote 0 files, skipped 365
[FH] NTAP: wrote 1 files, skipped 364
[FH] NTAP: wrote 0 files, skipped 365
[FH] NTAP: wrote 0 files, skipped 365
[FH] NTAP: wrote 1 files, skipped 364
[FH] NTAP: wrote 2 files, skipped 363
[FH] NTAP: wrote 2 files, skipped 363
[FH] NTAP: wrote 1 files, skipped 364
[FH] NTAP: wrote 0 files, skipped 365
[FH] NTAP: wrote 0 files, skipped 365
[FH] NTAP: wrote 0 files, skipped 365
[FH] NTAP: wrote 0 files, skipped 365
[FH] NTAP: wrote 0 files, skipped 365
[FH] NTAP: wrote 2 files, skipped 363
[FH] NTAP: wrote 2 files, skipped 363
[FH] NTAP: wrote 2 files, skipped 363
[FH] NTAP: wrote 1 files, skipped 364
[FH] NTAP: wrote 0 files, skipped 365
[FH] NTAP: wrote 0 files, skipped 365
[FH] NTAP: wrote 0 files, skipped 365
[FH] NTAP: wrote 0 files, skipped 365
[FH] NTAP: wrote 0 files, skipped 365
[FH] NTAP: wrote 2 files, skipped 363
[FH] NTAP: wrote 3 files, skipped 362
[FH] NTAP: wrote 3 files, skipped 362
[FH] NTAP: wrote 3 files, skipped 362
[FH] NTAP: wrote 2 files, skipped 363
[FH] NTAP: wrote 2 files, skipped 363
[FH] NTAP: wrote 3 files, skipped 362
[FH] NTAP: wrote 3 files, skipped 362
[FH] NTAP: wrote 2 files, skipped 363
[FH] NTAP: wrote 3 files, skipped 362
[FH] NTAP: wrote 5 files, skipped 360
[FH] NTAP: wrote 0 files, skipped 365
[FH] NTAP: wrote 0 files, skipped 365
[FH] NTAP: wrote 0 files, skipped 365
[FH] NTAP: wrote 0 files, skipped 365
[FH] NTAP: wrote 0 files, skipped 365
[FH] NTAP: wrote 0 files, skipped 365
[FH] NTAP: wrote 0 files, skipped 365
[FH] NTAP: wrote 1 files, skipped 364
[FH] NTAP: wrote 0 files, skipped 365
[FH] NTAP: wrote 0 files, skipped 365
[FH] NTAP: wrote 0 files, skipped 365
[FH] NTAP: wrote 0 files, skipped 365
[FH] NTAP: wrote 0 files, skipped 365
[FH] NTAP: wrote 0 files, skipped 365
[FH] NTAP: wrote 0 files, skipped 365
[FH] NTAP: wrote 0 files, skipped 365
[FH] NTAP: wrote 0 files, skipped 365
[FH] NTAP: wrote 1 files, skipped 364
[FH] NTAP: wrote 0 files, skipped 365
[FH] NTAP: wrote 0 files, skipped 365
[FH] NTAP: wrote 0 files, skipped 365
[FH] NTAP: wrote 0 files, skipped 365
[FH] NTAP: wrote 1 files, skipped 364
[FH] NTAP: wrote 0 files, skipped 365
[FH] NTAP: wrote 1 files, skipped 364
[FH] NTAP: wrote 0 files, skipped 365
[FH] NTAP: wrote 1 files, skipped 364
[FH] NTAP: wrote 0 files, skipped 365
[FH] NTAP: wrote 0 files, skipped 365
[FH] NTAP: wrote 0 files, skipped 365
[FH] NTAP: wrote 0 files, skipped 365
[FH] NTAP: wrote 0 files, skipped 365
[FH] NTAP: wrote 0 files, skipped 365
[FH] NTAP: wrote 0 files, skipped 365
[FH] NTAP: wrote 1 files, skipped 364
[FH] NTAP: wrote 0 files, skipped 365
[FH] NTAP: wrote 0 files, skipped 365
[FH] NTAP: wrote 0 files, skipped 365
[FH] NTAP: wrote 2 files, skipped 363
[FH] NTAP: wrote 1 files, skipped 364
[FH] NTAP: wrote 2 files, skipped 363
[FH] NTAP: wrote 2 files, skipped 363
[FH] NTAP: wrote 2 files, skipped 363
[FH] NTAP: wrote 2 files, skipped 363
[FH] NTAP: wrote 2 files, skipped 363
[FH] NTAP: wrote 2 files, skipped 363
[FH] NTAP: wrote 2 files, skipped 363
[FH] NTAP: wrote 2 files, skipped 363
[FH] NTAP: wrote 2 files, skipped 363
[FH] NTAP: wrote 2 files, skipped 363
[FH] NTAP: wrote 2 files, skipped 363
[FH] NTAP: wrote 2 files, skipped 363
[FH] NTAP: wrote 2 files, skipped 363
[FH] NTAP 2026-01-25 error: FinnhubAPIException(status_code: 502): JSON error message from Finnhub: <html>
<head><title>502 Bad Gateway</title></head>
<body>
<center><h1>502 Bad Gateway</h1></center>
<hr><center>nginx/1.18.0</center>
</body>
</html>

[FH] NTAP 2026-01-26 error: FinnhubAPIException(status_code: 502): JSON error message from Finnhub: <html>
<head><title>502 Bad Gateway</title></head>
<body>
<center><h1>502 Bad Gateway</h1></center>
<hr><center>nginx/1.18.0</center>
</body>
</html>

[FH] NTAP: wrote 2 files, skipped 363
[FH] NTAP: wrote 0 files, skipped 365
[FH] NTAP: wrote 2 files, skipped 363
[FH] NTAP: wrote 2 files, skipped 363
[FH] NTAP: wrote 2 files, skipped 363
[FH] NTAP: wrote 2 files, skipped 363
[FH] NTAP: wrote 1 files, skipped 364
[FH] NTAP: wrote 2 files, skipped 363
[FH] NTAP: wrote 3 files, skipped 362
[FH] NTAP: wrote 1 files, skipped 364
[FH] NTAP: wrote 2 files, skipped 363
[FH] NTAP: wrote 2 files, skipped 363
[FH] NTAP: wrote 2 files, skipped 363
[FH] NTAP: wrote 2 files, skipped 363
[FH] NTAP: wrote 2 files, skipped 363
