[FH] MTD: wrote 2 files, skipped 363
[FH] MTD: wrote 0 files, skipped 365
[FH] MTD: wrote 0 files, skipped 365
[FH] MTD: wrote 0 files, skipped 365
[FH] MTD: wrote 0 files, skipped 365
[FH] MTD: wrote 0 files, skipped 365
[FH] MTD: wrote 0 files, skipped 365
[FH] MTD: wrote 0 files, skipped 365
[FH] MTD: wrote 0 files, skipped 365
[FH] MTD: wrote 0 files, skipped 365
[FH] MTD: wrote 1 files, skipped 364
[FH] MTD: wrote 0 files, skipped 365
[FH] MTD: wrote 0 files, skipped 365
[FH] MTD: wrote 1 files, skipped 364
[FH] MTD: wrote 2 files, skipped 363
[FH] MTD: wrote 2 files, skipped 363
[FH] MTD: wrote 1 files, skipped 364
[FH] MTD: wrote 0 files, skipped 365
[FH] MTD: wrote 0 files, skipped 365
[FH] MTD: wrote 0 files, skipped 365
[FH] MTD: wrote 0 files, skipped 365
[FH] MTD: wrote 0 files, skipped 365
[FH] MTD: wrote 2 files, skipped 363
[FH] MTD: wrote 2 files, skipped 363
[FH] MTD: wrote 2 files, skipped 363
[FH] MTD: wrote 1 files, skipped 364
[FH] MTD: wrote 0 files, skipped 365
[FH] MTD: wrote 0 files, skipped 365
[FH] MTD: wrote 0 files, skipped 365
[FH] MTD: wrote 0 files, skipped 365
[FH] MTD: wrote 0 files, skipped 365
[FH] MTD: wrote 2 files, skipped 363
[FH] MTD 2025-11-23 rate-limited: FinnhubAPIException(status_code: 429): API limit reached. Please try again later. Remaining Limit: 0
[FH] MTD 2025-11-23 rate-limited: FinnhubAPIException(status_code: 429): API limit reached. Please try again later. Remaining Limit: 0
[FH] MTD 2025-11-23 rate-limited: FinnhubAPIException(status_code: 429): API limit reached. Please try again later. Remaining Limit: 0
[FH] MTD 2025-11-23 rate-limited: FinnhubAPIException(status_code: 429): API limit reached. Please try again later. Remaining Limit: 0
[FH] MTD 2025-11-23 rate-limited: FinnhubAPIException(status_code: 429): API limit reached. Please try again later. Remaining Limit: 0
[FH] MTD 2025-11-24 rate-limited: FinnhubAPIException(status_code: 429): API limit reached. Please try again later. Remaining Limit: 0
[FH] MTD 2025-11-24 rate-limited: FinnhubAPIException(status_code: 429): API limit reached. Please try again later. Remaining Limit: 0
[FH] MTD 2025-11-24 rate-limited: FinnhubAPIException(status_code: 429): API limit reached. Please try again later. Remaining Limit: 0
[FH] MTD 2025-11-24 rate-limited: FinnhubAPIException(status_code: 429): API limit reached. Please try again later. Remaining Limit: 0
[FH] MTD 2025-11-24 rate-limited: FinnhubAPIException(status_code: 429): API limit reached. Please try again later. Remaining Limit: 0
[FH] MTD: wrote 3 files, skipped 362
[FH] MTD 2025-11-26 rate-limited: FinnhubAPIException(status_code: 429): API limit reached. Please try again later. Remaining Limit: 0
[FH] MTD 2025-11-26 rate-limited: FinnhubAPIException(status_code: 429): API limit reached. Please try again later. Remaining Limit: 0
[FH] MTD 2025-11-26 rate-limited: FinnhubAPIException(status_code: 429): API limit reached. Please try again later. Remaining Limit: 0
[FH] MTD 2025-11-26 rate-limited: FinnhubAPIException(status_code: 429): API limit reached. Please try again later. Remaining Limit: 0
[FH] MTD 2025-11-26 rate-limited: FinnhubAPIException(status_code: 429): API limit reached. Please try again later. Remaining Limit: 0
[FH] MTD 2025-11-27 rate-limited: FinnhubAPIException(status_code: 429): API limit reached. Please try again later. Remaining Limit: 0
[FH] MTD 2025-11-27 rate-limited: FinnhubAPIException(status_code: 429): API limit reached. Please try again later. Remaining Limit: 0
[FH] MTD 2025-11-27 rate-limited: FinnhubAPIException(status_code: 429): API limit reached. Please try again later. Remaining Limit: 0
[FH] MTD 2025-11-27 rate-limited: FinnhubAPIException(status_code: 429): API limit reached. Please try again later. Remaining Limit: 0
[FH] MTD 2025-11-27 rate-limited: FinnhubAPIException(status_code: 429): API limit reached. Please try again later. Remaining Limit: 0
[FH] MTD: wrote 3 files, skipped 362
[FH] MTD: wrote 3 files, skipped 362
[FH] MTD: wrote 2 files, skipped 363
[FH] MTD: wrote 2 files, skipped 363
[FH] MTD: wrote 3 files, skipped 362
[FH] MTD 2025-12-08 rate-limited: FinnhubAPIException(status_code: 429): API limit reached. Please try again later. Remaining Limit: 0
[FH] MTD 2025-12-08 rate-limited: FinnhubAPIException(status_code: 429): API limit reached. Please try again later. Remaining Limit: 0
[FH] MTD 2025-12-08 rate-limited: FinnhubAPIException(status_code: 429): API limit reached. Please try again later. Remaining Limit: 0
[FH] MTD 2025-12-08 rate-limited: FinnhubAPIException(status_code: 429): API limit reached. Please try again later. Remaining Limit: 0
[FH] MTD 2025-12-08 rate-limited: FinnhubAPIException(status_code: 429): API limit reached. Please try again later. Remaining Limit: 0
[FH] MTD 2025-12-09 rate-limited: FinnhubAPIException(status_code: 429): API limit reached. Please try again later. Remaining Limit: 0
[FH] MTD 2025-12-09 rate-limited: FinnhubAPIException(status_code: 429): API limit reached. Please try again later. Remaining Limit: 0
[FH] MTD 2025-12-09 rate-limited: FinnhubAPIException(status_code: 429): API limit reached. Please try again later. Remaining Limit: 0
[FH] MTD 2025-12-09 rate-limited: FinnhubAPIException(status_code: 429): API limit reached. Please try again later. Remaining Limit: 0
[FH] MTD 2025-12-09 rate-limited: FinnhubAPIException(status_code: 429): API limit reached. Please try again later. Remaining Limit: 0
[FH] MTD: wrote 3 files, skipped 362
[FH] MTD: wrote 2 files, skipped 363
[FH] MTD: wrote 3 files, skipped 362
[FH] MTD: wrote 5 files, skipped 360
[FH] MTD: wrote 0 files, skipped 365
[FH] MTD: wrote 0 files, skipped 365
[FH] MTD: wrote 0 files, skipped 365
[FH] MTD: wrote 0 files, skipped 365
[FH] MTD: wrote 0 files, skipped 365
[FH] MTD: wrote 0 files, skipped 365
[FH] MTD: wrote 0 files, skipped 365
[FH] MTD: wrote 1 files, skipped 364
[FH] MTD: wrote 0 files, skipped 365
[FH] MTD: wrote 0 files, skipped 365
[FH] MTD: wrote 0 files, skipped 365
[FH] MTD: wrote 0 files, skipped 365
[FH] MTD: wrote 0 files, skipped 365
[FH] MTD: wrote 0 files, skipped 365
[FH] MTD: wrote 0 files, skipped 365
[FH] MTD: wrote 0 files, skipped 365
[FH] MTD: wrote 0 files, skipped 365
[FH] MTD: wrote 1 files, skipped 364
[FH] MTD: wrote 0 files, skipped 365
[FH] MTD: wrote 0 files, skipped 365
[FH] MTD: wrote 0 files, skipped 365
[FH] MTD: wrote 0 files, skipped 365
[FH] MTD: wrote 1 files, skipped 364
[FH] MTD: wrote 0 files, skipped 365
[FH] MTD: wrote 1 files, skipped 364
[FH] MTD: wrote 0 files, skipped 365
[FH] MTD: wrote 1 files, skipped 364
[FH] MTD: wrote 0 files, skipped 365
[FH] MTD: wrote 0 files, skipped 365
[FH] MTD: wrote 0 files, skipped 365
[FH] MTD: wrote 0 files, skipped 365
[FH] MTD: wrote 0 files, skipped 365
[FH] MTD: wrote 0 files, skipped 365
[FH] MTD: wrote 0 files, skipped 365
[FH] MTD: wrote 1 files, skipped 364
[FH] MTD: wrote 0 files, skipped 365
[FH] MTD: wrote 0 files, skipped 365
[FH] MTD: wrote 0 files, skipped 365
[FH] MTD: wrote 2 files, skipped 363
[FH] MTD: wrote 1 files, skipped 364
[FH] MTD: wrote 2 files, skipped 363
[FH] MTD: wrote 2 files, skipped 363
[FH] MTD: wrote 2 files, skipped 363
[FH] MTD: wrote 2 files, skipped 363
[FH] MTD: wrote 2 files, skipped 363
[FH] MTD: wrote 2 files, skipped 363
[FH] MTD: wrote 2 files, skipped 363
[FH] MTD: wrote 2 files, skipped 363
[FH] MTD: wrote 2 files, skipped 363
[FH] MTD: wrote 2 files, skipped 363
[FH] MTD: wrote 2 files, skipped 363
[FH] MTD: wrote 2 files, skipped 363
[FH] MTD: wrote 2 files, skipped 363
[FH] MTD 2026-01-25 error: FinnhubAPIException(status_code: 502): JSON error message from Finnhub: <html>
<head><title>502 Bad Gateway</title></head>
<body>
<center><h1>502 Bad Gateway</h1></center>
<hr><center>nginx/1.18.0</center>
</body>
</html>

[FH] MTD 2026-01-26 error: FinnhubAPIException(status_code: 502): JSON error message from Finnhub: <html>
<head><title>502 Bad Gateway</title></head>
<body>
<center><h1>502 Bad Gateway</h1></center>
<hr><center>nginx/1.18.0</center>
</body>
</html>

[FH] MTD: wrote 2 files, skipped 363
[FH] MTD: wrote 0 files, skipped 365
