[FH] LW: wrote 2 files, skipped 363
[FH] LW: wrote 0 files, skipped 365
[FH] LW: wrote 0 files, skipped 365
[FH] LW: wrote 0 files, skipped 365
[FH] LW: wrote 0 files, skipped 365
[FH] LW: wrote 0 files, skipped 365
[FH] LW: wrote 0 files, skipped 365
[FH] LW: wrote 0 files, skipped 365
[FH] LW: wrote 0 files, skipped 365
[FH] LW: wrote 0 files, skipped 365
[FH] LW: wrote 1 files, skipped 364
[FH] LW: wrote 0 files, skipped 365
[FH] LW: wrote 0 files, skipped 365
[FH] LW: wrote 1 files, skipped 364
[FH] LW: wrote 2 files, skipped 363
[FH] LW: wrote 2 files, skipped 363
[FH] LW: wrote 1 files, skipped 364
[FH] LW: wrote 0 files, skipped 365
[FH] LW: wrote 0 files, skipped 365
[FH] LW: wrote 0 files, skipped 365
[FH] LW: wrote 0 files, skipped 365
[FH] LW: wrote 0 files, skipped 365
[FH] LW: wrote 2 files, skipped 363
[FH] LW: wrote 2 files, skipped 363
[FH] LW: wrote 2 files, skipped 363
[FH] LW: wrote 1 files, skipped 364
[FH] LW: wrote 0 files, skipped 365
[FH] LW: wrote 0 files, skipped 365
[FH] LW: wrote 0 files, skipped 365
[FH] LW: wrote 0 files, skipped 365
[FH] LW: wrote 0 files, skipped 365
[FH] LW: wrote 2 files, skipped 363
[FH] LW: wrote 3 files, skipped 362
[FH] LW: wrote 3 files, skipped 362
[FH] LW: wrote 3 files, skipped 362
[FH] LW: wrote 2 files, skipped 363
[FH] LW: wrote 2 files, skipped 363
[FH] LW: wrote 3 files, skipped 362
[FH] LW: wrote 3 files, skipped 362
[FH] LW: wrote 2 files, skipped 363
[FH] LW: wrote 3 files, skipped 362
[FH] LW 2025-12-18 rate-limited: FinnhubAPIException(status_code: 429): API limit reached. Please try again later. Remaining Limit: 0
[FH] LW 2025-12-18 rate-limited: FinnhubAPIException(status_code: 429): API limit reached. Please try again later. Remaining Limit: 0
[FH] LW 2025-12-18 rate-limited: FinnhubAPIException(status_code: 429): API limit reached. Please try again later. Remaining Limit: 0
[FH] LW 2025-12-18 rate-limited: FinnhubAPIException(status_code: 429): API limit reached. Please try again later. Remaining Limit: 0
[FH] LW 2025-12-18 rate-limited: FinnhubAPIException(status_code: 429): API limit reached. Please try again later. Remaining Limit: 0
[FH] LW: wrote 3 files, skipped 362
[FH] LW: wrote 0 files, skipped 365
[FH] LW: wrote 0 files, skipped 365
[FH] LW: wrote 0 files, skipped 365
[FH] LW: wrote 0 files, skipped 365
[FH] LW: wrote 0 files, skipped 365
[FH] LW: wrote 0 files, skipped 365
[FH] LW: wrote 0 files, skipped 365
[FH] LW: wrote 1 files, skipped 364
[FH] LW: wrote 0 files, skipped 365
[FH] LW: wrote 0 files, skipped 365
[FH] LW: wrote 0 files, skipped 365
[FH] LW: wrote 0 files, skipped 365
[FH] LW: wrote 0 files, skipped 365
[FH] LW: wrote 0 files, skipped 365
[FH] LW: wrote 0 files, skipped 365
[FH] LW: wrote 0 files, skipped 365
[FH] LW: wrote 0 files, skipped 365
[FH] LW: wrote 1 files, skipped 364
[FH] LW: wrote 0 files, skipped 365
[FH] LW: wrote 0 files, skipped 365
[FH] LW: wrote 0 files, skipped 365
[FH] LW: wrote 0 files, skipped 365
[FH] LW: wrote 1 files, skipped 364
[FH] LW: wrote 0 files, skipped 365
[FH] LW: wrote 1 files, skipped 364
[FH] LW: wrote 0 files, skipped 365
[FH] LW: wrote 1 files, skipped 364
[FH] LW: wrote 0 files, skipped 365
[FH] LW: wrote 0 files, skipped 365
[FH] LW: wrote 0 files, skipped 365
[FH] LW: wrote 0 files, skipped 365
[FH] LW: wrote 0 files, skipped 365
[FH] LW: wrote 0 files, skipped 365
[FH] LW: wrote 0 files, skipped 365
[FH] LW: wrote 1 files, skipped 364
[FH] LW: wrote 0 files, skipped 365
[FH] LW: wrote 0 files, skipped 365
[FH] LW: wrote 0 files, skipped 365
[FH] LW: wrote 2 files, skipped 363
[FH] LW: wrote 1 files, skipped 364
[FH] LW: wrote 2 files, skipped 363
[FH] LW: wrote 2 files, skipped 363
[FH] LW: wrote 2 files, skipped 363
[FH] LW: wrote 2 files, skipped 363
[FH] LW: wrote 2 files, skipped 363
[FH] LW: wrote 2 files, skipped 363
[FH] LW: wrote 2 files, skipped 363
[FH] LW: wrote 2 files, skipped 363
[FH] LW: wrote 2 files, skipped 363
[FH] LW: wrote 2 files, skipped 363
[FH] LW: wrote 2 files, skipped 363
[FH] LW 2026-01-21 error: FinnhubAPIException(status_code: 502): JSON error message from Finnhub: <html>
<head><title>502 Bad Gateway</title></head>
<body>
<center><h1>502 Bad Gateway</h1></center>
<hr><center>nginx/1.18.0</center>
</body>
</html>

[FH] LW 2026-01-22 error: FinnhubAPIException(status_code: 502): JSON error message from Finnhub: <html>
<head><title>502 Bad Gateway</title></head>
<body>
<center><h1>502 Bad Gateway</h1></center>
<hr><center>nginx/1.18.0</center>
</body>
</html>

[FH] LW: wrote 2 files, skipped 363
[FH] LW: wrote 2 files, skipped 363
[FH] LW: wrote 2 files, skipped 363
