[FH] ETN 2025-11-04 rate-limited: FinnhubAPIException(status_code: 429): API limit reached. Please try again later. Remaining Limit: 0
[FH] ETN 2025-11-04 rate-limited: FinnhubAPIException(status_code: 429): API limit reached. Please try again later. Remaining Limit: 0
[FH] ETN 2025-11-04 rate-limited: FinnhubAPIException(status_code: 429): API limit reached. Please try again later. Remaining Limit: 0
[FH] ETN 2025-11-04 rate-limited: FinnhubAPIException(status_code: 429): API limit reached. Please try again later. Remaining Limit: 0
[FH] ETN 2025-11-04 rate-limited: FinnhubAPIException(status_code: 429): API limit reached. Please try again later. Remaining Limit: 0
[FH] ETN 2025-11-05 rate-limited: FinnhubAPIException(status_code: 429): API limit reached. Please try again later. Remaining Limit: 0
[FH] ETN 2025-11-05 rate-limited: FinnhubAPIException(status_code: 429): API limit reached. Please try again later. Remaining Limit: 0
[FH] ETN 2025-11-05 rate-limited: FinnhubAPIException(status_code: 429): API limit reached. Please try again later. Remaining Limit: 0
[FH] ETN 2025-11-05 rate-limited: FinnhubAPIException(status_code: 429): API limit reached. Please try again later. Remaining Limit: 0
[FH] ETN 2025-11-05 rate-limited: FinnhubAPIException(status_code: 429): API limit reached. Please try again later. Remaining Limit: 0
[FH] ETN: wrote 3 files, skipped 362
[FH] ETN: wrote 0 files, skipped 365
[FH] ETN: wrote 0 files, skipped 365
[FH] ETN: wrote 0 files, skipped 365
[FH] ETN: wrote 0 files, skipped 365
[FH] ETN: wrote 0 files, skipped 365
[FH] ETN: wrote 0 files, skipped 365
[FH] ETN: wrote 0 files, skipped 365
[FH] ETN: wrote 0 files, skipped 365
[FH] ETN: wrote 0 files, skipped 365
[FH] ETN: wrote 1 files, skipped 364
[FH] ETN: wrote 0 files, skipped 365
[FH] ETN: wrote 0 files, skipped 365
[FH] ETN: wrote 1 files, skipped 364
[FH] ETN: wrote 2 files, skipped 363
[FH] ETN: wrote 2 files, skipped 363
[FH] ETN: wrote 1 files, skipped 364
[FH] ETN: wrote 0 files, skipped 365
[FH] ETN: wrote 0 files, skipped 365
[FH] ETN: wrote 0 files, skipped 365
[FH] ETN: wrote 0 files, skipped 365
[FH] ETN: wrote 0 files, skipped 365
[FH] ETN: wrote 2 files, skipped 363
[FH] ETN: wrote 2 files, skipped 363
[FH] ETN: wrote 2 files, skipped 363
[FH] ETN: wrote 1 files, skipped 364
[FH] ETN: wrote 0 files, skipped 365
[FH] ETN: wrote 0 files, skipped 365
[FH] ETN: wrote 0 files, skipped 365
[FH] ETN: wrote 0 files, skipped 365
[FH] ETN: wrote 0 files, skipped 365
[FH] ETN: wrote 2 files, skipped 363
[FH] ETN: wrote 3 files, skipped 362
[FH] ETN: wrote 3 files, skipped 362
[FH] ETN: wrote 3 files, skipped 362
[FH] ETN: wrote 2 files, skipped 363
[FH] ETN: wrote 2 files, skipped 363
[FH] ETN: wrote 3 files, skipped 362
[FH] ETN: wrote 3 files, skipped 362
[FH] ETN: wrote 2 files, skipped 363
[FH] ETN: wrote 3 files, skipped 362
[FH] ETN: wrote 4 files, skipped 361
[FH] ETN: wrote 1 files, skipped 364
[FH] ETN: wrote 0 files, skipped 365
[FH] ETN: wrote 0 files, skipped 365
[FH] ETN: wrote 0 files, skipped 365
[FH] ETN: wrote 0 files, skipped 365
[FH] ETN: wrote 0 files, skipped 365
[FH] ETN: wrote 0 files, skipped 365
[FH] ETN: wrote 0 files, skipped 365
[FH] ETN: wrote 1 files, skipped 364
[FH] ETN: wrote 0 files, skipped 365
[FH] ETN: wrote 0 files, skipped 365
[FH] ETN: wrote 0 files, skipped 365
[FH] ETN: wrote 0 files, skipped 365
[FH] ETN: wrote 0 files, skipped 365
[FH] ETN: wrote 0 files, skipped 365
[FH] ETN: wrote 0 files, skipped 365
[FH] ETN: wrote 0 files, skipped 365
[FH] ETN: wrote 0 files, skipped 365
[FH] ETN: wrote 1 files, skipped 364
[FH] ETN: wrote 0 files, skipped 365
[FH] ETN: wrote 0 files, skipped 365
[FH] ETN: wrote 0 files, skipped 365
[FH] ETN: wrote 0 files, skipped 365
[FH] ETN: wrote 1 files, skipped 364
[FH] ETN: wrote 0 files, skipped 365
[FH] ETN: wrote 1 files, skipped 364
[FH] ETN: wrote 0 files, skipped 365
[FH] ETN: wrote 1 files, skipped 364
[FH] ETN: wrote 0 files, skipped 365
[FH] ETN: wrote 0 files, skipped 365
[FH] ETN: wrote 0 files, skipped 365
[FH] ETN: wrote 0 files, skipped 365
[FH] ETN: wrote 0 files, skipped 365
[FH] ETN: wrote 0 files, skipped 365
[FH] ETN: wrote 0 files, skipped 365
[FH] ETN: wrote 1 files, skipped 364
[FH] ETN: wrote 0 files, skipped 365
[FH] ETN: wrote 0 files, skipped 365
[FH] ETN: wrote 0 files, skipped 365
[FH] ETN: wrote 2 files, skipped 363
[FH] ETN: wrote 1 files, skipped 364
[FH] ETN: wrote 2 files, skipped 363
[FH] ETN: wrote 2 files, skipped 363
[FH] ETN: wrote 2 files, skipped 363
[FH] ETN: wrote 2 files, skipped 363
[FH] ETN: wrote 2 files, skipped 363
[FH] ETN: wrote 2 files, skipped 363
[FH] ETN: wrote 2 files, skipped 363
[FH] ETN: wrote 2 files, skipped 363
[FH] ETN: wrote 2 files, skipped 363
[FH] ETN: wrote 2 files, skipped 363
[FH] ETN: wrote 2 files, skipped 363
[FH] ETN: wrote 2 files, skipped 363
[FH] ETN: wrote 2 files, skipped 363
[FH] ETN: wrote 2 files, skipped 363
[FH] ETN: wrote 0 files, skipped 365
[FH] ETN: wrote 2 files, skipped 363
[FH] ETN: wrote 2 files, skipped 363
[FH] ETN: wrote 2 files, skipped 363
[FH] ETN: wrote 2 files, skipped 363
[FH] ETN: wrote 1 files, skipped 364
[FH] ETN: wrote 2 files, skipped 363
[FH] ETN: wrote 3 files, skipped 362
[FH] ETN: wrote 1 files, skipped 364
[FH] ETN: wrote 2 files, skipped 363
[FH] ETN: wrote 2 files, skipped 363
[FH] ETN: wrote 2 files, skipped 363
[FH] ETN: wrote 2 files, skipped 363
[FH] ETN: wrote 2 files, skipped 363
[FH] ETN: wrote 3 files, skipped 362
[FH] ETN: wrote 2 files, skipped 363
[FH] ETN: wrote 2 files, skipped 363
[FH] ETN: wrote 2 files, skipped 363
[FH] ETN: wrote 2 files, skipped 363
[FH] ETN: wrote 2 files, skipped 363
[FH] ETN: wrote 2 files, skipped 363
[FH] ETN: wrote 2 files, skipped 363
[FH] ETN 2026-03-10 error: FinnhubAPIException(status_code: 502): JSON error message from Finnhub: <html>
<head><title>502 Bad Gateway</title></head>
<body>
<center><h1>502 Bad Gateway</h1></center>
<hr><center>nginx/1.18.0</center>
</body>
</html>

[FH] ETN 2026-03-11 error: FinnhubAPIException(status_code: 502): JSON error message from Finnhub: <html>
<head><title>502 Bad Gateway</title></head>
<body>
<center><h1>502 Bad Gateway</h1></center>
<hr><center>nginx/1.18.0</center>
</body>
</html>

[FH] ETN: wrote 2 files, skipped 363
[FH] ETN: wrote 2 files, skipped 363
[FH] ETN: wrote 2 files, skipped 363
[FH] ETN: wrote 1 files, skipped 364
[FH] ETN: wrote 1 files, skipped 364
[FH] ETN: wrote 2 files, skipped 363
[FH] ETN: wrote 1 files, skipped 364
[FH] ETN: wrote 2 files, skipped 363
[FH] ETN: wrote 2 files, skipped 363
[FH] ETN: wrote 2 files, skipped 363
[FH] ETN: wrote 2 files, skipped 363
[FH] ETN: wrote 2 files, skipped 363
[FH] ETN: wrote 2 files, skipped 363
[FH] ETN: wrote 2 files, skipped 363
[FH] ETN: wrote 2 files, skipped 363
[FH] ETN: wrote 2 files, skipped 363
[FH] ETN: wrote 2 files, skipped 363
[FH] ETN: wrote 2 files, skipped 363
