[FH] LKQ: wrote 2 files, skipped 363
[FH] LKQ: wrote 0 files, skipped 365
[FH] LKQ: wrote 0 files, skipped 365
[FH] LKQ: wrote 0 files, skipped 365
[FH] LKQ: wrote 0 files, skipped 365
[FH] LKQ: wrote 0 files, skipped 365
[FH] LKQ: wrote 0 files, skipped 365
[FH] LKQ: wrote 0 files, skipped 365
[FH] LKQ: wrote 0 files, skipped 365
[FH] LKQ: wrote 0 files, skipped 365
[FH] LKQ: wrote 1 files, skipped 364
[FH] LKQ: wrote 0 files, skipped 365
[FH] LKQ: wrote 0 files, skipped 365
[FH] LKQ: wrote 1 files, skipped 364
[FH] LKQ: wrote 2 files, skipped 363
[FH] LKQ: wrote 2 files, skipped 363
[FH] LKQ: wrote 1 files, skipped 364
[FH] LKQ: wrote 0 files, skipped 365
[FH] LKQ: wrote 0 files, skipped 365
[FH] LKQ: wrote 0 files, skipped 365
[FH] LKQ: wrote 0 files, skipped 365
[FH] LKQ: wrote 0 files, skipped 365
[FH] LKQ: wrote 2 files, skipped 363
[FH] LKQ: wrote 2 files, skipped 363
[FH] LKQ: wrote 2 files, skipped 363
[FH] LKQ: wrote 1 files, skipped 364
[FH] LKQ: wrote 0 files, skipped 365
[FH] LKQ: wrote 0 files, skipped 365
[FH] LKQ: wrote 0 files, skipped 365
[FH] LKQ: wrote 0 files, skipped 365
[FH] LKQ: wrote 0 files, skipped 365
[FH] LKQ: wrote 2 files, skipped 363
[FH] LKQ: wrote 3 files, skipped 362
[FH] LKQ: wrote 3 files, skipped 362
[FH] LKQ: wrote 3 files, skipped 362
[FH] LKQ: wrote 2 files, skipped 363
[FH] LKQ: wrote 2 files, skipped 363
[FH] LKQ: wrote 3 files, skipped 362
[FH] LKQ: wrote 3 files, skipped 362
[FH] LKQ: wrote 2 files, skipped 363
[FH] LKQ 2025-12-14 rate-limited: FinnhubAPIException(status_code: 429): API limit reached. Please try again later. Remaining Limit: 0
[FH] LKQ 2025-12-14 rate-limited: FinnhubAPIException(status_code: 429): API limit reached. Please try again later. Remaining Limit: 0
[FH] LKQ 2025-12-14 rate-limited: FinnhubAPIException(status_code: 429): API limit reached. Please try again later. Remaining Limit: 0
[FH] LKQ 2025-12-14 rate-limited: FinnhubAPIException(status_code: 429): API limit reached. Please try again later. Remaining Limit: 0
[FH] LKQ 2025-12-14 rate-limited: FinnhubAPIException(status_code: 429): API limit reached. Please try again later. Remaining Limit: 0
[FH] LKQ 2025-12-15 rate-limited: FinnhubAPIException(status_code: 429): API limit reached. Please try again later. Remaining Limit: 0
[FH] LKQ 2025-12-15 rate-limited: FinnhubAPIException(status_code: 429): API limit reached. Please try again later. Remaining Limit: 0
[FH] LKQ 2025-12-15 rate-limited: FinnhubAPIException(status_code: 429): API limit reached. Please try again later. Remaining Limit: 0
[FH] LKQ 2025-12-15 rate-limited: FinnhubAPIException(status_code: 429): API limit reached. Please try again later. Remaining Limit: 0
[FH] LKQ: wrote 3 files, skipped 362
[FH] LKQ: wrote 4 files, skipped 361
[FH] LKQ: wrote 1 files, skipped 364
[FH] LKQ: wrote 0 files, skipped 365
[FH] LKQ: wrote 0 files, skipped 365
[FH] LKQ: wrote 0 files, skipped 365
[FH] LKQ: wrote 0 files, skipped 365
[FH] LKQ: wrote 0 files, skipped 365
[FH] LKQ: wrote 0 files, skipped 365
[FH] LKQ: wrote 0 files, skipped 365
[FH] LKQ: wrote 1 files, skipped 364
[FH] LKQ: wrote 0 files, skipped 365
[FH] LKQ: wrote 0 files, skipped 365
[FH] LKQ: wrote 0 files, skipped 365
[FH] LKQ: wrote 0 files, skipped 365
[FH] LKQ: wrote 0 files, skipped 365
[FH] LKQ: wrote 0 files, skipped 365
[FH] LKQ: wrote 0 files, skipped 365
[FH] LKQ: wrote 0 files, skipped 365
[FH] LKQ: wrote 0 files, skipped 365
[FH] LKQ: wrote 1 files, skipped 364
[FH] LKQ: wrote 0 files, skipped 365
[FH] LKQ: wrote 0 files, skipped 365
[FH] LKQ: wrote 0 files, skipped 365
[FH] LKQ: wrote 0 files, skipped 365
[FH] LKQ: wrote 1 files, skipped 364
[FH] LKQ: wrote 0 files, skipped 365
[FH] LKQ: wrote 1 files, skipped 364
[FH] LKQ: wrote 0 files, skipped 365
[FH] LKQ: wrote 1 files, skipped 364
[FH] LKQ: wrote 0 files, skipped 365
[FH] LKQ: wrote 0 files, skipped 365
[FH] LKQ: wrote 0 files, skipped 365
[FH] LKQ: wrote 0 files, skipped 365
[FH] LKQ: wrote 0 files, skipped 365
[FH] LKQ: wrote 0 files, skipped 365
[FH] LKQ: wrote 0 files, skipped 365
[FH] LKQ: wrote 1 files, skipped 364
[FH] LKQ: wrote 0 files, skipped 365
[FH] LKQ: wrote 0 files, skipped 365
[FH] LKQ: wrote 0 files, skipped 365
[FH] LKQ: wrote 2 files, skipped 363
[FH] LKQ: wrote 1 files, skipped 364
[FH] LKQ: wrote 2 files, skipped 363
[FH] LKQ: wrote 2 files, skipped 363
[FH] LKQ: wrote 2 files, skipped 363
[FH] LKQ: wrote 2 files, skipped 363
[FH] LKQ: wrote 2 files, skipped 363
[FH] LKQ: wrote 2 files, skipped 363
[FH] LKQ: wrote 2 files, skipped 363
[FH] LKQ: wrote 2 files, skipped 363
[FH] LKQ: wrote 2 files, skipped 363
[FH] LKQ: wrote 2 files, skipped 363
[FH] LKQ: wrote 2 files, skipped 363
[FH] LKQ 2026-01-21 error: FinnhubAPIException(status_code: 502): JSON error message from Finnhub: <html>
<head><title>502 Bad Gateway</title></head>
<body>
<center><h1>502 Bad Gateway</h1></center>
<hr><center>nginx/1.18.0</center>
</body>
</html>

[FH] LKQ 2026-01-22 error: FinnhubAPIException(status_code: 502): JSON error message from Finnhub: <html>
<head><title>502 Bad Gateway</title></head>
<body>
<center><h1>502 Bad Gateway</h1></center>
<hr><center>nginx/1.18.0</center>
</body>
</html>

[FH] LKQ: wrote 2 files, skipped 363
[FH] LKQ: wrote 2 files, skipped 363
[FH] LKQ: wrote 2 files, skipped 363
[FH] LKQ: wrote 0 files, skipped 365
[FH] LKQ: wrote 2 files, skipped 363
[FH] LKQ: wrote 2 files, skipped 363
[FH] LKQ: wrote 2 files, skipped 363
[FH] LKQ: wrote 2 files, skipped 363
[FH] LKQ: wrote 1 files, skipped 364
[FH] LKQ: wrote 2 files, skipped 363
[FH] LKQ 2026-02-07 rate-limited: FinnhubAPIException(status_code: 429): API limit reached. Please try again later. Remaining Limit: 0
[FH] LKQ 2026-02-07 rate-limited: FinnhubAPIException(status_code: 429): API limit reached. Please try again later. Remaining Limit: 0
[FH] LKQ 2026-02-07 rate-limited: FinnhubAPIException(status_code: 429): API limit reached. Please try again later. Remaining Limit: 0
[FH] LKQ 2026-02-07 rate-limited: FinnhubAPIException(status_code: 429): API limit reached. Please try again later. Remaining Limit: 0
[FH] LKQ 2026-02-07 rate-limited: FinnhubAPIException(status_code: 429): API limit reached. Please try again later. Remaining Limit: 0
[FH] LKQ 2026-02-08 rate-limited: FinnhubAPIException(status_code: 429): API limit reached. Please try again later. Remaining Limit: 0
[FH] LKQ 2026-02-08 rate-limited: FinnhubAPIException(status_code: 429): API limit reached. Please try again later. Remaining Limit: 0
[FH] LKQ 2026-02-08 rate-limited: FinnhubAPIException(status_code: 429): API limit reached. Please try again later. Remaining Limit: 0
[FH] LKQ 2026-02-08 rate-limited: FinnhubAPIException(status_code: 429): API limit reached. Please try again later. Remaining Limit: 0
[FH] LKQ: wrote 3 files, skipped 362
[FH] LKQ: wrote 1 files, skipped 364
[FH] LKQ: wrote 2 files, skipped 363
[FH] LKQ: wrote 2 files, skipped 363
[FH] LKQ: wrote 2 files, skipped 363
[FH] LKQ: wrote 2 files, skipped 363
