[FH] CZR: wrote 3 files, skipped 362
[FH] CZR: wrote 0 files, skipped 365
[FH] CZR: wrote 0 files, skipped 365
[FH] CZR: wrote 0 files, skipped 365
[FH] CZR: wrote 0 files, skipped 365
[FH] CZR: wrote 0 files, skipped 365
[FH] CZR: wrote 0 files, skipped 365
[FH] CZR: wrote 0 files, skipped 365
[FH] CZR: wrote 0 files, skipped 365
[FH] CZR: wrote 0 files, skipped 365
[FH] CZR: wrote 1 files, skipped 364
[FH] CZR: wrote 0 files, skipped 365
[FH] CZR: wrote 0 files, skipped 365
[FH] CZR: wrote 1 files, skipped 364
[FH] CZR: wrote 2 files, skipped 363
[FH] CZR: wrote 2 files, skipped 363
[FH] CZR: wrote 1 files, skipped 364
[FH] CZR: wrote 0 files, skipped 365
[FH] CZR: wrote 0 files, skipped 365
[FH] CZR: wrote 0 files, skipped 365
[FH] CZR: wrote 0 files, skipped 365
[FH] CZR: wrote 0 files, skipped 365
[FH] CZR: wrote 2 files, skipped 363
[FH] CZR: wrote 2 files, skipped 363
[FH] CZR: wrote 2 files, skipped 363
[FH] CZR: wrote 1 files, skipped 364
[FH] CZR: wrote 0 files, skipped 365
[FH] CZR: wrote 0 files, skipped 365
[FH] CZR: wrote 0 files, skipped 365
[FH] CZR: wrote 0 files, skipped 365
[FH] CZR: wrote 0 files, skipped 365
[FH] CZR: wrote 2 files, skipped 363
[FH] CZR 2025-11-22 rate-limited: FinnhubAPIException(status_code: 429): API limit reached. Please try again later. Remaining Limit: 0
[FH] CZR 2025-11-22 rate-limited: FinnhubAPIException(status_code: 429): API limit reached. Please try again later. Remaining Limit: 0
[FH] CZR 2025-11-22 rate-limited: FinnhubAPIException(status_code: 429): API limit reached. Please try again later. Remaining Limit: 0
[FH] CZR 2025-11-22 rate-limited: FinnhubAPIException(status_code: 429): API limit reached. Please try again later. Remaining Limit: 0
[FH] CZR 2025-11-22 rate-limited: FinnhubAPIException(status_code: 429): API limit reached. Please try again later. Remaining Limit: 0
[FH] CZR: wrote 3 files, skipped 362
[FH] CZR 2025-11-25 rate-limited: FinnhubAPIException(status_code: 429): API limit reached. Please try again later. Remaining Limit: 0
[FH] CZR 2025-11-25 rate-limited: FinnhubAPIException(status_code: 429): API limit reached. Please try again later. Remaining Limit: 0
[FH] CZR 2025-11-25 rate-limited: FinnhubAPIException(status_code: 429): API limit reached. Please try again later. Remaining Limit: 0
[FH] CZR 2025-11-25 rate-limited: FinnhubAPIException(status_code: 429): API limit reached. Please try again later. Remaining Limit: 0
[FH] CZR 2025-11-25 rate-limited: FinnhubAPIException(status_code: 429): API limit reached. Please try again later. Remaining Limit: 0
[FH] CZR: wrote 3 files, skipped 362
[FH] CZR: wrote 3 files, skipped 362
[FH] CZR: wrote 2 files, skipped 363
[FH] CZR: wrote 2 files, skipped 363
[FH] CZR: wrote 3 files, skipped 362
[FH] CZR 2025-12-08 rate-limited: FinnhubAPIException(status_code: 429): API limit reached. Please try again later. Remaining Limit: 0
[FH] CZR 2025-12-08 rate-limited: FinnhubAPIException(status_code: 429): API limit reached. Please try again later. Remaining Limit: 0
[FH] CZR 2025-12-08 rate-limited: FinnhubAPIException(status_code: 429): API limit reached. Please try again later. Remaining Limit: 0
[FH] CZR 2025-12-08 rate-limited: FinnhubAPIException(status_code: 429): API limit reached. Please try again later. Remaining Limit: 0
[FH] CZR 2025-12-08 rate-limited: FinnhubAPIException(status_code: 429): API limit reached. Please try again later. Remaining Limit: 0
[FH] CZR: wrote 3 files, skipped 362
[FH] CZR: wrote 2 files, skipped 363
[FH] CZR: wrote 3 files, skipped 362
[FH] CZR 2025-12-16 rate-limited: FinnhubAPIException(status_code: 429): API limit reached. Please try again later. Remaining Limit: 0
[FH] CZR 2025-12-16 rate-limited: FinnhubAPIException(status_code: 429): API limit reached. Please try again later. Remaining Limit: 0
[FH] CZR 2025-12-16 rate-limited: FinnhubAPIException(status_code: 429): API limit reached. Please try again later. Remaining Limit: 0
[FH] CZR 2025-12-16 rate-limited: FinnhubAPIException(status_code: 429): API limit reached. Please try again later. Remaining Limit: 0
[FH] CZR 2025-12-16 rate-limited: FinnhubAPIException(status_code: 429): API limit reached. Please try again later. Remaining Limit: 0
[FH] CZR 2025-12-17 rate-limited: FinnhubAPIException(status_code: 429): API limit reached. Please try again later. Remaining Limit: 0
[FH] CZR 2025-12-17 rate-limited: FinnhubAPIException(status_code: 429): API limit reached. Please try again later. Remaining Limit: 0
[FH] CZR 2025-12-17 rate-limited: FinnhubAPIException(status_code: 429): API limit reached. Please try again later. Remaining Limit: 0
[FH] CZR 2025-12-17 rate-limited: FinnhubAPIException(status_code: 429): API limit reached. Please try again later. Remaining Limit: 0
[FH] CZR 2025-12-17 rate-limited: FinnhubAPIException(status_code: 429): API limit reached. Please try again later. Remaining Limit: 0
[FH] CZR: wrote 4 files, skipped 361
[FH] CZR: wrote 1 files, skipped 364
[FH] CZR: wrote 0 files, skipped 365
[FH] CZR: wrote 0 files, skipped 365
[FH] CZR: wrote 0 files, skipped 365
[FH] CZR: wrote 0 files, skipped 365
[FH] CZR: wrote 0 files, skipped 365
[FH] CZR: wrote 0 files, skipped 365
[FH] CZR: wrote 0 files, skipped 365
[FH] CZR: wrote 1 files, skipped 364
[FH] CZR: wrote 0 files, skipped 365
[FH] CZR: wrote 0 files, skipped 365
[FH] CZR: wrote 0 files, skipped 365
[FH] CZR: wrote 0 files, skipped 365
[FH] CZR: wrote 0 files, skipped 365
[FH] CZR: wrote 0 files, skipped 365
[FH] CZR: wrote 0 files, skipped 365
[FH] CZR: wrote 0 files, skipped 365
[FH] CZR: wrote 0 files, skipped 365
[FH] CZR: wrote 1 files, skipped 364
[FH] CZR: wrote 0 files, skipped 365
[FH] CZR: wrote 0 files, skipped 365
[FH] CZR: wrote 0 files, skipped 365
[FH] CZR: wrote 0 files, skipped 365
[FH] CZR: wrote 1 files, skipped 364
[FH] CZR: wrote 0 files, skipped 365
[FH] CZR: wrote 1 files, skipped 364
[FH] CZR: wrote 0 files, skipped 365
[FH] CZR: wrote 1 files, skipped 364
[FH] CZR: wrote 0 files, skipped 365
[FH] CZR: wrote 0 files, skipped 365
[FH] CZR: wrote 0 files, skipped 365
[FH] CZR: wrote 0 files, skipped 365
[FH] CZR: wrote 0 files, skipped 365
[FH] CZR: wrote 0 files, skipped 365
[FH] CZR: wrote 0 files, skipped 365
[FH] CZR: wrote 1 files, skipped 364
[FH] CZR: wrote 0 files, skipped 365
[FH] CZR: wrote 0 files, skipped 365
[FH] CZR: wrote 0 files, skipped 365
[FH] CZR: wrote 2 files, skipped 363
[FH] CZR: wrote 1 files, skipped 364
[FH] CZR: wrote 2 files, skipped 363
[FH] CZR: wrote 2 files, skipped 363
[FH] CZR: wrote 2 files, skipped 363
[FH] CZR: wrote 2 files, skipped 363
[FH] CZR: wrote 2 files, skipped 363
[FH] CZR: wrote 2 files, skipped 363
[FH] CZR: wrote 2 files, skipped 363
[FH] CZR: wrote 2 files, skipped 363
[FH] CZR: wrote 2 files, skipped 363
[FH] CZR: wrote 2 files, skipped 363
[FH] CZR: wrote 2 files, skipped 363
[FH] CZR: wrote 2 files, skipped 363
[FH] CZR: wrote 2 files, skipped 363
[FH] CZR: wrote 2 files, skipped 363
[FH] CZR: wrote 0 files, skipped 365
[FH] CZR: wrote 2 files, skipped 363
[FH] CZR: wrote 2 files, skipped 363
[FH] CZR: wrote 2 files, skipped 363
[FH] CZR: wrote 2 files, skipped 363
[FH] CZR: wrote 1 files, skipped 364
[FH] CZR: wrote 2 files, skipped 363
[FH] CZR: wrote 3 files, skipped 362
[FH] CZR: wrote 1 files, skipped 364
[FH] CZR: wrote 2 files, skipped 363
[FH] CZR: wrote 2 files, skipped 363
[FH] CZR: wrote 2 files, skipped 363
[FH] CZR: wrote 2 files, skipped 363
[FH] CZR 2026-02-19 error: FinnhubAPIException(status_code: 502): JSON error message from Finnhub: <html>
<head><title>502 Bad Gateway</title></head>
<body>
<center><h1>502 Bad Gateway</h1></center>
<hr><center>nginx/1.18.0</center>
</body>
</html>

[FH] CZR 2026-02-20 error: FinnhubAPIException(status_code: 502): JSON error message from Finnhub: <html>
<head><title>502 Bad Gateway</title></head>
<body>
<center><h1>502 Bad Gateway</h1></center>
<hr><center>nginx/1.18.0</center>
</body>
</html>

[FH] CZR: wrote 2 files, skipped 363
[FH] CZR: wrote 3 files, skipped 362
[FH] CZR: wrote 2 files, skipped 363
[FH] CZR: wrote 2 files, skipped 363
