[FH] LRCX: wrote 2 files, skipped 363
[FH] LRCX: wrote 0 files, skipped 365
[FH] LRCX: wrote 0 files, skipped 365
[FH] LRCX: wrote 0 files, skipped 365
[FH] LRCX: wrote 0 files, skipped 365
[FH] LRCX: wrote 0 files, skipped 365
[FH] LRCX: wrote 0 files, skipped 365
[FH] LRCX: wrote 0 files, skipped 365
[FH] LRCX: wrote 0 files, skipped 365
[FH] LRCX: wrote 0 files, skipped 365
[FH] LRCX: wrote 1 files, skipped 364
[FH] LRCX: wrote 0 files, skipped 365
[FH] LRCX: wrote 0 files, skipped 365
[FH] LRCX: wrote 1 files, skipped 364
[FH] LRCX: wrote 2 files, skipped 363
[FH] LRCX: wrote 2 files, skipped 363
[FH] LRCX: wrote 1 files, skipped 364
[FH] LRCX: wrote 0 files, skipped 365
[FH] LRCX: wrote 0 files, skipped 365
[FH] LRCX: wrote 0 files, skipped 365
[FH] LRCX: wrote 0 files, skipped 365
[FH] LRCX: wrote 0 files, skipped 365
[FH] LRCX: wrote 2 files, skipped 363
[FH] LRCX: wrote 2 files, skipped 363
[FH] LRCX: wrote 2 files, skipped 363
[FH] LRCX: wrote 1 files, skipped 364
[FH] LRCX: wrote 0 files, skipped 365
[FH] LRCX: wrote 0 files, skipped 365
[FH] LRCX: wrote 0 files, skipped 365
[FH] LRCX: wrote 0 files, skipped 365
[FH] LRCX: wrote 0 files, skipped 365
[FH] LRCX: wrote 2 files, skipped 363
[FH] LRCX: wrote 3 files, skipped 362
[FH] LRCX: wrote 3 files, skipped 362
[FH] LRCX: wrote 3 files, skipped 362
[FH] LRCX: wrote 2 files, skipped 363
[FH] LRCX: wrote 2 files, skipped 363
[FH] LRCX: wrote 3 files, skipped 362
[FH] LRCX: wrote 3 files, skipped 362
[FH] LRCX: wrote 2 files, skipped 363
[FH] LRCX: wrote 3 files, skipped 362
[FH] LRCX: wrote 4 files, skipped 361
[FH] LRCX: wrote 1 files, skipped 364
[FH] LRCX: wrote 0 files, skipped 365
[FH] LRCX: wrote 0 files, skipped 365
[FH] LRCX: wrote 0 files, skipped 365
[FH] LRCX: wrote 0 files, skipped 365
[FH] LRCX: wrote 0 files, skipped 365
[FH] LRCX: wrote 0 files, skipped 365
[FH] LRCX: wrote 0 files, skipped 365
[FH] LRCX: wrote 1 files, skipped 364
[FH] LRCX: wrote 0 files, skipped 365
[FH] LRCX: wrote 0 files, skipped 365
[FH] LRCX: wrote 0 files, skipped 365
[FH] LRCX: wrote 0 files, skipped 365
[FH] LRCX: wrote 0 files, skipped 365
[FH] LRCX: wrote 0 files, skipped 365
[FH] LRCX: wrote 0 files, skipped 365
[FH] LRCX: wrote 0 files, skipped 365
[FH] LRCX: wrote 0 files, skipped 365
[FH] LRCX: wrote 1 files, skipped 364
[FH] LRCX: wrote 0 files, skipped 365
[FH] LRCX: wrote 0 files, skipped 365
[FH] LRCX: wrote 0 files, skipped 365
[FH] LRCX: wrote 0 files, skipped 365
[FH] LRCX: wrote 1 files, skipped 364
[FH] LRCX: wrote 0 files, skipped 365
[FH] LRCX: wrote 1 files, skipped 364
[FH] LRCX: wrote 0 files, skipped 365
[FH] LRCX: wrote 1 files, skipped 364
[FH] LRCX: wrote 0 files, skipped 365
[FH] LRCX: wrote 0 files, skipped 365
[FH] LRCX: wrote 0 files, skipped 365
[FH] LRCX: wrote 0 files, skipped 365
[FH] LRCX: wrote 0 files, skipped 365
[FH] LRCX: wrote 0 files, skipped 365
[FH] LRCX: wrote 0 files, skipped 365
[FH] LRCX: wrote 1 files, skipped 364
[FH] LRCX: wrote 0 files, skipped 365
[FH] LRCX: wrote 0 files, skipped 365
[FH] LRCX: wrote 0 files, skipped 365
[FH] LRCX: wrote 2 files, skipped 363
[FH] LRCX: wrote 1 files, skipped 364
[FH] LRCX: wrote 2 files, skipped 363
[FH] LRCX: wrote 2 files, skipped 363
[FH] LRCX: wrote 2 files, skipped 363
[FH] LRCX: wrote 2 files, skipped 363
[FH] LRCX: wrote 2 files, skipped 363
[FH] LRCX: wrote 2 files, skipped 363
[FH] LRCX: wrote 2 files, skipped 363
[FH] LRCX: wrote 2 files, skipped 363
[FH] LRCX: wrote 2 files, skipped 363
[FH] LRCX: wrote 2 files, skipped 363
[FH] LRCX: wrote 2 files, skipped 363
[FH] LRCX 2026-01-21 error: FinnhubAPIException(status_code: 502): JSON error message from Finnhub: <html>
<head><title>502 Bad Gateway</title></head>
<body>
<center><h1>502 Bad Gateway</h1></center>
<hr><center>nginx/1.18.0</center>
</body>
</html>

[FH] LRCX 2026-01-22 error: FinnhubAPIException(status_code: 502): JSON error message from Finnhub: <html>
<head><title>502 Bad Gateway</title></head>
<body>
<center><h1>502 Bad Gateway</h1></center>
<hr><center>nginx/1.18.0</center>
</body>
</html>

[FH] LRCX: wrote 2 files, skipped 363
[FH] LRCX: wrote 2 files, skipped 363
[FH] LRCX: wrote 2 files, skipped 363
[FH] LRCX: wrote 0 files, skipped 365
[FH] LRCX: wrote 2 files, skipped 363
[FH] LRCX: wrote 2 files, skipped 363
[FH] LRCX: wrote 2 files, skipped 363
[FH] LRCX: wrote 2 files, skipped 363
[FH] LRCX: wrote 1 files, skipped 364
[FH] LRCX: wrote 2 files, skipped 363
[FH] LRCX: wrote 3 files, skipped 362
[FH] LRCX: wrote 1 files, skipped 364
[FH] LRCX: wrote 2 files, skipped 363
