[FH] MDT: wrote 2 files, skipped 363
[FH] MDT: wrote 0 files, skipped 365
[FH] MDT: wrote 0 files, skipped 365
[FH] MDT: wrote 0 files, skipped 365
[FH] MDT: wrote 0 files, skipped 365
[FH] MDT: wrote 0 files, skipped 365
[FH] MDT: wrote 0 files, skipped 365
[FH] MDT: wrote 0 files, skipped 365
[FH] MDT: wrote 0 files, skipped 365
[FH] MDT: wrote 0 files, skipped 365
[FH] MDT: wrote 1 files, skipped 364
[FH] MDT: wrote 0 files, skipped 365
[FH] MDT: wrote 0 files, skipped 365
[FH] MDT: wrote 1 files, skipped 364
[FH] MDT: wrote 2 files, skipped 363
[FH] MDT: wrote 2 files, skipped 363
[FH] MDT: wrote 1 files, skipped 364
[FH] MDT: wrote 0 files, skipped 365
[FH] MDT: wrote 0 files, skipped 365
[FH] MDT: wrote 0 files, skipped 365
[FH] MDT: wrote 0 files, skipped 365
[FH] MDT: wrote 0 files, skipped 365
[FH] MDT: wrote 2 files, skipped 363
[FH] MDT: wrote 2 files, skipped 363
[FH] MDT 2025-11-18 rate-limited: FinnhubAPIException(status_code: 429): API limit reached. Please try again later. Remaining Limit: 0
[FH] MDT 2025-11-18 rate-limited: FinnhubAPIException(status_code: 429): API limit reached. Please try again later. Remaining Limit: 0
[FH] MDT 2025-11-18 rate-limited: FinnhubAPIException(status_code: 429): API limit reached. Please try again later. Remaining Limit: 0
[FH] MDT 2025-11-18 rate-limited: FinnhubAPIException(status_code: 429): API limit reached. Please try again later. Remaining Limit: 0
[FH] MDT 2025-11-18 rate-limited: FinnhubAPIException(status_code: 429): API limit reached. Please try again later. Remaining Limit: 0
[FH] MDT: wrote 2 files, skipped 363
[FH] MDT: wrote 1 files, skipped 364
[FH] MDT: wrote 0 files, skipped 365
[FH] MDT: wrote 0 files, skipped 365
[FH] MDT: wrote 0 files, skipped 365
[FH] MDT: wrote 0 files, skipped 365
[FH] MDT: wrote 0 files, skipped 365
[FH] MDT: wrote 2 files, skipped 363
[FH] MDT: wrote 3 files, skipped 362
[FH] MDT: wrote 3 files, skipped 362
[FH] MDT: wrote 3 files, skipped 362
[FH] MDT 2025-12-02 rate-limited: FinnhubAPIException(status_code: 429): API limit reached. Please try again later. Remaining Limit: 0
[FH] MDT 2025-12-02 rate-limited: FinnhubAPIException(status_code: 429): API limit reached. Please try again later. Remaining Limit: 0
[FH] MDT 2025-12-02 rate-limited: FinnhubAPIException(status_code: 429): API limit reached. Please try again later. Remaining Limit: 0
[FH] MDT 2025-12-02 rate-limited: FinnhubAPIException(status_code: 429): API limit reached. Please try again later. Remaining Limit: 0
[FH] MDT 2025-12-02 rate-limited: FinnhubAPIException(status_code: 429): API limit reached. Please try again later. Remaining Limit: 0
[FH] MDT: wrote 2 files, skipped 363
[FH] MDT: wrote 2 files, skipped 363
[FH] MDT: wrote 3 files, skipped 362
[FH] MDT: wrote 3 files, skipped 362
[FH] MDT: wrote 2 files, skipped 363
[FH] MDT 2025-12-13 rate-limited: FinnhubAPIException(status_code: 429): API limit reached. Please try again later. Remaining Limit: 0
[FH] MDT 2025-12-13 rate-limited: FinnhubAPIException(status_code: 429): API limit reached. Please try again later. Remaining Limit: 0
[FH] MDT 2025-12-13 rate-limited: FinnhubAPIException(status_code: 429): API limit reached. Please try again later. Remaining Limit: 0
[FH] MDT 2025-12-13 rate-limited: FinnhubAPIException(status_code: 429): API limit reached. Please try again later. Remaining Limit: 0
[FH] MDT: wrote 3 files, skipped 362
[FH] MDT: wrote 5 files, skipped 360
[FH] MDT: wrote 0 files, skipped 365
[FH] MDT: wrote 0 files, skipped 365
[FH] MDT: wrote 0 files, skipped 365
[FH] MDT: wrote 0 files, skipped 365
[FH] MDT: wrote 0 files, skipped 365
[FH] MDT: wrote 0 files, skipped 365
[FH] MDT: wrote 0 files, skipped 365
[FH] MDT: wrote 1 files, skipped 364
[FH] MDT: wrote 0 files, skipped 365
[FH] MDT: wrote 0 files, skipped 365
[FH] MDT: wrote 0 files, skipped 365
[FH] MDT: wrote 0 files, skipped 365
[FH] MDT: wrote 0 files, skipped 365
[FH] MDT: wrote 0 files, skipped 365
[FH] MDT: wrote 0 files, skipped 365
[FH] MDT: wrote 0 files, skipped 365
[FH] MDT: wrote 0 files, skipped 365
[FH] MDT: wrote 1 files, skipped 364
[FH] MDT: wrote 0 files, skipped 365
[FH] MDT: wrote 0 files, skipped 365
[FH] MDT: wrote 0 files, skipped 365
[FH] MDT: wrote 0 files, skipped 365
[FH] MDT: wrote 1 files, skipped 364
[FH] MDT: wrote 0 files, skipped 365
[FH] MDT: wrote 1 files, skipped 364
[FH] MDT: wrote 0 files, skipped 365
[FH] MDT 2025-12-25 rate-limited: FinnhubAPIException(status_code: 429): API limit reached. Please try again later. Remaining Limit: 0
[FH] MDT 2025-12-25 rate-limited: FinnhubAPIException(status_code: 429): API limit reached. Please try again later. Remaining Limit: 0
[FH] MDT 2025-12-25 rate-limited: FinnhubAPIException(status_code: 429): API limit reached. Please try again later. Remaining Limit: 0
[FH] MDT 2025-12-25 rate-limited: FinnhubAPIException(status_code: 429): API limit reached. Please try again later. Remaining Limit: 0
[FH] MDT: wrote 1 files, skipped 364
[FH] MDT: wrote 0 files, skipped 365
[FH] MDT: wrote 0 files, skipped 365
[FH] MDT: wrote 0 files, skipped 365
[FH] MDT: wrote 0 files, skipped 365
[FH] MDT: wrote 0 files, skipped 365
[FH] MDT: wrote 0 files, skipped 365
[FH] MDT: wrote 0 files, skipped 365
[FH] MDT: wrote 1 files, skipped 364
[FH] MDT: wrote 0 files, skipped 365
[FH] MDT: wrote 0 files, skipped 365
[FH] MDT: wrote 0 files, skipped 365
[FH] MDT: wrote 2 files, skipped 363
[FH] MDT: wrote 1 files, skipped 364
[FH] MDT 2025-12-31 rate-limited: FinnhubAPIException(status_code: 429): API limit reached. Please try again later. Remaining Limit: 0
[FH] MDT 2025-12-31 rate-limited: FinnhubAPIException(status_code: 429): API limit reached. Please try again later. Remaining Limit: 0
[FH] MDT 2025-12-31 rate-limited: FinnhubAPIException(status_code: 429): API limit reached. Please try again later. Remaining Limit: 0
[FH] MDT 2025-12-31 rate-limited: FinnhubAPIException(status_code: 429): API limit reached. Please try again later. Remaining Limit: 0
[FH] MDT 2025-12-31 rate-limited: FinnhubAPIException(status_code: 429): API limit reached. Please try again later. Remaining Limit: 0
[FH] MDT: wrote 2 files, skipped 363
[FH] MDT: wrote 2 files, skipped 363
[FH] MDT: wrote 2 files, skipped 363
[FH] MDT: wrote 2 files, skipped 363
[FH] MDT: wrote 2 files, skipped 363
[FH] MDT: wrote 2 files, skipped 363
[FH] MDT: wrote 2 files, skipped 363
[FH] MDT: wrote 2 files, skipped 363
[FH] MDT: wrote 2 files, skipped 363
[FH] MDT: wrote 2 files, skipped 363
[FH] MDT: wrote 2 files, skipped 363
[FH] MDT 2026-01-21 error: FinnhubAPIException(status_code: 502): JSON error message from Finnhub: <html>
<head><title>502 Bad Gateway</title></head>
<body>
<center><h1>502 Bad Gateway</h1></center>
<hr><center>nginx/1.18.0</center>
</body>
</html>

[FH] MDT 2026-01-22 error: FinnhubAPIException(status_code: 502): JSON error message from Finnhub: <html>
<head><title>502 Bad Gateway</title></head>
<body>
<center><h1>502 Bad Gateway</h1></center>
<hr><center>nginx/1.18.0</center>
</body>
</html>

[FH] MDT: wrote 2 files, skipped 363
[FH] MDT: wrote 2 files, skipped 363
[FH] MDT: wrote 2 files, skipped 363
[FH] MDT: wrote 0 files, skipped 365
[FH] MDT: wrote 2 files, skipped 363
[FH] MDT: wrote 2 files, skipped 363
[FH] MDT: wrote 2 files, skipped 363
[FH] MDT: wrote 2 files, skipped 363
[FH] MDT: wrote 1 files, skipped 364
