[FH] NUE: wrote 1 files, skipped 364
[FH] NUE: wrote 0 files, skipped 365
[FH] NUE: wrote 0 files, skipped 365
[FH] NUE: wrote 0 files, skipped 365
[FH] NUE: wrote 0 files, skipped 365
[FH] NUE: wrote 0 files, skipped 365
[FH] NUE: wrote 0 files, skipped 365
[FH] NUE: wrote 0 files, skipped 365
[FH] NUE: wrote 0 files, skipped 365
[FH] NUE: wrote 0 files, skipped 365
[FH] NUE: wrote 1 files, skipped 364
[FH] NUE: wrote 0 files, skipped 365
[FH] NUE: wrote 0 files, skipped 365
[FH] NUE: wrote 1 files, skipped 364
[FH] NUE: wrote 2 files, skipped 363
[FH] NUE: wrote 2 files, skipped 363
[FH] NUE: wrote 1 files, skipped 364
[FH] NUE: wrote 0 files, skipped 365
[FH] NUE: wrote 0 files, skipped 365
[FH] NUE: wrote 0 files, skipped 365
[FH] NUE: wrote 0 files, skipped 365
[FH] NUE: wrote 0 files, skipped 365
[FH] NUE: wrote 2 files, skipped 363
[FH] NUE: wrote 2 files, skipped 363
[FH] NUE: wrote 2 files, skipped 363
[FH] NUE: wrote 1 files, skipped 364
[FH] NUE: wrote 0 files, skipped 365
[FH] NUE: wrote 0 files, skipped 365
[FH] NUE: wrote 0 files, skipped 365
[FH] NUE: wrote 0 files, skipped 365
[FH] NUE: wrote 0 files, skipped 365
[FH] NUE: wrote 2 files, skipped 363
[FH] NUE: wrote 3 files, skipped 362
[FH] NUE: wrote 3 files, skipped 362
[FH] NUE: wrote 3 files, skipped 362
[FH] NUE: wrote 2 files, skipped 363
[FH] NUE: wrote 2 files, skipped 363
[FH] NUE: wrote 3 files, skipped 362
[FH] NUE: wrote 3 files, skipped 362
[FH] NUE: wrote 2 files, skipped 363
[FH] NUE 2025-12-14 rate-limited: FinnhubAPIException(status_code: 429): API limit reached. Please try again later. Remaining Limit: 0
[FH] NUE 2025-12-14 rate-limited: FinnhubAPIException(status_code: 429): API limit reached. Please try again later. Remaining Limit: 0
[FH] NUE 2025-12-14 rate-limited: FinnhubAPIException(status_code: 429): API limit reached. Please try again later. Remaining Limit: 0
[FH] NUE 2025-12-14 rate-limited: FinnhubAPIException(status_code: 429): API limit reached. Please try again later. Remaining Limit: 0
[FH] NUE 2025-12-14 rate-limited: FinnhubAPIException(status_code: 429): API limit reached. Please try again later. Remaining Limit: 0
[FH] NUE 2025-12-15 rate-limited: FinnhubAPIException(status_code: 429): API limit reached. Please try again later. Remaining Limit: 0
[FH] NUE 2025-12-15 rate-limited: FinnhubAPIException(status_code: 429): API limit reached. Please try again later. Remaining Limit: 0
[FH] NUE 2025-12-15 rate-limited: FinnhubAPIException(status_code: 429): API limit reached. Please try again later. Remaining Limit: 0
[FH] NUE 2025-12-15 rate-limited: FinnhubAPIException(status_code: 429): API limit reached. Please try again later. Remaining Limit: 0
[FH] NUE: wrote 3 files, skipped 362
[FH] NUE 2025-12-19 rate-limited: FinnhubAPIException(status_code: 429): API limit reached. Please try again later. Remaining Limit: 0
[FH] NUE 2025-12-19 rate-limited: FinnhubAPIException(status_code: 429): API limit reached. Please try again later. Remaining Limit: 0
[FH] NUE 2025-12-19 rate-limited: FinnhubAPIException(status_code: 429): API limit reached. Please try again later. Remaining Limit: 0
[FH] NUE 2025-12-19 rate-limited: FinnhubAPIException(status_code: 429): API limit reached. Please try again later. Remaining Limit: 0
[FH] NUE 2025-12-19 rate-limited: FinnhubAPIException(status_code: 429): API limit reached. Please try again later. Remaining Limit: 0
[FH] NUE 2025-12-20 rate-limited: FinnhubAPIException(status_code: 429): API limit reached. Please try again later. Remaining Limit: 0
[FH] NUE 2025-12-20 rate-limited: FinnhubAPIException(status_code: 429): API limit reached. Please try again later. Remaining Limit: 0
[FH] NUE 2025-12-20 rate-limited: FinnhubAPIException(status_code: 429): API limit reached. Please try again later. Remaining Limit: 0
[FH] NUE 2025-12-20 rate-limited: FinnhubAPIException(status_code: 429): API limit reached. Please try again later. Remaining Limit: 0
[FH] NUE 2025-12-20 rate-limited: FinnhubAPIException(status_code: 429): API limit reached. Please try again later. Remaining Limit: 0
[FH] NUE: wrote 5 files, skipped 360
[FH] NUE: wrote 0 files, skipped 365
[FH] NUE: wrote 0 files, skipped 365
[FH] NUE: wrote 0 files, skipped 365
[FH] NUE: wrote 0 files, skipped 365
[FH] NUE: wrote 0 files, skipped 365
[FH] NUE: wrote 0 files, skipped 365
[FH] NUE: wrote 0 files, skipped 365
[FH] NUE: wrote 1 files, skipped 364
[FH] NUE: wrote 0 files, skipped 365
[FH] NUE: wrote 0 files, skipped 365
[FH] NUE: wrote 0 files, skipped 365
[FH] NUE: wrote 0 files, skipped 365
[FH] NUE: wrote 0 files, skipped 365
[FH] NUE: wrote 0 files, skipped 365
[FH] NUE: wrote 0 files, skipped 365
[FH] NUE: wrote 0 files, skipped 365
[FH] NUE: wrote 0 files, skipped 365
[FH] NUE: wrote 1 files, skipped 364
[FH] NUE: wrote 0 files, skipped 365
[FH] NUE: wrote 0 files, skipped 365
[FH] NUE: wrote 0 files, skipped 365
[FH] NUE: wrote 0 files, skipped 365
[FH] NUE: wrote 1 files, skipped 364
[FH] NUE: wrote 0 files, skipped 365
[FH] NUE: wrote 1 files, skipped 364
[FH] NUE: wrote 0 files, skipped 365
[FH] NUE: wrote 1 files, skipped 364
[FH] NUE: wrote 0 files, skipped 365
[FH] NUE: wrote 0 files, skipped 365
[FH] NUE: wrote 0 files, skipped 365
[FH] NUE: wrote 0 files, skipped 365
[FH] NUE: wrote 0 files, skipped 365
[FH] NUE: wrote 0 files, skipped 365
[FH] NUE: wrote 0 files, skipped 365
[FH] NUE: wrote 1 files, skipped 364
[FH] NUE: wrote 0 files, skipped 365
[FH] NUE: wrote 0 files, skipped 365
[FH] NUE: wrote 0 files, skipped 365
[FH] NUE: wrote 2 files, skipped 363
[FH] NUE: wrote 1 files, skipped 364
[FH] NUE: wrote 2 files, skipped 363
[FH] NUE: wrote 2 files, skipped 363
[FH] NUE: wrote 2 files, skipped 363
[FH] NUE: wrote 2 files, skipped 363
[FH] NUE: wrote 2 files, skipped 363
[FH] NUE: wrote 2 files, skipped 363
[FH] NUE: wrote 2 files, skipped 363
[FH] NUE: wrote 2 files, skipped 363
[FH] NUE: wrote 2 files, skipped 363
[FH] NUE: wrote 2 files, skipped 363
[FH] NUE: wrote 2 files, skipped 363
[FH] NUE: wrote 2 files, skipped 363
[FH] NUE: wrote 2 files, skipped 363
[FH] NUE 2026-01-25 error: FinnhubAPIException(status_code: 502): JSON error message from Finnhub: <html>
<head><title>502 Bad Gateway</title></head>
<body>
<center><h1>502 Bad Gateway</h1></center>
<hr><center>nginx/1.18.0</center>
</body>
</html>

[FH] NUE 2026-01-26 error: FinnhubAPIException(status_code: 502): JSON error message from Finnhub: <html>
<head><title>502 Bad Gateway</title></head>
<body>
<center><h1>502 Bad Gateway</h1></center>
<hr><center>nginx/1.18.0</center>
</body>
</html>

[FH] NUE: wrote 2 files, skipped 363
[FH] NUE: wrote 0 files, skipped 365
[FH] NUE: wrote 2 files, skipped 363
[FH] NUE: wrote 2 files, skipped 363
[FH] NUE: wrote 2 files, skipped 363
[FH] NUE: wrote 2 files, skipped 363
[FH] NUE: wrote 1 files, skipped 364
[FH] NUE: wrote 2 files, skipped 363
[FH] NUE 2026-02-07 rate-limited: FinnhubAPIException(status_code: 429): API limit reached. Please try again later. Remaining Limit: 0
[FH] NUE 2026-02-07 rate-limited: FinnhubAPIException(status_code: 429): API limit reached. Please try again later. Remaining Limit: 0
[FH] NUE 2026-02-07 rate-limited: FinnhubAPIException(status_code: 429): API limit reached. Please try again later. Remaining Limit: 0
[FH] NUE 2026-02-07 rate-limited: FinnhubAPIException(status_code: 429): API limit reached. Please try again later. Remaining Limit: 0
[FH] NUE 2026-02-07 rate-limited: FinnhubAPIException(status_code: 429): API limit reached. Please try again later. Remaining Limit: 0
[FH] NUE 2026-02-08 rate-limited: FinnhubAPIException(status_code: 429): API limit reached. Please try again later. Remaining Limit: 0
[FH] NUE 2026-02-08 rate-limited: FinnhubAPIException(status_code: 429): API limit reached. Please try again later. Remaining Limit: 0
[FH] NUE 2026-02-08 rate-limited: FinnhubAPIException(status_code: 429): API limit reached. Please try again later. Remaining Limit: 0
[FH] NUE 2026-02-08 rate-limited: FinnhubAPIException(status_code: 429): API limit reached. Please try again later. Remaining Limit: 0
[FH] NUE: wrote 3 files, skipped 362
[FH] NUE: wrote 1 files, skipped 364
[FH] NUE: wrote 2 files, skipped 363
[FH] NUE: wrote 2 files, skipped 363
[FH] NUE: wrote 2 files, skipped 363
[FH] NUE: wrote 2 files, skipped 363
[FH] NUE: wrote 2 files, skipped 363
[FH] NUE: wrote 3 files, skipped 362
[FH] NUE: wrote 2 files, skipped 363
