[FH] ECL: wrote 3 files, skipped 362
[FH] ECL: wrote 0 files, skipped 365
[FH] ECL: wrote 0 files, skipped 365
[FH] ECL: wrote 0 files, skipped 365
[FH] ECL: wrote 0 files, skipped 365
[FH] ECL: wrote 0 files, skipped 365
[FH] ECL: wrote 0 files, skipped 365
[FH] ECL: wrote 0 files, skipped 365
[FH] ECL: wrote 0 files, skipped 365
[FH] ECL: wrote 0 files, skipped 365
[FH] ECL: wrote 1 files, skipped 364
[FH] ECL: wrote 0 files, skipped 365
[FH] ECL: wrote 0 files, skipped 365
[FH] ECL: wrote 1 files, skipped 364
[FH] ECL: wrote 2 files, skipped 363
[FH] ECL: wrote 2 files, skipped 363
[FH] ECL: wrote 1 files, skipped 364
[FH] ECL: wrote 0 files, skipped 365
[FH] ECL: wrote 0 files, skipped 365
[FH] ECL: wrote 0 files, skipped 365
[FH] ECL: wrote 0 files, skipped 365
[FH] ECL: wrote 0 files, skipped 365
[FH] ECL: wrote 2 files, skipped 363
[FH] ECL: wrote 2 files, skipped 363
[FH] ECL 2025-11-17 rate-limited: FinnhubAPIException(status_code: 429): API limit reached. Please try again later. Remaining Limit: 0
[FH] ECL 2025-11-17 rate-limited: FinnhubAPIException(status_code: 429): API limit reached. Please try again later. Remaining Limit: 0
[FH] ECL 2025-11-17 rate-limited: FinnhubAPIException(status_code: 429): API limit reached. Please try again later. Remaining Limit: 0
[FH] ECL 2025-11-17 rate-limited: FinnhubAPIException(status_code: 429): API limit reached. Please try again later. Remaining Limit: 0
[FH] ECL 2025-11-17 rate-limited: FinnhubAPIException(status_code: 429): API limit reached. Please try again later. Remaining Limit: 0
[FH] ECL 2025-11-18 rate-limited: FinnhubAPIException(status_code: 429): API limit reached. Please try again later. Remaining Limit: 0
[FH] ECL 2025-11-18 rate-limited: FinnhubAPIException(status_code: 429): API limit reached. Please try again later. Remaining Limit: 0
[FH] ECL 2025-11-18 rate-limited: FinnhubAPIException(status_code: 429): API limit reached. Please try again later. Remaining Limit: 0
[FH] ECL 2025-11-18 rate-limited: FinnhubAPIException(status_code: 429): API limit reached. Please try again later. Remaining Limit: 0
[FH] ECL: wrote 2 files, skipped 363
[FH] ECL: wrote 1 files, skipped 364
[FH] ECL: wrote 0 files, skipped 365
[FH] ECL: wrote 0 files, skipped 365
[FH] ECL: wrote 0 files, skipped 365
[FH] ECL: wrote 0 files, skipped 365
[FH] ECL: wrote 0 files, skipped 365
[FH] ECL: wrote 2 files, skipped 363
[FH] ECL: wrote 3 files, skipped 362
[FH] ECL: wrote 3 files, skipped 362
[FH] ECL: wrote 3 files, skipped 362
[FH] ECL 2025-12-01 rate-limited: FinnhubAPIException(status_code: 429): API limit reached. Please try again later. Remaining Limit: 0
[FH] ECL 2025-12-01 rate-limited: FinnhubAPIException(status_code: 429): API limit reached. Please try again later. Remaining Limit: 0
[FH] ECL 2025-12-01 rate-limited: FinnhubAPIException(status_code: 429): API limit reached. Please try again later. Remaining Limit: 0
[FH] ECL 2025-12-01 rate-limited: FinnhubAPIException(status_code: 429): API limit reached. Please try again later. Remaining Limit: 0
[FH] ECL 2025-12-01 rate-limited: FinnhubAPIException(status_code: 429): API limit reached. Please try again later. Remaining Limit: 0
[FH] ECL 2025-12-02 rate-limited: FinnhubAPIException(status_code: 429): API limit reached. Please try again later. Remaining Limit: 0
[FH] ECL 2025-12-02 rate-limited: FinnhubAPIException(status_code: 429): API limit reached. Please try again later. Remaining Limit: 0
[FH] ECL 2025-12-02 rate-limited: FinnhubAPIException(status_code: 429): API limit reached. Please try again later. Remaining Limit: 0
[FH] ECL 2025-12-02 rate-limited: FinnhubAPIException(status_code: 429): API limit reached. Please try again later. Remaining Limit: 0
[FH] ECL: wrote 2 files, skipped 363
[FH] ECL: wrote 2 files, skipped 363
[FH] ECL: wrote 3 files, skipped 362
[FH] ECL: wrote 3 files, skipped 362
[FH] ECL: wrote 2 files, skipped 363
[FH] ECL: wrote 3 files, skipped 362
[FH] ECL: wrote 4 files, skipped 361
[FH] ECL: wrote 1 files, skipped 364
[FH] ECL: wrote 0 files, skipped 365
[FH] ECL: wrote 0 files, skipped 365
[FH] ECL: wrote 0 files, skipped 365
[FH] ECL: wrote 0 files, skipped 365
[FH] ECL: wrote 0 files, skipped 365
[FH] ECL: wrote 0 files, skipped 365
[FH] ECL: wrote 0 files, skipped 365
[FH] ECL: wrote 1 files, skipped 364
[FH] ECL: wrote 0 files, skipped 365
[FH] ECL: wrote 0 files, skipped 365
[FH] ECL: wrote 0 files, skipped 365
[FH] ECL: wrote 0 files, skipped 365
[FH] ECL: wrote 0 files, skipped 365
[FH] ECL: wrote 0 files, skipped 365
[FH] ECL: wrote 0 files, skipped 365
[FH] ECL: wrote 0 files, skipped 365
[FH] ECL: wrote 0 files, skipped 365
[FH] ECL: wrote 1 files, skipped 364
[FH] ECL: wrote 0 files, skipped 365
[FH] ECL: wrote 0 files, skipped 365
[FH] ECL: wrote 0 files, skipped 365
[FH] ECL: wrote 0 files, skipped 365
[FH] ECL: wrote 1 files, skipped 364
[FH] ECL: wrote 0 files, skipped 365
[FH] ECL: wrote 1 files, skipped 364
[FH] ECL: wrote 0 files, skipped 365
[FH] ECL: wrote 1 files, skipped 364
[FH] ECL: wrote 0 files, skipped 365
[FH] ECL: wrote 0 files, skipped 365
[FH] ECL: wrote 0 files, skipped 365
[FH] ECL: wrote 0 files, skipped 365
[FH] ECL: wrote 0 files, skipped 365
[FH] ECL: wrote 0 files, skipped 365
[FH] ECL: wrote 0 files, skipped 365
[FH] ECL: wrote 1 files, skipped 364
[FH] ECL: wrote 0 files, skipped 365
[FH] ECL: wrote 0 files, skipped 365
[FH] ECL: wrote 0 files, skipped 365
[FH] ECL: wrote 2 files, skipped 363
[FH] ECL: wrote 1 files, skipped 364
[FH] ECL 2025-12-30 rate-limited: FinnhubAPIException(status_code: 429): API limit reached. Please try again later. Remaining Limit: 0
[FH] ECL 2025-12-30 rate-limited: FinnhubAPIException(status_code: 429): API limit reached. Please try again later. Remaining Limit: 0
[FH] ECL 2025-12-30 rate-limited: FinnhubAPIException(status_code: 429): API limit reached. Please try again later. Remaining Limit: 0
[FH] ECL 2025-12-30 rate-limited: FinnhubAPIException(status_code: 429): API limit reached. Please try again later. Remaining Limit: 0
[FH] ECL 2025-12-30 rate-limited: FinnhubAPIException(status_code: 429): API limit reached. Please try again later. Remaining Limit: 0
[FH] ECL 2025-12-31 rate-limited: FinnhubAPIException(status_code: 429): API limit reached. Please try again later. Remaining Limit: 0
[FH] ECL 2025-12-31 rate-limited: FinnhubAPIException(status_code: 429): API limit reached. Please try again later. Remaining Limit: 0
[FH] ECL 2025-12-31 rate-limited: FinnhubAPIException(status_code: 429): API limit reached. Please try again later. Remaining Limit: 0
[FH] ECL 2025-12-31 rate-limited: FinnhubAPIException(status_code: 429): API limit reached. Please try again later. Remaining Limit: 0
[FH] ECL: wrote 2 files, skipped 363
[FH] ECL 2026-01-01 rate-limited: FinnhubAPIException(status_code: 429): API limit reached. Please try again later. Remaining Limit: 0
[FH] ECL 2026-01-01 rate-limited: FinnhubAPIException(status_code: 429): API limit reached. Please try again later. Remaining Limit: 0
[FH] ECL 2026-01-01 rate-limited: FinnhubAPIException(status_code: 429): API limit reached. Please try again later. Remaining Limit: 0
[FH] ECL 2026-01-01 rate-limited: FinnhubAPIException(status_code: 429): API limit reached. Please try again later. Remaining Limit: 0
[FH] ECL: wrote 2 files, skipped 363
[FH] ECL 2026-01-04 rate-limited: FinnhubAPIException(status_code: 429): API limit reached. Please try again later. Remaining Limit: 0
[FH] ECL 2026-01-04 rate-limited: FinnhubAPIException(status_code: 429): API limit reached. Please try again later. Remaining Limit: 0
[FH] ECL 2026-01-04 rate-limited: FinnhubAPIException(status_code: 429): API limit reached. Please try again later. Remaining Limit: 0
[FH] ECL 2026-01-04 rate-limited: FinnhubAPIException(status_code: 429): API limit reached. Please try again later. Remaining Limit: 0
[FH] ECL 2026-01-04 rate-limited: FinnhubAPIException(status_code: 429): API limit reached. Please try again later. Remaining Limit: 0
[FH] ECL: wrote 2 files, skipped 363
[FH] ECL: wrote 2 files, skipped 363
[FH] ECL: wrote 2 files, skipped 363
[FH] ECL: wrote 2 files, skipped 363
[FH] ECL: wrote 2 files, skipped 363
[FH] ECL 2026-01-13 rate-limited: FinnhubAPIException(status_code: 429): API limit reached. Please try again later. Remaining Limit: 0
[FH] ECL 2026-01-13 rate-limited: FinnhubAPIException(status_code: 429): API limit reached. Please try again later. Remaining Limit: 0
[FH] ECL 2026-01-13 rate-limited: FinnhubAPIException(status_code: 429): API limit reached. Please try again later. Remaining Limit: 0
[FH] ECL 2026-01-13 rate-limited: FinnhubAPIException(status_code: 429): API limit reached. Please try again later. Remaining Limit: 0
[FH] ECL: wrote 2 files, skipped 363
[FH] ECL 2026-01-15 rate-limited: FinnhubAPIException(status_code: 429): API limit reached. Please try again later. Remaining Limit: 0
[FH] ECL 2026-01-15 rate-limited: FinnhubAPIException(status_code: 429): API limit reached. Please try again later. Remaining Limit: 0
[FH] ECL 2026-01-15 rate-limited: FinnhubAPIException(status_code: 429): API limit reached. Please try again later. Remaining Limit: 0
[FH] ECL 2026-01-15 rate-limited: FinnhubAPIException(status_code: 429): API limit reached. Please try again later. Remaining Limit: 0
[FH] ECL: wrote 2 files, skipped 363
[FH] ECL: wrote 2 files, skipped 363
[FH] ECL: wrote 2 files, skipped 363
[FH] ECL: wrote 2 files, skipped 363
[FH] ECL: wrote 2 files, skipped 363
[FH] ECL: wrote 2 files, skipped 363
[FH] ECL: wrote 0 files, skipped 365
[FH] ECL: wrote 2 files, skipped 363
[FH] ECL: wrote 2 files, skipped 363
[FH] ECL: wrote 2 files, skipped 363
[FH] ECL: wrote 2 files, skipped 363
[FH] ECL: wrote 1 files, skipped 364
[FH] ECL 2026-02-06 rate-limited: FinnhubAPIException(status_code: 429): API limit reached. Please try again later. Remaining Limit: 0
[FH] ECL 2026-02-06 rate-limited: FinnhubAPIException(status_code: 429): API limit reached. Please try again later. Remaining Limit: 0
[FH] ECL 2026-02-06 rate-limited: FinnhubAPIException(status_code: 429): API limit reached. Please try again later. Remaining Limit: 0
[FH] ECL 2026-02-06 rate-limited: FinnhubAPIException(status_code: 429): API limit reached. Please try again later. Remaining Limit: 0
[FH] ECL 2026-02-06 rate-limited: FinnhubAPIException(status_code: 429): API limit reached. Please try again later. Remaining Limit: 0
[FH] ECL: wrote 2 files, skipped 363
[FH] ECL: wrote 3 files, skipped 362
[FH] ECL: wrote 1 files, skipped 364
[FH] ECL: wrote 2 files, skipped 363
[FH] ECL 2026-02-13 rate-limited: FinnhubAPIException(status_code: 429): API limit reached. Please try again later. Remaining Limit: 0
[FH] ECL 2026-02-13 rate-limited: FinnhubAPIException(status_code: 429): API limit reached. Please try again later. Remaining Limit: 0
[FH] ECL 2026-02-13 rate-limited: FinnhubAPIException(status_code: 429): API limit reached. Please try again later. Remaining Limit: 0
[FH] ECL 2026-02-13 rate-limited: FinnhubAPIException(status_code: 429): API limit reached. Please try again later. Remaining Limit: 0
[FH] ECL: wrote 2 files, skipped 363
[FH] ECL 2026-02-15 rate-limited: FinnhubAPIException(status_code: 429): API limit reached. Please try again later. Remaining Limit: 0
[FH] ECL 2026-02-15 rate-limited: FinnhubAPIException(status_code: 429): API limit reached. Please try again later. Remaining Limit: 0
[FH] ECL 2026-02-15 rate-limited: FinnhubAPIException(status_code: 429): API limit reached. Please try again later. Remaining Limit: 0
[FH] ECL 2026-02-15 rate-limited: FinnhubAPIException(status_code: 429): API limit reached. Please try again later. Remaining Limit: 0
[FH] ECL: wrote 2 files, skipped 363
[FH] ECL: wrote 2 files, skipped 363
[FH] ECL 2026-02-19 error: FinnhubAPIException(status_code: 502): JSON error message from Finnhub: <html>
<head><title>502 Bad Gateway</title></head>
<body>
<center><h1>502 Bad Gateway</h1></center>
<hr><center>nginx/1.18.0</center>
</body>
</html>

[FH] ECL 2026-02-20 error: FinnhubAPIException(status_code: 502): JSON error message from Finnhub: <html>
<head><title>502 Bad Gateway</title></head>
<body>
<center><h1>502 Bad Gateway</h1></center>
<hr><center>nginx/1.18.0</center>
</body>
</html>

[FH] ECL: wrote 2 files, skipped 363
