[FH] LDOS: wrote 2 files, skipped 363
[FH] LDOS: wrote 0 files, skipped 365
[FH] LDOS: wrote 0 files, skipped 365
[FH] LDOS: wrote 0 files, skipped 365
[FH] LDOS: wrote 0 files, skipped 365
[FH] LDOS: wrote 0 files, skipped 365
[FH] LDOS: wrote 0 files, skipped 365
[FH] LDOS: wrote 0 files, skipped 365
[FH] LDOS: wrote 0 files, skipped 365
[FH] LDOS: wrote 0 files, skipped 365
[FH] LDOS: wrote 1 files, skipped 364
[FH] LDOS: wrote 0 files, skipped 365
[FH] LDOS: wrote 0 files, skipped 365
[FH] LDOS: wrote 1 files, skipped 364
[FH] LDOS: wrote 2 files, skipped 363
[FH] LDOS: wrote 2 files, skipped 363
[FH] LDOS: wrote 1 files, skipped 364
[FH] LDOS: wrote 0 files, skipped 365
[FH] LDOS: wrote 0 files, skipped 365
[FH] LDOS: wrote 0 files, skipped 365
[FH] LDOS: wrote 0 files, skipped 365
[FH] LDOS: wrote 0 files, skipped 365
[FH] LDOS: wrote 2 files, skipped 363
[FH] LDOS: wrote 2 files, skipped 363
[FH] LDOS: wrote 2 files, skipped 363
[FH] LDOS: wrote 1 files, skipped 364
[FH] LDOS: wrote 0 files, skipped 365
[FH] LDOS: wrote 0 files, skipped 365
[FH] LDOS: wrote 0 files, skipped 365
[FH] LDOS: wrote 0 files, skipped 365
[FH] LDOS: wrote 0 files, skipped 365
[FH] LDOS: wrote 2 files, skipped 363
[FH] LDOS: wrote 3 files, skipped 362
[FH] LDOS: wrote 3 files, skipped 362
[FH] LDOS: wrote 3 files, skipped 362
[FH] LDOS: wrote 2 files, skipped 363
[FH] LDOS: wrote 2 files, skipped 363
[FH] LDOS: wrote 3 files, skipped 362
[FH] LDOS: wrote 3 files, skipped 362
[FH] LDOS: wrote 2 files, skipped 363
[FH] LDOS: wrote 3 files, skipped 362
[FH] LDOS 2025-12-16 rate-limited: FinnhubAPIException(status_code: 429): API limit reached. Please try again later. Remaining Limit: 0
[FH] LDOS 2025-12-16 rate-limited: FinnhubAPIException(status_code: 429): API limit reached. Please try again later. Remaining Limit: 0
[FH] LDOS 2025-12-16 rate-limited: FinnhubAPIException(status_code: 429): API limit reached. Please try again later. Remaining Limit: 0
[FH] LDOS 2025-12-16 rate-limited: FinnhubAPIException(status_code: 429): API limit reached. Please try again later. Remaining Limit: 0
[FH] LDOS 2025-12-16 rate-limited: FinnhubAPIException(status_code: 429): API limit reached. Please try again later. Remaining Limit: 0
[FH] LDOS 2025-12-17 rate-limited: FinnhubAPIException(status_code: 429): API limit reached. Please try again later. Remaining Limit: 0
[FH] LDOS 2025-12-17 rate-limited: FinnhubAPIException(status_code: 429): API limit reached. Please try again later. Remaining Limit: 0
[FH] LDOS 2025-12-17 rate-limited: FinnhubAPIException(status_code: 429): API limit reached. Please try again later. Remaining Limit: 0
[FH] LDOS 2025-12-17 rate-limited: FinnhubAPIException(status_code: 429): API limit reached. Please try again later. Remaining Limit: 0
[FH] LDOS 2025-12-17 rate-limited: FinnhubAPIException(status_code: 429): API limit reached. Please try again later. Remaining Limit: 0
[FH] LDOS: wrote 4 files, skipped 361
[FH] LDOS: wrote 1 files, skipped 364
[FH] LDOS: wrote 0 files, skipped 365
[FH] LDOS: wrote 0 files, skipped 365
[FH] LDOS: wrote 0 files, skipped 365
[FH] LDOS: wrote 0 files, skipped 365
[FH] LDOS: wrote 0 files, skipped 365
[FH] LDOS: wrote 0 files, skipped 365
[FH] LDOS: wrote 0 files, skipped 365
[FH] LDOS: wrote 1 files, skipped 364
[FH] LDOS: wrote 0 files, skipped 365
[FH] LDOS: wrote 0 files, skipped 365
[FH] LDOS: wrote 0 files, skipped 365
[FH] LDOS: wrote 0 files, skipped 365
[FH] LDOS: wrote 0 files, skipped 365
[FH] LDOS: wrote 0 files, skipped 365
[FH] LDOS: wrote 0 files, skipped 365
[FH] LDOS: wrote 0 files, skipped 365
[FH] LDOS: wrote 0 files, skipped 365
[FH] LDOS: wrote 1 files, skipped 364
[FH] LDOS: wrote 0 files, skipped 365
[FH] LDOS: wrote 0 files, skipped 365
[FH] LDOS: wrote 0 files, skipped 365
[FH] LDOS: wrote 0 files, skipped 365
[FH] LDOS: wrote 1 files, skipped 364
[FH] LDOS: wrote 0 files, skipped 365
[FH] LDOS: wrote 1 files, skipped 364
[FH] LDOS: wrote 0 files, skipped 365
[FH] LDOS: wrote 1 files, skipped 364
[FH] LDOS: wrote 0 files, skipped 365
[FH] LDOS: wrote 0 files, skipped 365
[FH] LDOS: wrote 0 files, skipped 365
[FH] LDOS: wrote 0 files, skipped 365
[FH] LDOS: wrote 0 files, skipped 365
[FH] LDOS: wrote 0 files, skipped 365
[FH] LDOS: wrote 0 files, skipped 365
[FH] LDOS: wrote 1 files, skipped 364
[FH] LDOS: wrote 0 files, skipped 365
[FH] LDOS: wrote 0 files, skipped 365
[FH] LDOS: wrote 0 files, skipped 365
[FH] LDOS: wrote 2 files, skipped 363
[FH] LDOS: wrote 1 files, skipped 364
[FH] LDOS: wrote 2 files, skipped 363
[FH] LDOS: wrote 2 files, skipped 363
[FH] LDOS: wrote 2 files, skipped 363
[FH] LDOS: wrote 2 files, skipped 363
[FH] LDOS: wrote 2 files, skipped 363
[FH] LDOS: wrote 2 files, skipped 363
[FH] LDOS: wrote 2 files, skipped 363
[FH] LDOS: wrote 2 files, skipped 363
[FH] LDOS: wrote 2 files, skipped 363
[FH] LDOS: wrote 2 files, skipped 363
[FH] LDOS: wrote 2 files, skipped 363
[FH] LDOS 2026-01-21 error: FinnhubAPIException(status_code: 502): JSON error message from Finnhub: <html>
<head><title>502 Bad Gateway</title></head>
<body>
<center><h1>502 Bad Gateway</h1></center>
<hr><center>nginx/1.18.0</center>
</body>
</html>

[FH] LDOS 2026-01-22 error: FinnhubAPIException(status_code: 502): JSON error message from Finnhub: <html>
<head><title>502 Bad Gateway</title></head>
<body>
<center><h1>502 Bad Gateway</h1></center>
<hr><center>nginx/1.18.0</center>
</body>
</html>

[FH] LDOS: wrote 2 files, skipped 363
[FH] LDOS: wrote 2 files, skipped 363
[FH] LDOS: wrote 2 files, skipped 363
[FH] LDOS: wrote 0 files, skipped 365
[FH] LDOS: wrote 2 files, skipped 363
