[FH] CTVA: wrote 3 files, skipped 362
[FH] CTVA: wrote 0 files, skipped 365
[FH] CTVA: wrote 0 files, skipped 365
[FH] CTVA: wrote 0 files, skipped 365
[FH] CTVA: wrote 0 files, skipped 365
[FH] CTVA: wrote 0 files, skipped 365
[FH] CTVA: wrote 0 files, skipped 365
[FH] CTVA: wrote 0 files, skipped 365
[FH] CTVA: wrote 0 files, skipped 365
[FH] CTVA: wrote 0 files, skipped 365
[FH] CTVA 2025-11-06 rate-limited: FinnhubAPIException(status_code: 429): API limit reached. Please try again later. Remaining Limit: 0
[FH] CTVA 2025-11-06 rate-limited: FinnhubAPIException(status_code: 429): API limit reached. Please try again later. Remaining Limit: 0
[FH] CTVA 2025-11-06 rate-limited: FinnhubAPIException(status_code: 429): API limit reached. Please try again later. Remaining Limit: 0
[FH] CTVA 2025-11-06 rate-limited: FinnhubAPIException(status_code: 429): API limit reached. Please try again later. Remaining Limit: 0
[FH] CTVA 2025-11-06 rate-limited: FinnhubAPIException(status_code: 429): API limit reached. Please try again later. Remaining Limit: 0
[FH] CTVA: wrote 1 files, skipped 364
[FH] CTVA: wrote 0 files, skipped 365
[FH] CTVA: wrote 0 files, skipped 365
[FH] CTVA 2025-11-07 rate-limited: FinnhubAPIException(status_code: 429): API limit reached. Please try again later. Remaining Limit: 0
[FH] CTVA 2025-11-07 rate-limited: FinnhubAPIException(status_code: 429): API limit reached. Please try again later. Remaining Limit: 0
[FH] CTVA 2025-11-07 rate-limited: FinnhubAPIException(status_code: 429): API limit reached. Please try again later. Remaining Limit: 0
[FH] CTVA 2025-11-07 rate-limited: FinnhubAPIException(status_code: 429): API limit reached. Please try again later. Remaining Limit: 0
[FH] CTVA 2025-11-07 rate-limited: FinnhubAPIException(status_code: 429): API limit reached. Please try again later. Remaining Limit: 0
[FH] CTVA: wrote 1 files, skipped 364
[FH] CTVA: wrote 2 files, skipped 363
[FH] CTVA: wrote 2 files, skipped 363
[FH] CTVA 2025-11-12 rate-limited: FinnhubAPIException(status_code: 429): API limit reached. Please try again later. Remaining Limit: 0
[FH] CTVA 2025-11-12 rate-limited: FinnhubAPIException(status_code: 429): API limit reached. Please try again later. Remaining Limit: 0
[FH] CTVA 2025-11-12 rate-limited: FinnhubAPIException(status_code: 429): API limit reached. Please try again later. Remaining Limit: 0
[FH] CTVA 2025-11-12 rate-limited: FinnhubAPIException(status_code: 429): API limit reached. Please try again later. Remaining Limit: 0
[FH] CTVA 2025-11-12 rate-limited: FinnhubAPIException(status_code: 429): API limit reached. Please try again later. Remaining Limit: 0
[FH] CTVA: wrote 1 files, skipped 364
[FH] CTVA: wrote 0 files, skipped 365
[FH] CTVA: wrote 0 files, skipped 365
[FH] CTVA: wrote 0 files, skipped 365
[FH] CTVA: wrote 0 files, skipped 365
[FH] CTVA: wrote 0 files, skipped 365
[FH] CTVA: wrote 2 files, skipped 363
[FH] CTVA: wrote 2 files, skipped 363
[FH] CTVA: wrote 2 files, skipped 363
[FH] CTVA 2025-11-19 rate-limited: FinnhubAPIException(status_code: 429): API limit reached. Please try again later. Remaining Limit: 0
[FH] CTVA 2025-11-19 rate-limited: FinnhubAPIException(status_code: 429): API limit reached. Please try again later. Remaining Limit: 0
[FH] CTVA 2025-11-19 rate-limited: FinnhubAPIException(status_code: 429): API limit reached. Please try again later. Remaining Limit: 0
[FH] CTVA 2025-11-19 rate-limited: FinnhubAPIException(status_code: 429): API limit reached. Please try again later. Remaining Limit: 0
[FH] CTVA 2025-11-19 rate-limited: FinnhubAPIException(status_code: 429): API limit reached. Please try again later. Remaining Limit: 0
[FH] CTVA: wrote 1 files, skipped 364
[FH] CTVA: wrote 0 files, skipped 365
[FH] CTVA: wrote 0 files, skipped 365
[FH] CTVA: wrote 0 files, skipped 365
[FH] CTVA: wrote 0 files, skipped 365
[FH] CTVA: wrote 0 files, skipped 365
[FH] CTVA: wrote 2 files, skipped 363
[FH] CTVA: wrote 3 files, skipped 362
[FH] CTVA: wrote 3 files, skipped 362
[FH] CTVA: wrote 3 files, skipped 362
[FH] CTVA: wrote 2 files, skipped 363
[FH] CTVA: wrote 2 files, skipped 363
[FH] CTVA: wrote 3 files, skipped 362
[FH] CTVA: wrote 3 files, skipped 362
[FH] CTVA: wrote 2 files, skipped 363
[FH] CTVA: wrote 3 files, skipped 362
[FH] CTVA: wrote 4 files, skipped 361
[FH] CTVA 2025-12-20 rate-limited: FinnhubAPIException(status_code: 429): API limit reached. Please try again later. Remaining Limit: 0
[FH] CTVA 2025-12-20 rate-limited: FinnhubAPIException(status_code: 429): API limit reached. Please try again later. Remaining Limit: 0
[FH] CTVA 2025-12-20 rate-limited: FinnhubAPIException(status_code: 429): API limit reached. Please try again later. Remaining Limit: 0
[FH] CTVA 2025-12-20 rate-limited: FinnhubAPIException(status_code: 429): API limit reached. Please try again later. Remaining Limit: 0
[FH] CTVA 2025-12-20 rate-limited: FinnhubAPIException(status_code: 429): API limit reached. Please try again later. Remaining Limit: 0
[FH] CTVA: wrote 1 files, skipped 364
[FH] CTVA: wrote 0 files, skipped 365
[FH] CTVA: wrote 0 files, skipped 365
[FH] CTVA: wrote 0 files, skipped 365
[FH] CTVA: wrote 0 files, skipped 365
[FH] CTVA: wrote 0 files, skipped 365
[FH] CTVA: wrote 0 files, skipped 365
[FH] CTVA: wrote 0 files, skipped 365
[FH] CTVA 2025-12-21 rate-limited: FinnhubAPIException(status_code: 429): API limit reached. Please try again later. Remaining Limit: 0
[FH] CTVA 2025-12-21 rate-limited: FinnhubAPIException(status_code: 429): API limit reached. Please try again later. Remaining Limit: 0
[FH] CTVA 2025-12-21 rate-limited: FinnhubAPIException(status_code: 429): API limit reached. Please try again later. Remaining Limit: 0
[FH] CTVA 2025-12-21 rate-limited: FinnhubAPIException(status_code: 429): API limit reached. Please try again later. Remaining Limit: 0
[FH] CTVA 2025-12-21 rate-limited: FinnhubAPIException(status_code: 429): API limit reached. Please try again later. Remaining Limit: 0
[FH] CTVA: wrote 1 files, skipped 364
[FH] CTVA: wrote 0 files, skipped 365
[FH] CTVA: wrote 0 files, skipped 365
[FH] CTVA: wrote 0 files, skipped 365
[FH] CTVA: wrote 0 files, skipped 365
[FH] CTVA: wrote 0 files, skipped 365
[FH] CTVA: wrote 0 files, skipped 365
[FH] CTVA: wrote 0 files, skipped 365
[FH] CTVA: wrote 0 files, skipped 365
[FH] CTVA: wrote 0 files, skipped 365
[FH] CTVA 2025-12-22 rate-limited: FinnhubAPIException(status_code: 429): API limit reached. Please try again later. Remaining Limit: 0
[FH] CTVA 2025-12-22 rate-limited: FinnhubAPIException(status_code: 429): API limit reached. Please try again later. Remaining Limit: 0
[FH] CTVA 2025-12-22 rate-limited: FinnhubAPIException(status_code: 429): API limit reached. Please try again later. Remaining Limit: 0
[FH] CTVA 2025-12-22 rate-limited: FinnhubAPIException(status_code: 429): API limit reached. Please try again later. Remaining Limit: 0
[FH] CTVA 2025-12-22 rate-limited: FinnhubAPIException(status_code: 429): API limit reached. Please try again later. Remaining Limit: 0
[FH] CTVA: wrote 1 files, skipped 364
[FH] CTVA: wrote 0 files, skipped 365
[FH] CTVA: wrote 0 files, skipped 365
[FH] CTVA: wrote 0 files, skipped 365
[FH] CTVA: wrote 0 files, skipped 365
[FH] CTVA 2025-12-23 rate-limited: FinnhubAPIException(status_code: 429): API limit reached. Please try again later. Remaining Limit: 0
[FH] CTVA 2025-12-23 rate-limited: FinnhubAPIException(status_code: 429): API limit reached. Please try again later. Remaining Limit: 0
[FH] CTVA 2025-12-23 rate-limited: FinnhubAPIException(status_code: 429): API limit reached. Please try again later. Remaining Limit: 0
[FH] CTVA 2025-12-23 rate-limited: FinnhubAPIException(status_code: 429): API limit reached. Please try again later. Remaining Limit: 0
[FH] CTVA 2025-12-23 rate-limited: FinnhubAPIException(status_code: 429): API limit reached. Please try again later. Remaining Limit: 0
[FH] CTVA: wrote 1 files, skipped 364
[FH] CTVA: wrote 0 files, skipped 365
[FH] CTVA 2025-12-24 rate-limited: FinnhubAPIException(status_code: 429): API limit reached. Please try again later. Remaining Limit: 0
[FH] CTVA 2025-12-24 rate-limited: FinnhubAPIException(status_code: 429): API limit reached. Please try again later. Remaining Limit: 0
[FH] CTVA 2025-12-24 rate-limited: FinnhubAPIException(status_code: 429): API limit reached. Please try again later. Remaining Limit: 0
[FH] CTVA 2025-12-24 rate-limited: FinnhubAPIException(status_code: 429): API limit reached. Please try again later. Remaining Limit: 0
[FH] CTVA 2025-12-24 rate-limited: FinnhubAPIException(status_code: 429): API limit reached. Please try again later. Remaining Limit: 0
[FH] CTVA: wrote 1 files, skipped 364
[FH] CTVA: wrote 0 files, skipped 365
[FH] CTVA 2025-12-25 rate-limited: FinnhubAPIException(status_code: 429): API limit reached. Please try again later. Remaining Limit: 0
[FH] CTVA 2025-12-25 rate-limited: FinnhubAPIException(status_code: 429): API limit reached. Please try again later. Remaining Limit: 0
[FH] CTVA 2025-12-25 rate-limited: FinnhubAPIException(status_code: 429): API limit reached. Please try again later. Remaining Limit: 0
[FH] CTVA 2025-12-25 rate-limited: FinnhubAPIException(status_code: 429): API limit reached. Please try again later. Remaining Limit: 0
[FH] CTVA 2025-12-25 rate-limited: FinnhubAPIException(status_code: 429): API limit reached. Please try again later. Remaining Limit: 0
[FH] CTVA: wrote 1 files, skipped 364
[FH] CTVA: wrote 0 files, skipped 365
[FH] CTVA: wrote 0 files, skipped 365
[FH] CTVA: wrote 0 files, skipped 365
[FH] CTVA: wrote 0 files, skipped 365
[FH] CTVA: wrote 0 files, skipped 365
[FH] CTVA: wrote 0 files, skipped 365
[FH] CTVA: wrote 0 files, skipped 365
[FH] CTVA 2025-12-26 rate-limited: FinnhubAPIException(status_code: 429): API limit reached. Please try again later. Remaining Limit: 0
[FH] CTVA 2025-12-26 rate-limited: FinnhubAPIException(status_code: 429): API limit reached. Please try again later. Remaining Limit: 0
[FH] CTVA 2025-12-26 rate-limited: FinnhubAPIException(status_code: 429): API limit reached. Please try again later. Remaining Limit: 0
[FH] CTVA 2025-12-26 rate-limited: FinnhubAPIException(status_code: 429): API limit reached. Please try again later. Remaining Limit: 0
[FH] CTVA 2025-12-26 rate-limited: FinnhubAPIException(status_code: 429): API limit reached. Please try again later. Remaining Limit: 0
[FH] CTVA: wrote 1 files, skipped 364
[FH] CTVA: wrote 0 files, skipped 365
[FH] CTVA: wrote 0 files, skipped 365
[FH] CTVA: wrote 0 files, skipped 365
[FH] CTVA: wrote 2 files, skipped 363
[FH] CTVA 2025-12-29 rate-limited: FinnhubAPIException(status_code: 429): API limit reached. Please try again later. Remaining Limit: 0
[FH] CTVA 2025-12-29 rate-limited: FinnhubAPIException(status_code: 429): API limit reached. Please try again later. Remaining Limit: 0
[FH] CTVA 2025-12-29 rate-limited: FinnhubAPIException(status_code: 429): API limit reached. Please try again later. Remaining Limit: 0
[FH] CTVA 2025-12-29 rate-limited: FinnhubAPIException(status_code: 429): API limit reached. Please try again later. Remaining Limit: 0
[FH] CTVA 2025-12-29 rate-limited: FinnhubAPIException(status_code: 429): API limit reached. Please try again later. Remaining Limit: 0
[FH] CTVA: wrote 1 files, skipped 364
[FH] CTVA: wrote 2 files, skipped 363
[FH] CTVA: wrote 2 files, skipped 363
[FH] CTVA: wrote 2 files, skipped 363
[FH] CTVA: wrote 2 files, skipped 363
[FH] CTVA: wrote 2 files, skipped 363
[FH] CTVA: wrote 2 files, skipped 363
[FH] CTVA: wrote 2 files, skipped 363
[FH] CTVA: wrote 2 files, skipped 363
[FH] CTVA: wrote 2 files, skipped 363
[FH] CTVA: wrote 2 files, skipped 363
[FH] CTVA: wrote 2 files, skipped 363
[FH] CTVA: wrote 2 files, skipped 363
[FH] CTVA: wrote 2 files, skipped 363
[FH] CTVA: wrote 2 files, skipped 363
[FH] CTVA: wrote 0 files, skipped 365
[FH] CTVA: wrote 2 files, skipped 363
[FH] CTVA: wrote 2 files, skipped 363
[FH] CTVA: wrote 2 files, skipped 363
[FH] CTVA: wrote 2 files, skipped 363
[FH] CTVA 2026-02-04 rate-limited: FinnhubAPIException(status_code: 429): API limit reached. Please try again later. Remaining Limit: 0
[FH] CTVA 2026-02-04 rate-limited: FinnhubAPIException(status_code: 429): API limit reached. Please try again later. Remaining Limit: 0
[FH] CTVA 2026-02-04 rate-limited: FinnhubAPIException(status_code: 429): API limit reached. Please try again later. Remaining Limit: 0
[FH] CTVA 2026-02-04 rate-limited: FinnhubAPIException(status_code: 429): API limit reached. Please try again later. Remaining Limit: 0
[FH] CTVA 2026-02-04 rate-limited: FinnhubAPIException(status_code: 429): API limit reached. Please try again later. Remaining Limit: 0
[FH] CTVA: wrote 1 files, skipped 364
[FH] CTVA: wrote 2 files, skipped 363
[FH] CTVA: wrote 3 files, skipped 362
[FH] CTVA 2026-02-10 rate-limited: FinnhubAPIException(status_code: 429): API limit reached. Please try again later. Remaining Limit: 0
[FH] CTVA 2026-02-10 rate-limited: FinnhubAPIException(status_code: 429): API limit reached. Please try again later. Remaining Limit: 0
[FH] CTVA 2026-02-10 rate-limited: FinnhubAPIException(status_code: 429): API limit reached. Please try again later. Remaining Limit: 0
[FH] CTVA 2026-02-10 rate-limited: FinnhubAPIException(status_code: 429): API limit reached. Please try again later. Remaining Limit: 0
[FH] CTVA 2026-02-10 rate-limited: FinnhubAPIException(status_code: 429): API limit reached. Please try again later. Remaining Limit: 0
[FH] CTVA: wrote 1 files, skipped 364
[FH] CTVA: wrote 2 files, skipped 363
[FH] CTVA: wrote 2 files, skipped 363
[FH] CTVA: wrote 2 files, skipped 363
[FH] CTVA: wrote 2 files, skipped 363
[FH] CTVA 2026-02-19 error: FinnhubAPIException(status_code: 502): JSON error message from Finnhub: <html>
<head><title>502 Bad Gateway</title></head>
<body>
<center><h1>502 Bad Gateway</h1></center>
<hr><center>nginx/1.18.0</center>
</body>
</html>

[FH] CTVA 2026-02-20 error: FinnhubAPIException(status_code: 502): JSON error message from Finnhub: <html>
<head><title>502 Bad Gateway</title></head>
<body>
<center><h1>502 Bad Gateway</h1></center>
<hr><center>nginx/1.18.0</center>
</body>
</html>

[FH] CTVA: wrote 2 files, skipped 363
[FH] CTVA: wrote 3 files, skipped 362
[FH] CTVA: wrote 2 files, skipped 363
[FH] CTVA: wrote 2 files, skipped 363
[FH] CTVA: wrote 2 files, skipped 363
[FH] CTVA: wrote 2 files, skipped 363
[FH] CTVA: wrote 2 files, skipped 363
[FH] CTVA: wrote 2 files, skipped 363
[FH] CTVA: wrote 2 files, skipped 363
[FH] CTVA: wrote 2 files, skipped 363
[FH] CTVA: wrote 2 files, skipped 363
[FH] CTVA: wrote 2 files, skipped 363
[FH] CTVA 2026-03-16 rate-limited: FinnhubAPIException(status_code: 429): API limit reached. Please try again later. Remaining Limit: 0
[FH] CTVA 2026-03-16 rate-limited: FinnhubAPIException(status_code: 429): API limit reached. Please try again later. Remaining Limit: 0
[FH] CTVA 2026-03-16 rate-limited: FinnhubAPIException(status_code: 429): API limit reached. Please try again later. Remaining Limit: 0
[FH] CTVA 2026-03-16 rate-limited: FinnhubAPIException(status_code: 429): API limit reached. Please try again later. Remaining Limit: 0
[FH] CTVA 2026-03-16 rate-limited: FinnhubAPIException(status_code: 429): API limit reached. Please try again later. Remaining Limit: 0
[FH] CTVA: wrote 1 files, skipped 364
[FH] CTVA 2026-03-17 rate-limited: FinnhubAPIException(status_code: 429): API limit reached. Please try again later. Remaining Limit: 0
[FH] CTVA 2026-03-17 rate-limited: FinnhubAPIException(status_code: 429): API limit reached. Please try again later. Remaining Limit: 0
[FH] CTVA 2026-03-17 rate-limited: FinnhubAPIException(status_code: 429): API limit reached. Please try again later. Remaining Limit: 0
[FH] CTVA 2026-03-17 rate-limited: FinnhubAPIException(status_code: 429): API limit reached. Please try again later. Remaining Limit: 0
[FH] CTVA 2026-03-17 rate-limited: FinnhubAPIException(status_code: 429): API limit reached. Please try again later. Remaining Limit: 0
[FH] CTVA: wrote 1 files, skipped 364
[FH] CTVA: wrote 2 files, skipped 363
[FH] CTVA 2026-03-20 rate-limited: FinnhubAPIException(status_code: 429): API limit reached. Please try again later. Remaining Limit: 0
[FH] CTVA 2026-03-20 rate-limited: FinnhubAPIException(status_code: 429): API limit reached. Please try again later. Remaining Limit: 0
[FH] CTVA 2026-03-20 rate-limited: FinnhubAPIException(status_code: 429): API limit reached. Please try again later. Remaining Limit: 0
[FH] CTVA 2026-03-20 rate-limited: FinnhubAPIException(status_code: 429): API limit reached. Please try again later. Remaining Limit: 0
[FH] CTVA 2026-03-20 rate-limited: FinnhubAPIException(status_code: 429): API limit reached. Please try again later. Remaining Limit: 0
[FH] CTVA: wrote 1 files, skipped 364
[FH] CTVA: wrote 2 files, skipped 363
[FH] CTVA: wrote 2 files, skipped 363
[FH] CTVA: wrote 2 files, skipped 363
[FH] CTVA: wrote 2 files, skipped 363
[FH] CTVA: wrote 2 files, skipped 363
[FH] CTVA: wrote 2 files, skipped 363
[FH] CTVA: wrote 2 files, skipped 363
[FH] CTVA: wrote 2 files, skipped 363
[FH] CTVA: wrote 2 files, skipped 363
[FH] CTVA: wrote 2 files, skipped 363
[FH] CTVA: wrote 2 files, skipped 363
[FH] CTVA: wrote 2 files, skipped 363
[FH] CTVA: wrote 0 files, skipped 365
[FH] CTVA: wrote 2 files, skipped 363
[FH] CTVA 2026-04-16 rate-limited: FinnhubAPIException(status_code: 429): API limit reached. Please try again later. Remaining Limit: 0
[FH] CTVA 2026-04-16 rate-limited: FinnhubAPIException(status_code: 429): API limit reached. Please try again later. Remaining Limit: 0
[FH] CTVA 2026-04-16 rate-limited: FinnhubAPIException(status_code: 429): API limit reached. Please try again later. Remaining Limit: 0
[FH] CTVA 2026-04-16 rate-limited: FinnhubAPIException(status_code: 429): API limit reached. Please try again later. Remaining Limit: 0
[FH] CTVA 2026-04-16 rate-limited: FinnhubAPIException(status_code: 429): API limit reached. Please try again later. Remaining Limit: 0
[FH] CTVA: wrote 1 files, skipped 364
[FH] CTVA: wrote 2 files, skipped 363
[FH] CTVA: wrote 2 files, skipped 363
[FH] CTVA 2026-04-21 rate-limited: FinnhubAPIException(status_code: 429): API limit reached. Please try again later. Remaining Limit: 0
[FH] CTVA 2026-04-21 rate-limited: FinnhubAPIException(status_code: 429): API limit reached. Please try again later. Remaining Limit: 0
[FH] CTVA 2026-04-21 rate-limited: FinnhubAPIException(status_code: 429): API limit reached. Please try again later. Remaining Limit: 0
[FH] CTVA 2026-04-21 rate-limited: FinnhubAPIException(status_code: 429): API limit reached. Please try again later. Remaining Limit: 0
[FH] CTVA 2026-04-21 rate-limited: FinnhubAPIException(status_code: 429): API limit reached. Please try again later. Remaining Limit: 0
[FH] CTVA: wrote 1 files, skipped 364
[FH] CTVA: wrote 2 files, skipped 363
[FH] CTVA: wrote 2 files, skipped 363
[FH] CTVA: wrote 2 files, skipped 363
[FH] CTVA 2026-04-28 rate-limited: FinnhubAPIException(status_code: 429): API limit reached. Please try again later. Remaining Limit: 0
[FH] CTVA 2026-04-28 rate-limited: FinnhubAPIException(status_code: 429): API limit reached. Please try again later. Remaining Limit: 0
[FH] CTVA 2026-04-28 rate-limited: FinnhubAPIException(status_code: 429): API limit reached. Please try again later. Remaining Limit: 0
[FH] CTVA 2026-04-28 rate-limited: FinnhubAPIException(status_code: 429): API limit reached. Please try again later. Remaining Limit: 0
[FH] CTVA 2026-04-28 rate-limited: FinnhubAPIException(status_code: 429): API limit reached. Please try again later. Remaining Limit: 0
[FH] CTVA: wrote 1 files, skipped 364
[FH] CTVA: wrote 0 files, skipped 365
[FH] CTVA 2026-04-29 rate-limited: FinnhubAPIException(status_code: 429): API limit reached. Please try again later. Remaining Limit: 0
[FH] CTVA 2026-04-29 rate-limited: FinnhubAPIException(status_code: 429): API limit reached. Please try again later. Remaining Limit: 0
[FH] CTVA 2026-04-29 rate-limited: FinnhubAPIException(status_code: 429): API limit reached. Please try again later. Remaining Limit: 0
[FH] CTVA 2026-04-29 rate-limited: FinnhubAPIException(status_code: 429): API limit reached. Please try again later. Remaining Limit: 0
[FH] CTVA 2026-04-29 rate-limited: FinnhubAPIException(status_code: 429): API limit reached. Please try again later. Remaining Limit: 0
[FH] CTVA: wrote 1 files, skipped 364
[FH] CTVA: wrote 0 files, skipped 365
[FH] CTVA 2026-04-30 rate-limited: FinnhubAPIException(status_code: 429): API limit reached. Please try again later. Remaining Limit: 0
[FH] CTVA 2026-04-30 rate-limited: FinnhubAPIException(status_code: 429): API limit reached. Please try again later. Remaining Limit: 0
[FH] CTVA 2026-04-30 rate-limited: FinnhubAPIException(status_code: 429): API limit reached. Please try again later. Remaining Limit: 0
[FH] CTVA 2026-04-30 rate-limited: FinnhubAPIException(status_code: 429): API limit reached. Please try again later. Remaining Limit: 0
[FH] CTVA 2026-04-30 rate-limited: FinnhubAPIException(status_code: 429): API limit reached. Please try again later. Remaining Limit: 0
[FH] CTVA: wrote 1 files, skipped 364
[FH] CTVA: wrote 2 files, skipped 363
[FH] CTVA: wrote 2 files, skipped 363
[FH] CTVA: wrote 0 files, skipped 365
[FH] CTVA 2026-05-05 rate-limited: FinnhubAPIException(status_code: 429): API limit reached. Please try again later. Remaining Limit: 0
[FH] CTVA 2026-05-05 rate-limited: FinnhubAPIException(status_code: 429): API limit reached. Please try again later. Remaining Limit: 0
[FH] CTVA 2026-05-05 rate-limited: FinnhubAPIException(status_code: 429): API limit reached. Please try again later. Remaining Limit: 0
[FH] CTVA 2026-05-05 rate-limited: FinnhubAPIException(status_code: 429): API limit reached. Please try again later. Remaining Limit: 0
[FH] CTVA 2026-05-05 rate-limited: FinnhubAPIException(status_code: 429): API limit reached. Please try again later. Remaining Limit: 0
[FH] CTVA: wrote 1 files, skipped 364
[FH] CTVA 2026-05-06 rate-limited: FinnhubAPIException(status_code: 429): API limit reached. Please try again later. Remaining Limit: 0
[FH] CTVA 2026-05-06 rate-limited: FinnhubAPIException(status_code: 429): API limit reached. Please try again later. Remaining Limit: 0
[FH] CTVA 2026-05-06 rate-limited: FinnhubAPIException(status_code: 429): API limit reached. Please try again later. Remaining Limit: 0
[FH] CTVA 2026-05-06 rate-limited: FinnhubAPIException(status_code: 429): API limit reached. Please try again later. Remaining Limit: 0
[FH] CTVA 2026-05-06 rate-limited: FinnhubAPIException(status_code: 429): API limit reached. Please try again later. Remaining Limit: 0
[FH] CTVA: wrote 1 files, skipped 364
[FH] CTVA 2026-05-07 rate-limited: FinnhubAPIException(status_code: 429): API limit reached. Please try again later. Remaining Limit: 0
[FH] CTVA 2026-05-07 rate-limited: FinnhubAPIException(status_code: 429): API limit reached. Please try again later. Remaining Limit: 0
[FH] CTVA 2026-05-07 rate-limited: FinnhubAPIException(status_code: 429): API limit reached. Please try again later. Remaining Limit: 0
[FH] CTVA 2026-05-07 rate-limited: FinnhubAPIException(status_code: 429): API limit reached. Please try again later. Remaining Limit: 0
[FH] CTVA 2026-05-07 rate-limited: FinnhubAPIException(status_code: 429): API limit reached. Please try again later. Remaining Limit: 0
[FH] CTVA: wrote 1 files, skipped 364
[FH] CTVA 2026-05-08 rate-limited: FinnhubAPIException(status_code: 429): API limit reached. Please try again later. Remaining Limit: 0
[FH] CTVA 2026-05-08 rate-limited: FinnhubAPIException(status_code: 429): API limit reached. Please try again later. Remaining Limit: 0
[FH] CTVA 2026-05-08 rate-limited: FinnhubAPIException(status_code: 429): API limit reached. Please try again later. Remaining Limit: 0
[FH] CTVA 2026-05-08 rate-limited: FinnhubAPIException(status_code: 429): API limit reached. Please try again later. Remaining Limit: 0
[FH] CTVA 2026-05-08 rate-limited: FinnhubAPIException(status_code: 429): API limit reached. Please try again later. Remaining Limit: 0
[FH] CTVA: wrote 1 files, skipped 364
[FH] CTVA: wrote 2 files, skipped 363
[FH] CTVA 2026-05-11 rate-limited: FinnhubAPIException(status_code: 429): API limit reached. Please try again later. Remaining Limit: 0
[FH] CTVA 2026-05-11 rate-limited: FinnhubAPIException(status_code: 429): API limit reached. Please try again later. Remaining Limit: 0
[FH] CTVA 2026-05-11 rate-limited: FinnhubAPIException(status_code: 429): API limit reached. Please try again later. Remaining Limit: 0
[FH] CTVA 2026-05-11 rate-limited: FinnhubAPIException(status_code: 429): API limit reached. Please try again later. Remaining Limit: 0
[FH] CTVA 2026-05-11 rate-limited: FinnhubAPIException(status_code: 429): API limit reached. Please try again later. Remaining Limit: 0
[FH] CTVA: wrote 1 files, skipped 364
[FH] CTVA 2026-05-12 rate-limited: FinnhubAPIException(status_code: 429): API limit reached. Please try again later. Remaining Limit: 0
[FH] CTVA 2026-05-12 rate-limited: FinnhubAPIException(status_code: 429): API limit reached. Please try again later. Remaining Limit: 0
[FH] CTVA 2026-05-12 rate-limited: FinnhubAPIException(status_code: 429): API limit reached. Please try again later. Remaining Limit: 0
[FH] CTVA 2026-05-12 rate-limited: FinnhubAPIException(status_code: 429): API limit reached. Please try again later. Remaining Limit: 0
[FH] CTVA 2026-05-12 rate-limited: FinnhubAPIException(status_code: 429): API limit reached. Please try again later. Remaining Limit: 0
[FH] CTVA: wrote 1 files, skipped 364
[FH] CTVA 2026-05-13 rate-limited: FinnhubAPIException(status_code: 429): API limit reached. Please try again later. Remaining Limit: 0
[FH] CTVA 2026-05-13 rate-limited: FinnhubAPIException(status_code: 429): API limit reached. Please try again later. Remaining Limit: 0
[FH] CTVA 2026-05-13 rate-limited: FinnhubAPIException(status_code: 429): API limit reached. Please try again later. Remaining Limit: 0
[FH] CTVA 2026-05-13 rate-limited: FinnhubAPIException(status_code: 429): API limit reached. Please try again later. Remaining Limit: 0
[FH] CTVA 2026-05-13 rate-limited: FinnhubAPIException(status_code: 429): API limit reached. Please try again later. Remaining Limit: 0
[FH] CTVA: wrote 1 files, skipped 364
[FH] CTVA: wrote 0 files, skipped 365
[FH] CTVA 2026-05-14 rate-limited: FinnhubAPIException(status_code: 429): API limit reached. Please try again later. Remaining Limit: 0
[FH] CTVA 2026-05-14 rate-limited: FinnhubAPIException(status_code: 429): API limit reached. Please try again later. Remaining Limit: 0
[FH] CTVA 2026-05-14 rate-limited: FinnhubAPIException(status_code: 429): API limit reached. Please try again later. Remaining Limit: 0
[FH] CTVA 2026-05-14 rate-limited: FinnhubAPIException(status_code: 429): API limit reached. Please try again later. Remaining Limit: 0
[FH] CTVA 2026-05-14 rate-limited: FinnhubAPIException(status_code: 429): API limit reached. Please try again later. Remaining Limit: 0
[FH] CTVA: wrote 1 files, skipped 364
[FH] CTVA 2026-05-15 rate-limited: FinnhubAPIException(status_code: 429): API limit reached. Please try again later. Remaining Limit: 0
[FH] CTVA 2026-05-15 rate-limited: FinnhubAPIException(status_code: 429): API limit reached. Please try again later. Remaining Limit: 0
[FH] CTVA 2026-05-15 rate-limited: FinnhubAPIException(status_code: 429): API limit reached. Please try again later. Remaining Limit: 0
[FH] CTVA 2026-05-15 rate-limited: FinnhubAPIException(status_code: 429): API limit reached. Please try again later. Remaining Limit: 0
[FH] CTVA 2026-05-15 rate-limited: FinnhubAPIException(status_code: 429): API limit reached. Please try again later. Remaining Limit: 0
[FH] CTVA: wrote 1 files, skipped 364
[FH] CTVA 2026-05-16 rate-limited: FinnhubAPIException(status_code: 429): API limit reached. Please try again later. Remaining Limit: 0
[FH] CTVA 2026-05-16 rate-limited: FinnhubAPIException(status_code: 429): API limit reached. Please try again later. Remaining Limit: 0
[FH] CTVA 2026-05-16 rate-limited: FinnhubAPIException(status_code: 429): API limit reached. Please try again later. Remaining Limit: 0
[FH] CTVA 2026-05-16 rate-limited: FinnhubAPIException(status_code: 429): API limit reached. Please try again later. Remaining Limit: 0
[FH] CTVA 2026-05-16 rate-limited: FinnhubAPIException(status_code: 429): API limit reached. Please try again later. Remaining Limit: 0
[FH] CTVA: wrote 1 files, skipped 364
[FH] CTVA: wrote 2 files, skipped 363
[FH] CTVA 2026-05-19 rate-limited: FinnhubAPIException(status_code: 429): API limit reached. Please try again later. Remaining Limit: 0
[FH] CTVA 2026-05-19 rate-limited: FinnhubAPIException(status_code: 429): API limit reached. Please try again later. Remaining Limit: 0
[FH] CTVA 2026-05-19 rate-limited: FinnhubAPIException(status_code: 429): API limit reached. Please try again later. Remaining Limit: 0
[FH] CTVA 2026-05-19 rate-limited: FinnhubAPIException(status_code: 429): API limit reached. Please try again later. Remaining Limit: 0
[FH] CTVA 2026-05-19 rate-limited: FinnhubAPIException(status_code: 429): API limit reached. Please try again later. Remaining Limit: 0
[FH] CTVA: wrote 1 files, skipped 364
[FH] CTVA: wrote 0 files, skipped 365
[FH] CTVA 2026-05-20 rate-limited: FinnhubAPIException(status_code: 429): API limit reached. Please try again later. Remaining Limit: 0
[FH] CTVA 2026-05-20 rate-limited: FinnhubAPIException(status_code: 429): API limit reached. Please try again later. Remaining Limit: 0
[FH] CTVA 2026-05-20 rate-limited: FinnhubAPIException(status_code: 429): API limit reached. Please try again later. Remaining Limit: 0
[FH] CTVA 2026-05-20 rate-limited: FinnhubAPIException(status_code: 429): API limit reached. Please try again later. Remaining Limit: 0
[FH] CTVA 2026-05-20 rate-limited: FinnhubAPIException(status_code: 429): API limit reached. Please try again later. Remaining Limit: 0
[FH] CTVA: wrote 1 files, skipped 364
[FH] CTVA 2026-05-21 rate-limited: FinnhubAPIException(status_code: 429): API limit reached. Please try again later. Remaining Limit: 0
[FH] CTVA 2026-05-21 rate-limited: FinnhubAPIException(status_code: 429): API limit reached. Please try again later. Remaining Limit: 0
[FH] CTVA 2026-05-21 rate-limited: FinnhubAPIException(status_code: 429): API limit reached. Please try again later. Remaining Limit: 0
[FH] CTVA 2026-05-21 rate-limited: FinnhubAPIException(status_code: 429): API limit reached. Please try again later. Remaining Limit: 0
[FH] CTVA 2026-05-21 rate-limited: FinnhubAPIException(status_code: 429): API limit reached. Please try again later. Remaining Limit: 0
[FH] CTVA: wrote 1 files, skipped 364
[FH] CTVA: wrote 0 files, skipped 365
[FH] CTVA 2026-05-22 rate-limited: FinnhubAPIException(status_code: 429): API limit reached. Please try again later. Remaining Limit: 0
[FH] CTVA 2026-05-22 rate-limited: FinnhubAPIException(status_code: 429): API limit reached. Please try again later. Remaining Limit: 0
[FH] CTVA 2026-05-22 rate-limited: FinnhubAPIException(status_code: 429): API limit reached. Please try again later. Remaining Limit: 0
[FH] CTVA 2026-05-22 rate-limited: FinnhubAPIException(status_code: 429): API limit reached. Please try again later. Remaining Limit: 0
[FH] CTVA 2026-05-22 rate-limited: FinnhubAPIException(status_code: 429): API limit reached. Please try again later. Remaining Limit: 0
[FH] CTVA: wrote 1 files, skipped 364
[FH] CTVA: wrote 2 files, skipped 363
[FH] CTVA: wrote 0 files, skipped 365
[FH] CTVA 2026-05-25 rate-limited: FinnhubAPIException(status_code: 429): API limit reached. Please try again later. Remaining Limit: 0
[FH] CTVA 2026-05-25 rate-limited: FinnhubAPIException(status_code: 429): API limit reached. Please try again later. Remaining Limit: 0
[FH] CTVA 2026-05-25 rate-limited: FinnhubAPIException(status_code: 429): API limit reached. Please try again later. Remaining Limit: 0
[FH] CTVA 2026-05-25 rate-limited: FinnhubAPIException(status_code: 429): API limit reached. Please try again later. Remaining Limit: 0
[FH] CTVA 2026-05-25 rate-limited: FinnhubAPIException(status_code: 429): API limit reached. Please try again later. Remaining Limit: 0
[FH] CTVA: wrote 1 files, skipped 364
[FH] CTVA 2026-05-26 rate-limited: FinnhubAPIException(status_code: 429): API limit reached. Please try again later. Remaining Limit: 0
[FH] CTVA 2026-05-26 rate-limited: FinnhubAPIException(status_code: 429): API limit reached. Please try again later. Remaining Limit: 0
[FH] CTVA 2026-05-26 rate-limited: FinnhubAPIException(status_code: 429): API limit reached. Please try again later. Remaining Limit: 0
[FH] CTVA 2026-05-26 rate-limited: FinnhubAPIException(status_code: 429): API limit reached. Please try again later. Remaining Limit: 0
[FH] CTVA 2026-05-26 rate-limited: FinnhubAPIException(status_code: 429): API limit reached. Please try again later. Remaining Limit: 0
[FH] CTVA: wrote 1 files, skipped 364
[FH] CTVA: wrote 0 files, skipped 365
[FH] CTVA 2026-05-27 rate-limited: FinnhubAPIException(status_code: 429): API limit reached. Please try again later. Remaining Limit: 0
[FH] CTVA 2026-05-27 rate-limited: FinnhubAPIException(status_code: 429): API limit reached. Please try again later. Remaining Limit: 0
[FH] CTVA 2026-05-27 rate-limited: FinnhubAPIException(status_code: 429): API limit reached. Please try again later. Remaining Limit: 0
[FH] CTVA 2026-05-27 rate-limited: FinnhubAPIException(status_code: 429): API limit reached. Please try again later. Remaining Limit: 0
[FH] CTVA 2026-05-27 rate-limited: FinnhubAPIException(status_code: 429): API limit reached. Please try again later. Remaining Limit: 0
[FH] CTVA: wrote 1 files, skipped 364
[FH] CTVA 2026-05-28 rate-limited: FinnhubAPIException(status_code: 429): API limit reached. Please try again later. Remaining Limit: 0
[FH] CTVA 2026-05-28 rate-limited: FinnhubAPIException(status_code: 429): API limit reached. Please try again later. Remaining Limit: 0
[FH] CTVA 2026-05-28 rate-limited: FinnhubAPIException(status_code: 429): API limit reached. Please try again later. Remaining Limit: 0
[FH] CTVA 2026-05-28 rate-limited: FinnhubAPIException(status_code: 429): API limit reached. Please try again later. Remaining Limit: 0
[FH] CTVA 2026-05-28 rate-limited: FinnhubAPIException(status_code: 429): API limit reached. Please try again later. Remaining Limit: 0
[FH] CTVA: wrote 1 files, skipped 364
[FH] CTVA 2026-05-29 rate-limited: FinnhubAPIException(status_code: 429): API limit reached. Please try again later. Remaining Limit: 0
[FH] CTVA 2026-05-29 rate-limited: FinnhubAPIException(status_code: 429): API limit reached. Please try again later. Remaining Limit: 0
[FH] CTVA 2026-05-29 rate-limited: FinnhubAPIException(status_code: 429): API limit reached. Please try again later. Remaining Limit: 0
[FH] CTVA 2026-05-29 rate-limited: FinnhubAPIException(status_code: 429): API limit reached. Please try again later. Remaining Limit: 0
[FH] CTVA 2026-05-29 rate-limited: FinnhubAPIException(status_code: 429): API limit reached. Please try again later. Remaining Limit: 0
[FH] CTVA: wrote 1 files, skipped 364
[FH] CTVA: wrote 2 files, skipped 363
[FH] CTVA: wrote 0 files, skipped 365
[FH] CTVA 2026-06-01 rate-limited: FinnhubAPIException(status_code: 429): API limit reached. Please try again later. Remaining Limit: 0
[FH] CTVA 2026-06-01 rate-limited: FinnhubAPIException(status_code: 429): API limit reached. Please try again later. Remaining Limit: 0
[FH] CTVA 2026-06-01 rate-limited: FinnhubAPIException(status_code: 429): API limit reached. Please try again later. Remaining Limit: 0
[FH] CTVA 2026-06-01 rate-limited: FinnhubAPIException(status_code: 429): API limit reached. Please try again later. Remaining Limit: 0
[FH] CTVA 2026-06-01 rate-limited: FinnhubAPIException(status_code: 429): API limit reached. Please try again later. Remaining Limit: 0
[FH] CTVA: wrote 1 files, skipped 364
[FH] CTVA 2026-06-02 rate-limited: FinnhubAPIException(status_code: 429): API limit reached. Please try again later. Remaining Limit: 0
[FH] CTVA 2026-06-02 rate-limited: FinnhubAPIException(status_code: 429): API limit reached. Please try again later. Remaining Limit: 0
[FH] CTVA 2026-06-02 rate-limited: FinnhubAPIException(status_code: 429): API limit reached. Please try again later. Remaining Limit: 0
[FH] CTVA 2026-06-02 rate-limited: FinnhubAPIException(status_code: 429): API limit reached. Please try again later. Remaining Limit: 0
[FH] CTVA 2026-06-02 rate-limited: FinnhubAPIException(status_code: 429): API limit reached. Please try again later. Remaining Limit: 0
[FH] CTVA: wrote 1 files, skipped 364
[FH] CTVA 2026-06-03 rate-limited: FinnhubAPIException(status_code: 429): API limit reached. Please try again later. Remaining Limit: 0
[FH] CTVA 2026-06-03 rate-limited: FinnhubAPIException(status_code: 429): API limit reached. Please try again later. Remaining Limit: 0
[FH] CTVA 2026-06-03 rate-limited: FinnhubAPIException(status_code: 429): API limit reached. Please try again later. Remaining Limit: 0
[FH] CTVA 2026-06-03 rate-limited: FinnhubAPIException(status_code: 429): API limit reached. Please try again later. Remaining Limit: 0
[FH] CTVA 2026-06-03 rate-limited: FinnhubAPIException(status_code: 429): API limit reached. Please try again later. Remaining Limit: 0
[FH] CTVA: wrote 1 files, skipped 364
[FH] CTVA: wrote 0 files, skipped 365
[FH] CTVA: wrote 0 files, skipped 365
[FH] CTVA 2026-06-04 rate-limited: FinnhubAPIException(status_code: 429): API limit reached. Please try again later. Remaining Limit: 0
[FH] CTVA 2026-06-04 rate-limited: FinnhubAPIException(status_code: 429): API limit reached. Please try again later. Remaining Limit: 0
[FH] CTVA 2026-06-04 rate-limited: FinnhubAPIException(status_code: 429): API limit reached. Please try again later. Remaining Limit: 0
[FH] CTVA 2026-06-04 rate-limited: FinnhubAPIException(status_code: 429): API limit reached. Please try again later. Remaining Limit: 0
[FH] CTVA 2026-06-04 rate-limited: FinnhubAPIException(status_code: 429): API limit reached. Please try again later. Remaining Limit: 0
[FH] CTVA: wrote 1 files, skipped 364
[FH] CTVA: wrote 0 files, skipped 365
[FH] CTVA 2026-06-05 rate-limited: FinnhubAPIException(status_code: 429): API limit reached. Please try again later. Remaining Limit: 0
[FH] CTVA 2026-06-05 rate-limited: FinnhubAPIException(status_code: 429): API limit reached. Please try again later. Remaining Limit: 0
[FH] CTVA 2026-06-05 rate-limited: FinnhubAPIException(status_code: 429): API limit reached. Please try again later. Remaining Limit: 0
[FH] CTVA 2026-06-05 rate-limited: FinnhubAPIException(status_code: 429): API limit reached. Please try again later. Remaining Limit: 0
[FH] CTVA 2026-06-05 rate-limited: FinnhubAPIException(status_code: 429): API limit reached. Please try again later. Remaining Limit: 0
[FH] CTVA: wrote 1 files, skipped 364
[FH] CTVA 2026-06-06 rate-limited: FinnhubAPIException(status_code: 429): API limit reached. Please try again later. Remaining Limit: 0
[FH] CTVA 2026-06-06 rate-limited: FinnhubAPIException(status_code: 429): API limit reached. Please try again later. Remaining Limit: 0
[FH] CTVA 2026-06-06 rate-limited: FinnhubAPIException(status_code: 429): API limit reached. Please try again later. Remaining Limit: 0
[FH] CTVA 2026-06-06 rate-limited: FinnhubAPIException(status_code: 429): API limit reached. Please try again later. Remaining Limit: 0
[FH] CTVA 2026-06-06 rate-limited: FinnhubAPIException(status_code: 429): API limit reached. Please try again later. Remaining Limit: 0
[FH] CTVA: wrote 1 files, skipped 364
[FH] CTVA 2026-06-07 rate-limited: FinnhubAPIException(status_code: 429): API limit reached. Please try again later. Remaining Limit: 0
[FH] CTVA 2026-06-07 rate-limited: FinnhubAPIException(status_code: 429): API limit reached. Please try again later. Remaining Limit: 0
[FH] CTVA 2026-06-07 rate-limited: FinnhubAPIException(status_code: 429): API limit reached. Please try again later. Remaining Limit: 0
[FH] CTVA 2026-06-07 rate-limited: FinnhubAPIException(status_code: 429): API limit reached. Please try again later. Remaining Limit: 0
[FH] CTVA 2026-06-07 rate-limited: FinnhubAPIException(status_code: 429): API limit reached. Please try again later. Remaining Limit: 0
[FH] CTVA: wrote 1 files, skipped 364
[FH] CTVA 2026-06-08 rate-limited: FinnhubAPIException(status_code: 429): API limit reached. Please try again later. Remaining Limit: 0
[FH] CTVA 2026-06-08 rate-limited: FinnhubAPIException(status_code: 429): API limit reached. Please try again later. Remaining Limit: 0
[FH] CTVA 2026-06-08 rate-limited: FinnhubAPIException(status_code: 429): API limit reached. Please try again later. Remaining Limit: 0
[FH] CTVA 2026-06-08 rate-limited: FinnhubAPIException(status_code: 429): API limit reached. Please try again later. Remaining Limit: 0
[FH] CTVA 2026-06-08 rate-limited: FinnhubAPIException(status_code: 429): API limit reached. Please try again later. Remaining Limit: 0
[FH] CTVA: wrote 1 files, skipped 364
[FH] CTVA: wrote 0 files, skipped 365
[FH] CTVA 2026-06-09 rate-limited: FinnhubAPIException(status_code: 429): API limit reached. Please try again later. Remaining Limit: 0
[FH] CTVA 2026-06-09 rate-limited: FinnhubAPIException(status_code: 429): API limit reached. Please try again later. Remaining Limit: 0
[FH] CTVA 2026-06-09 rate-limited: FinnhubAPIException(status_code: 429): API limit reached. Please try again later. Remaining Limit: 0
[FH] CTVA 2026-06-09 rate-limited: FinnhubAPIException(status_code: 429): API limit reached. Please try again later. Remaining Limit: 0
[FH] CTVA 2026-06-09 rate-limited: FinnhubAPIException(status_code: 429): API limit reached. Please try again later. Remaining Limit: 0
[FH] CTVA: wrote 1 files, skipped 364
[FH] CTVA 2026-06-10 rate-limited: FinnhubAPIException(status_code: 429): API limit reached. Please try again later. Remaining Limit: 0
[FH] CTVA 2026-06-10 rate-limited: FinnhubAPIException(status_code: 429): API limit reached. Please try again later. Remaining Limit: 0
[FH] CTVA 2026-06-10 rate-limited: FinnhubAPIException(status_code: 429): API limit reached. Please try again later. Remaining Limit: 0
[FH] CTVA 2026-06-10 rate-limited: FinnhubAPIException(status_code: 429): API limit reached. Please try again later. Remaining Limit: 0
[FH] CTVA 2026-06-10 rate-limited: FinnhubAPIException(status_code: 429): API limit reached. Please try again later. Remaining Limit: 0
[FH] CTVA: wrote 1 files, skipped 364
[FH] CTVA 2026-06-11 rate-limited: FinnhubAPIException(status_code: 429): API limit reached. Please try again later. Remaining Limit: 0
[FH] CTVA 2026-06-11 rate-limited: FinnhubAPIException(status_code: 429): API limit reached. Please try again later. Remaining Limit: 0
[FH] CTVA 2026-06-11 rate-limited: FinnhubAPIException(status_code: 429): API limit reached. Please try again later. Remaining Limit: 0
[FH] CTVA 2026-06-11 rate-limited: FinnhubAPIException(status_code: 429): API limit reached. Please try again later. Remaining Limit: 0
[FH] CTVA 2026-06-11 rate-limited: FinnhubAPIException(status_code: 429): API limit reached. Please try again later. Remaining Limit: 0
[FH] CTVA: wrote 1 files, skipped 364
[FH] CTVA 2026-06-12 rate-limited: FinnhubAPIException(status_code: 429): API limit reached. Please try again later. Remaining Limit: 0
[FH] CTVA 2026-06-12 rate-limited: FinnhubAPIException(status_code: 429): API limit reached. Please try again later. Remaining Limit: 0
[FH] CTVA 2026-06-12 rate-limited: FinnhubAPIException(status_code: 429): API limit reached. Please try again later. Remaining Limit: 0
[FH] CTVA 2026-06-12 rate-limited: FinnhubAPIException(status_code: 429): API limit reached. Please try again later. Remaining Limit: 0
[FH] CTVA 2026-06-12 rate-limited: FinnhubAPIException(status_code: 429): API limit reached. Please try again later. Remaining Limit: 0
[FH] CTVA: wrote 1 files, skipped 364
[FH] CTVA 2026-06-13 rate-limited: FinnhubAPIException(status_code: 429): API limit reached. Please try again later. Remaining Limit: 0
[FH] CTVA 2026-06-13 rate-limited: FinnhubAPIException(status_code: 429): API limit reached. Please try again later. Remaining Limit: 0
[FH] CTVA 2026-06-13 rate-limited: FinnhubAPIException(status_code: 429): API limit reached. Please try again later. Remaining Limit: 0
[FH] CTVA 2026-06-13 rate-limited: FinnhubAPIException(status_code: 429): API limit reached. Please try again later. Remaining Limit: 0
[FH] CTVA 2026-06-13 rate-limited: FinnhubAPIException(status_code: 429): API limit reached. Please try again later. Remaining Limit: 0
[FH] CTVA: wrote 1 files, skipped 364
[FH] CTVA 2026-06-14 rate-limited: FinnhubAPIException(status_code: 429): Too many requests. Please try again later.
[FH] CTVA 2026-06-14 rate-limited: FinnhubAPIException(status_code: 429): Too many requests. Please try again later.
[FH] CTVA 2026-06-14 rate-limited: FinnhubAPIException(status_code: 429): Too many requests. Please try again later.
[FH] CTVA 2026-06-14 rate-limited: FinnhubAPIException(status_code: 429): Too many requests. Please try again later.
[FH] CTVA 2026-06-14 rate-limited: FinnhubAPIException(status_code: 429): Too many requests. Please try again later.
[FH] CTVA: wrote 1 files, skipped 364
[FH] CTVA: wrote 0 files, skipped 365
[FH] CTVA 2026-06-15 rate-limited: FinnhubAPIException(status_code: 429): Too many requests. Please try again later.
[FH] CTVA 2026-06-15 rate-limited: FinnhubAPIException(status_code: 429): Too many requests. Please try again later.
[FH] CTVA 2026-06-15 rate-limited: FinnhubAPIException(status_code: 429): Too many requests. Please try again later.
[FH] CTVA 2026-06-15 rate-limited: FinnhubAPIException(status_code: 429): Too many requests. Please try again later.
[FH] CTVA 2026-06-15 rate-limited: FinnhubAPIException(status_code: 429): Too many requests. Please try again later.
[FH] CTVA: wrote 1 files, skipped 364
[FH] CTVA 2026-06-16 rate-limited: FinnhubAPIException(status_code: 429): Too many requests. Please try again later.
[FH] CTVA 2026-06-16 rate-limited: FinnhubAPIException(status_code: 429): Too many requests. Please try again later.
[FH] CTVA 2026-06-16 rate-limited: FinnhubAPIException(status_code: 429): Too many requests. Please try again later.
[FH] CTVA 2026-06-16 rate-limited: FinnhubAPIException(status_code: 429): Too many requests. Please try again later.
[FH] CTVA 2026-06-16 rate-limited: FinnhubAPIException(status_code: 429): Too many requests. Please try again later.
[FH] CTVA: wrote 1 files, skipped 364
[FH] CTVA 2026-06-17 rate-limited: FinnhubAPIException(status_code: 429): Too many requests. Please try again later.
[FH] CTVA 2026-06-17 rate-limited: FinnhubAPIException(status_code: 429): Too many requests. Please try again later.
[FH] CTVA 2026-06-17 rate-limited: FinnhubAPIException(status_code: 429): Too many requests. Please try again later.
[FH] CTVA 2026-06-17 rate-limited: FinnhubAPIException(status_code: 429): Too many requests. Please try again later.
[FH] CTVA 2026-06-17 rate-limited: FinnhubAPIException(status_code: 429): Too many requests. Please try again later.
[FH] CTVA: wrote 1 files, skipped 364
[FH] CTVA 2026-06-18 rate-limited: FinnhubAPIException(status_code: 429): Too many requests. Please try again later.
[FH] CTVA 2026-06-18 rate-limited: FinnhubAPIException(status_code: 429): Too many requests. Please try again later.
[FH] CTVA 2026-06-18 rate-limited: FinnhubAPIException(status_code: 429): Too many requests. Please try again later.
[FH] CTVA 2026-06-18 rate-limited: FinnhubAPIException(status_code: 429): Too many requests. Please try again later.
[FH] CTVA 2026-06-18 rate-limited: FinnhubAPIException(status_code: 429): Too many requests. Please try again later.
[FH] CTVA: wrote 1 files, skipped 364
[FH] CTVA 2026-06-19 rate-limited: FinnhubAPIException(status_code: 429): Too many requests. Please try again later.
[FH] CTVA 2026-06-19 rate-limited: FinnhubAPIException(status_code: 429): Too many requests. Please try again later.
[FH] CTVA 2026-06-19 rate-limited: FinnhubAPIException(status_code: 429): Too many requests. Please try again later.
[FH] CTVA 2026-06-19 rate-limited: FinnhubAPIException(status_code: 429): Too many requests. Please try again later.
[FH] CTVA 2026-06-19 rate-limited: FinnhubAPIException(status_code: 429): Too many requests. Please try again later.
[FH] CTVA: wrote 1 files, skipped 364
[FH] CTVA 2026-06-20 rate-limited: FinnhubAPIException(status_code: 429): Too many requests. Please try again later.
[FH] CTVA 2026-06-20 rate-limited: FinnhubAPIException(status_code: 429): Too many requests. Please try again later.
[FH] CTVA 2026-06-20 rate-limited: FinnhubAPIException(status_code: 429): Too many requests. Please try again later.
[FH] CTVA 2026-06-20 rate-limited: FinnhubAPIException(status_code: 429): Too many requests. Please try again later.
[FH] CTVA 2026-06-20 rate-limited: FinnhubAPIException(status_code: 429): Too many requests. Please try again later.
[FH] CTVA: wrote 1 files, skipped 364
