[FH] DPZ: wrote 3 files, skipped 362
[FH] DPZ: wrote 0 files, skipped 365
[FH] DPZ: wrote 0 files, skipped 365
[FH] DPZ: wrote 0 files, skipped 365
[FH] DPZ: wrote 0 files, skipped 365
[FH] DPZ: wrote 0 files, skipped 365
[FH] DPZ: wrote 0 files, skipped 365
[FH] DPZ: wrote 0 files, skipped 365
[FH] DPZ: wrote 0 files, skipped 365
[FH] DPZ: wrote 0 files, skipped 365
[FH] DPZ: wrote 1 files, skipped 364
[FH] DPZ: wrote 0 files, skipped 365
[FH] DPZ: wrote 0 files, skipped 365
[FH] DPZ: wrote 1 files, skipped 364
[FH] DPZ: wrote 2 files, skipped 363
[FH] DPZ: wrote 2 files, skipped 363
[FH] DPZ: wrote 1 files, skipped 364
[FH] DPZ: wrote 0 files, skipped 365
[FH] DPZ: wrote 0 files, skipped 365
[FH] DPZ: wrote 0 files, skipped 365
[FH] DPZ: wrote 0 files, skipped 365
[FH] DPZ: wrote 0 files, skipped 365
[FH] DPZ: wrote 2 files, skipped 363
[FH] DPZ: wrote 2 files, skipped 363
[FH] DPZ: wrote 2 files, skipped 363
[FH] DPZ: wrote 1 files, skipped 364
[FH] DPZ: wrote 0 files, skipped 365
[FH] DPZ: wrote 0 files, skipped 365
[FH] DPZ: wrote 0 files, skipped 365
[FH] DPZ: wrote 0 files, skipped 365
[FH] DPZ: wrote 0 files, skipped 365
[FH] DPZ: wrote 2 files, skipped 363
[FH] DPZ 2025-11-23 rate-limited: FinnhubAPIException(status_code: 429): API limit reached. Please try again later. Remaining Limit: 0
[FH] DPZ 2025-11-23 rate-limited: FinnhubAPIException(status_code: 429): API limit reached. Please try again later. Remaining Limit: 0
[FH] DPZ 2025-11-23 rate-limited: FinnhubAPIException(status_code: 429): API limit reached. Please try again later. Remaining Limit: 0
[FH] DPZ 2025-11-23 rate-limited: FinnhubAPIException(status_code: 429): API limit reached. Please try again later. Remaining Limit: 0
[FH] DPZ 2025-11-23 rate-limited: FinnhubAPIException(status_code: 429): API limit reached. Please try again later. Remaining Limit: 0
[FH] DPZ 2025-11-24 rate-limited: FinnhubAPIException(status_code: 429): API limit reached. Please try again later. Remaining Limit: 0
[FH] DPZ 2025-11-24 rate-limited: FinnhubAPIException(status_code: 429): API limit reached. Please try again later. Remaining Limit: 0
[FH] DPZ 2025-11-24 rate-limited: FinnhubAPIException(status_code: 429): API limit reached. Please try again later. Remaining Limit: 0
[FH] DPZ 2025-11-24 rate-limited: FinnhubAPIException(status_code: 429): API limit reached. Please try again later. Remaining Limit: 0
[FH] DPZ 2025-11-24 rate-limited: FinnhubAPIException(status_code: 429): API limit reached. Please try again later. Remaining Limit: 0
[FH] DPZ: wrote 3 files, skipped 362
[FH] DPZ 2025-11-26 rate-limited: FinnhubAPIException(status_code: 429): API limit reached. Please try again later. Remaining Limit: 0
[FH] DPZ 2025-11-26 rate-limited: FinnhubAPIException(status_code: 429): API limit reached. Please try again later. Remaining Limit: 0
[FH] DPZ 2025-11-26 rate-limited: FinnhubAPIException(status_code: 429): API limit reached. Please try again later. Remaining Limit: 0
[FH] DPZ 2025-11-26 rate-limited: FinnhubAPIException(status_code: 429): API limit reached. Please try again later. Remaining Limit: 0
[FH] DPZ 2025-11-26 rate-limited: FinnhubAPIException(status_code: 429): API limit reached. Please try again later. Remaining Limit: 0
[FH] DPZ 2025-11-27 rate-limited: FinnhubAPIException(status_code: 429): API limit reached. Please try again later. Remaining Limit: 0
[FH] DPZ 2025-11-27 rate-limited: FinnhubAPIException(status_code: 429): API limit reached. Please try again later. Remaining Limit: 0
[FH] DPZ 2025-11-27 rate-limited: FinnhubAPIException(status_code: 429): API limit reached. Please try again later. Remaining Limit: 0
[FH] DPZ 2025-11-27 rate-limited: FinnhubAPIException(status_code: 429): API limit reached. Please try again later. Remaining Limit: 0
[FH] DPZ 2025-11-27 rate-limited: FinnhubAPIException(status_code: 429): API limit reached. Please try again later. Remaining Limit: 0
[FH] DPZ: wrote 3 files, skipped 362
[FH] DPZ 2025-11-28 rate-limited: FinnhubAPIException(status_code: 429): API limit reached. Please try again later. Remaining Limit: 0
[FH] DPZ 2025-11-28 rate-limited: FinnhubAPIException(status_code: 429): API limit reached. Please try again later. Remaining Limit: 0
[FH] DPZ 2025-11-28 rate-limited: FinnhubAPIException(status_code: 429): API limit reached. Please try again later. Remaining Limit: 0
[FH] DPZ 2025-11-28 rate-limited: FinnhubAPIException(status_code: 429): API limit reached. Please try again later. Remaining Limit: 0
[FH] DPZ 2025-11-28 rate-limited: FinnhubAPIException(status_code: 429): API limit reached. Please try again later. Remaining Limit: 0
[FH] DPZ 2025-11-29 rate-limited: FinnhubAPIException(status_code: 429): API limit reached. Please try again later. Remaining Limit: 0
[FH] DPZ 2025-11-29 rate-limited: FinnhubAPIException(status_code: 429): API limit reached. Please try again later. Remaining Limit: 0
[FH] DPZ 2025-11-29 rate-limited: FinnhubAPIException(status_code: 429): API limit reached. Please try again later. Remaining Limit: 0
[FH] DPZ 2025-11-29 rate-limited: FinnhubAPIException(status_code: 429): API limit reached. Please try again later. Remaining Limit: 0
[FH] DPZ 2025-11-29 rate-limited: FinnhubAPIException(status_code: 429): API limit reached. Please try again later. Remaining Limit: 0
[FH] DPZ: wrote 3 files, skipped 362
[FH] DPZ: wrote 2 files, skipped 363
[FH] DPZ: wrote 2 files, skipped 363
[FH] DPZ 2025-12-05 rate-limited: FinnhubAPIException(status_code: 429): API limit reached. Please try again later. Remaining Limit: 0
[FH] DPZ 2025-12-05 rate-limited: FinnhubAPIException(status_code: 429): API limit reached. Please try again later. Remaining Limit: 0
[FH] DPZ 2025-12-05 rate-limited: FinnhubAPIException(status_code: 429): API limit reached. Please try again later. Remaining Limit: 0
[FH] DPZ 2025-12-05 rate-limited: FinnhubAPIException(status_code: 429): API limit reached. Please try again later. Remaining Limit: 0
[FH] DPZ 2025-12-05 rate-limited: FinnhubAPIException(status_code: 429): API limit reached. Please try again later. Remaining Limit: 0
[FH] DPZ: wrote 3 files, skipped 362
[FH] DPZ 2025-12-09 rate-limited: FinnhubAPIException(status_code: 429): API limit reached. Please try again later. Remaining Limit: 0
[FH] DPZ 2025-12-09 rate-limited: FinnhubAPIException(status_code: 429): API limit reached. Please try again later. Remaining Limit: 0
[FH] DPZ 2025-12-09 rate-limited: FinnhubAPIException(status_code: 429): API limit reached. Please try again later. Remaining Limit: 0
[FH] DPZ 2025-12-09 rate-limited: FinnhubAPIException(status_code: 429): API limit reached. Please try again later. Remaining Limit: 0
[FH] DPZ 2025-12-09 rate-limited: FinnhubAPIException(status_code: 429): API limit reached. Please try again later. Remaining Limit: 0
[FH] DPZ 2025-12-10 rate-limited: FinnhubAPIException(status_code: 429): API limit reached. Please try again later. Remaining Limit: 0
[FH] DPZ 2025-12-10 rate-limited: FinnhubAPIException(status_code: 429): API limit reached. Please try again later. Remaining Limit: 0
[FH] DPZ 2025-12-10 rate-limited: FinnhubAPIException(status_code: 429): API limit reached. Please try again later. Remaining Limit: 0
[FH] DPZ 2025-12-10 rate-limited: FinnhubAPIException(status_code: 429): API limit reached. Please try again later. Remaining Limit: 0
[FH] DPZ 2025-12-10 rate-limited: FinnhubAPIException(status_code: 429): API limit reached. Please try again later. Remaining Limit: 0
[FH] DPZ: wrote 3 files, skipped 362
[FH] DPZ: wrote 2 files, skipped 363
[FH] DPZ: wrote 3 files, skipped 362
[FH] DPZ: wrote 4 files, skipped 361
[FH] DPZ: wrote 1 files, skipped 364
[FH] DPZ: wrote 0 files, skipped 365
[FH] DPZ: wrote 0 files, skipped 365
[FH] DPZ: wrote 0 files, skipped 365
[FH] DPZ: wrote 0 files, skipped 365
[FH] DPZ: wrote 0 files, skipped 365
[FH] DPZ: wrote 0 files, skipped 365
[FH] DPZ: wrote 0 files, skipped 365
[FH] DPZ: wrote 1 files, skipped 364
[FH] DPZ: wrote 0 files, skipped 365
[FH] DPZ: wrote 0 files, skipped 365
[FH] DPZ: wrote 0 files, skipped 365
[FH] DPZ: wrote 0 files, skipped 365
[FH] DPZ: wrote 0 files, skipped 365
[FH] DPZ: wrote 0 files, skipped 365
[FH] DPZ: wrote 0 files, skipped 365
[FH] DPZ: wrote 0 files, skipped 365
[FH] DPZ: wrote 0 files, skipped 365
[FH] DPZ: wrote 1 files, skipped 364
[FH] DPZ: wrote 0 files, skipped 365
[FH] DPZ: wrote 0 files, skipped 365
[FH] DPZ: wrote 0 files, skipped 365
[FH] DPZ: wrote 0 files, skipped 365
[FH] DPZ: wrote 1 files, skipped 364
[FH] DPZ: wrote 0 files, skipped 365
[FH] DPZ: wrote 1 files, skipped 364
[FH] DPZ: wrote 0 files, skipped 365
[FH] DPZ: wrote 1 files, skipped 364
[FH] DPZ: wrote 0 files, skipped 365
[FH] DPZ: wrote 0 files, skipped 365
[FH] DPZ: wrote 0 files, skipped 365
[FH] DPZ: wrote 0 files, skipped 365
[FH] DPZ: wrote 0 files, skipped 365
[FH] DPZ: wrote 0 files, skipped 365
[FH] DPZ: wrote 0 files, skipped 365
[FH] DPZ: wrote 1 files, skipped 364
[FH] DPZ: wrote 0 files, skipped 365
[FH] DPZ: wrote 0 files, skipped 365
[FH] DPZ: wrote 0 files, skipped 365
[FH] DPZ: wrote 2 files, skipped 363
[FH] DPZ: wrote 1 files, skipped 364
[FH] DPZ: wrote 2 files, skipped 363
[FH] DPZ: wrote 2 files, skipped 363
[FH] DPZ: wrote 2 files, skipped 363
[FH] DPZ: wrote 2 files, skipped 363
[FH] DPZ: wrote 2 files, skipped 363
[FH] DPZ: wrote 2 files, skipped 363
[FH] DPZ: wrote 2 files, skipped 363
[FH] DPZ: wrote 2 files, skipped 363
[FH] DPZ: wrote 2 files, skipped 363
[FH] DPZ: wrote 2 files, skipped 363
[FH] DPZ: wrote 2 files, skipped 363
[FH] DPZ: wrote 2 files, skipped 363
[FH] DPZ: wrote 2 files, skipped 363
[FH] DPZ: wrote 2 files, skipped 363
[FH] DPZ: wrote 0 files, skipped 365
[FH] DPZ: wrote 2 files, skipped 363
[FH] DPZ: wrote 2 files, skipped 363
[FH] DPZ: wrote 2 files, skipped 363
[FH] DPZ: wrote 2 files, skipped 363
[FH] DPZ: wrote 1 files, skipped 364
[FH] DPZ: wrote 2 files, skipped 363
[FH] DPZ: wrote 3 files, skipped 362
[FH] DPZ: wrote 1 files, skipped 364
[FH] DPZ: wrote 2 files, skipped 363
[FH] DPZ: wrote 2 files, skipped 363
[FH] DPZ: wrote 2 files, skipped 363
[FH] DPZ: wrote 2 files, skipped 363
[FH] DPZ 2026-02-19 error: FinnhubAPIException(status_code: 502): JSON error message from Finnhub: <html>
<head><title>502 Bad Gateway</title></head>
<body>
<center><h1>502 Bad Gateway</h1></center>
<hr><center>nginx/1.18.0</center>
</body>
</html>

[FH] DPZ 2026-02-20 error: FinnhubAPIException(status_code: 502): JSON error message from Finnhub: <html>
<head><title>502 Bad Gateway</title></head>
<body>
<center><h1>502 Bad Gateway</h1></center>
<hr><center>nginx/1.18.0</center>
</body>
</html>

[FH] DPZ: wrote 2 files, skipped 363
[FH] DPZ 2026-02-21 rate-limited: FinnhubAPIException(status_code: 429): API limit reached. Please try again later. Remaining Limit: 0
[FH] DPZ 2026-02-21 rate-limited: FinnhubAPIException(status_code: 429): API limit reached. Please try again later. Remaining Limit: 0
[FH] DPZ 2026-02-21 rate-limited: FinnhubAPIException(status_code: 429): API limit reached. Please try again later. Remaining Limit: 0
[FH] DPZ 2026-02-21 rate-limited: FinnhubAPIException(status_code: 429): API limit reached. Please try again later. Remaining Limit: 0
[FH] DPZ: wrote 3 files, skipped 362
[FH] DPZ: wrote 2 files, skipped 363
