[FH] LOW: wrote 2 files, skipped 363
[FH] LOW: wrote 0 files, skipped 365
[FH] LOW: wrote 0 files, skipped 365
[FH] LOW: wrote 0 files, skipped 365
[FH] LOW: wrote 0 files, skipped 365
[FH] LOW: wrote 0 files, skipped 365
[FH] LOW: wrote 0 files, skipped 365
[FH] LOW: wrote 0 files, skipped 365
[FH] LOW: wrote 0 files, skipped 365
[FH] LOW: wrote 0 files, skipped 365
[FH] LOW: wrote 1 files, skipped 364
[FH] LOW: wrote 0 files, skipped 365
[FH] LOW: wrote 0 files, skipped 365
[FH] LOW: wrote 1 files, skipped 364
[FH] LOW: wrote 2 files, skipped 363
[FH] LOW: wrote 2 files, skipped 363
[FH] LOW: wrote 1 files, skipped 364
[FH] LOW: wrote 0 files, skipped 365
[FH] LOW: wrote 0 files, skipped 365
[FH] LOW: wrote 0 files, skipped 365
[FH] LOW: wrote 0 files, skipped 365
[FH] LOW: wrote 0 files, skipped 365
[FH] LOW: wrote 2 files, skipped 363
[FH] LOW: wrote 2 files, skipped 363
[FH] LOW: wrote 2 files, skipped 363
[FH] LOW: wrote 1 files, skipped 364
[FH] LOW: wrote 0 files, skipped 365
[FH] LOW: wrote 0 files, skipped 365
[FH] LOW: wrote 0 files, skipped 365
[FH] LOW: wrote 0 files, skipped 365
[FH] LOW: wrote 0 files, skipped 365
[FH] LOW: wrote 2 files, skipped 363
[FH] LOW 2025-11-22 rate-limited: FinnhubAPIException(status_code: 429): API limit reached. Please try again later. Remaining Limit: 0
[FH] LOW 2025-11-22 rate-limited: FinnhubAPIException(status_code: 429): API limit reached. Please try again later. Remaining Limit: 0
[FH] LOW 2025-11-22 rate-limited: FinnhubAPIException(status_code: 429): API limit reached. Please try again later. Remaining Limit: 0
[FH] LOW 2025-11-22 rate-limited: FinnhubAPIException(status_code: 429): API limit reached. Please try again later. Remaining Limit: 0
[FH] LOW 2025-11-22 rate-limited: FinnhubAPIException(status_code: 429): API limit reached. Please try again later. Remaining Limit: 0
[FH] LOW 2025-11-23 rate-limited: FinnhubAPIException(status_code: 429): API limit reached. Please try again later. Remaining Limit: 0
[FH] LOW 2025-11-23 rate-limited: FinnhubAPIException(status_code: 429): API limit reached. Please try again later. Remaining Limit: 0
[FH] LOW 2025-11-23 rate-limited: FinnhubAPIException(status_code: 429): API limit reached. Please try again later. Remaining Limit: 0
[FH] LOW 2025-11-23 rate-limited: FinnhubAPIException(status_code: 429): API limit reached. Please try again later. Remaining Limit: 0
[FH] LOW 2025-11-23 rate-limited: FinnhubAPIException(status_code: 429): API limit reached. Please try again later. Remaining Limit: 0
[FH] LOW: wrote 3 files, skipped 362
[FH] LOW 2025-11-25 rate-limited: FinnhubAPIException(status_code: 429): API limit reached. Please try again later. Remaining Limit: 0
[FH] LOW 2025-11-25 rate-limited: FinnhubAPIException(status_code: 429): API limit reached. Please try again later. Remaining Limit: 0
[FH] LOW 2025-11-25 rate-limited: FinnhubAPIException(status_code: 429): API limit reached. Please try again later. Remaining Limit: 0
[FH] LOW 2025-11-25 rate-limited: FinnhubAPIException(status_code: 429): API limit reached. Please try again later. Remaining Limit: 0
[FH] LOW 2025-11-25 rate-limited: FinnhubAPIException(status_code: 429): API limit reached. Please try again later. Remaining Limit: 0
[FH] LOW 2025-11-26 rate-limited: FinnhubAPIException(status_code: 429): API limit reached. Please try again later. Remaining Limit: 0
[FH] LOW 2025-11-26 rate-limited: FinnhubAPIException(status_code: 429): API limit reached. Please try again later. Remaining Limit: 0
[FH] LOW 2025-11-26 rate-limited: FinnhubAPIException(status_code: 429): API limit reached. Please try again later. Remaining Limit: 0
[FH] LOW 2025-11-26 rate-limited: FinnhubAPIException(status_code: 429): API limit reached. Please try again later. Remaining Limit: 0
[FH] LOW 2025-11-26 rate-limited: FinnhubAPIException(status_code: 429): API limit reached. Please try again later. Remaining Limit: 0
[FH] LOW: wrote 3 files, skipped 362
[FH] LOW: wrote 3 files, skipped 362
[FH] LOW: wrote 2 files, skipped 363
[FH] LOW: wrote 2 files, skipped 363
[FH] LOW: wrote 3 files, skipped 362
[FH] LOW 2025-12-08 rate-limited: FinnhubAPIException(status_code: 429): API limit reached. Please try again later. Remaining Limit: 0
[FH] LOW 2025-12-08 rate-limited: FinnhubAPIException(status_code: 429): API limit reached. Please try again later. Remaining Limit: 0
[FH] LOW 2025-12-08 rate-limited: FinnhubAPIException(status_code: 429): API limit reached. Please try again later. Remaining Limit: 0
[FH] LOW 2025-12-08 rate-limited: FinnhubAPIException(status_code: 429): API limit reached. Please try again later. Remaining Limit: 0
[FH] LOW 2025-12-08 rate-limited: FinnhubAPIException(status_code: 429): API limit reached. Please try again later. Remaining Limit: 0
[FH] LOW: wrote 3 files, skipped 362
[FH] LOW: wrote 2 files, skipped 363
[FH] LOW: wrote 3 files, skipped 362
[FH] LOW: wrote 4 files, skipped 361
[FH] LOW: wrote 1 files, skipped 364
[FH] LOW: wrote 0 files, skipped 365
[FH] LOW: wrote 0 files, skipped 365
[FH] LOW: wrote 0 files, skipped 365
[FH] LOW: wrote 0 files, skipped 365
[FH] LOW: wrote 0 files, skipped 365
[FH] LOW: wrote 0 files, skipped 365
[FH] LOW: wrote 0 files, skipped 365
[FH] LOW: wrote 1 files, skipped 364
[FH] LOW: wrote 0 files, skipped 365
[FH] LOW: wrote 0 files, skipped 365
[FH] LOW: wrote 0 files, skipped 365
[FH] LOW: wrote 0 files, skipped 365
[FH] LOW: wrote 0 files, skipped 365
[FH] LOW: wrote 0 files, skipped 365
[FH] LOW: wrote 0 files, skipped 365
[FH] LOW: wrote 0 files, skipped 365
[FH] LOW: wrote 0 files, skipped 365
[FH] LOW: wrote 1 files, skipped 364
[FH] LOW: wrote 0 files, skipped 365
[FH] LOW: wrote 0 files, skipped 365
[FH] LOW: wrote 0 files, skipped 365
[FH] LOW: wrote 0 files, skipped 365
[FH] LOW: wrote 1 files, skipped 364
[FH] LOW: wrote 0 files, skipped 365
[FH] LOW: wrote 1 files, skipped 364
[FH] LOW: wrote 0 files, skipped 365
[FH] LOW: wrote 1 files, skipped 364
[FH] LOW: wrote 0 files, skipped 365
[FH] LOW: wrote 0 files, skipped 365
[FH] LOW: wrote 0 files, skipped 365
[FH] LOW: wrote 0 files, skipped 365
[FH] LOW: wrote 0 files, skipped 365
[FH] LOW: wrote 0 files, skipped 365
[FH] LOW: wrote 0 files, skipped 365
[FH] LOW: wrote 1 files, skipped 364
[FH] LOW: wrote 0 files, skipped 365
[FH] LOW: wrote 0 files, skipped 365
[FH] LOW: wrote 0 files, skipped 365
[FH] LOW: wrote 2 files, skipped 363
[FH] LOW: wrote 1 files, skipped 364
[FH] LOW: wrote 2 files, skipped 363
[FH] LOW: wrote 2 files, skipped 363
[FH] LOW: wrote 2 files, skipped 363
[FH] LOW: wrote 2 files, skipped 363
[FH] LOW: wrote 2 files, skipped 363
[FH] LOW: wrote 2 files, skipped 363
[FH] LOW: wrote 2 files, skipped 363
[FH] LOW: wrote 2 files, skipped 363
[FH] LOW: wrote 2 files, skipped 363
[FH] LOW: wrote 2 files, skipped 363
[FH] LOW: wrote 2 files, skipped 363
[FH] LOW 2026-01-21 error: FinnhubAPIException(status_code: 502): JSON error message from Finnhub: <html>
<head><title>502 Bad Gateway</title></head>
<body>
<center><h1>502 Bad Gateway</h1></center>
<hr><center>nginx/1.18.0</center>
</body>
</html>

[FH] LOW 2026-01-22 error: FinnhubAPIException(status_code: 502): JSON error message from Finnhub: <html>
<head><title>502 Bad Gateway</title></head>
<body>
<center><h1>502 Bad Gateway</h1></center>
<hr><center>nginx/1.18.0</center>
</body>
</html>

[FH] LOW: wrote 2 files, skipped 363
[FH] LOW: wrote 2 files, skipped 363
[FH] LOW: wrote 2 files, skipped 363
[FH] LOW: wrote 0 files, skipped 365
[FH] LOW: wrote 2 files, skipped 363
[FH] LOW: wrote 2 files, skipped 363
[FH] LOW: wrote 2 files, skipped 363
[FH] LOW: wrote 2 files, skipped 363
[FH] LOW: wrote 1 files, skipped 364
[FH] LOW: wrote 2 files, skipped 363
[FH] LOW: wrote 3 files, skipped 362
[FH] LOW: wrote 1 files, skipped 364
[FH] LOW: wrote 2 files, skipped 363
