[FH] CVS: wrote 3 files, skipped 362
[FH] CVS: wrote 0 files, skipped 365
[FH] CVS: wrote 0 files, skipped 365
[FH] CVS: wrote 0 files, skipped 365
[FH] CVS: wrote 0 files, skipped 365
[FH] CVS: wrote 0 files, skipped 365
[FH] CVS: wrote 0 files, skipped 365
[FH] CVS: wrote 0 files, skipped 365
[FH] CVS: wrote 0 files, skipped 365
[FH] CVS: wrote 0 files, skipped 365
[FH] CVS 2025-11-06 rate-limited: FinnhubAPIException(status_code: 429): API limit reached. Please try again later. Remaining Limit: 0
[FH] CVS 2025-11-06 rate-limited: FinnhubAPIException(status_code: 429): API limit reached. Please try again later. Remaining Limit: 0
[FH] CVS 2025-11-06 rate-limited: FinnhubAPIException(status_code: 429): API limit reached. Please try again later. Remaining Limit: 0
[FH] CVS 2025-11-06 rate-limited: FinnhubAPIException(status_code: 429): API limit reached. Please try again later. Remaining Limit: 0
[FH] CVS 2025-11-06 rate-limited: FinnhubAPIException(status_code: 429): API limit reached. Please try again later. Remaining Limit: 0
[FH] CVS: wrote 1 files, skipped 364
[FH] CVS: wrote 0 files, skipped 365
[FH] CVS: wrote 0 files, skipped 365
[FH] CVS 2025-11-07 rate-limited: FinnhubAPIException(status_code: 429): API limit reached. Please try again later. Remaining Limit: 0
[FH] CVS 2025-11-07 rate-limited: FinnhubAPIException(status_code: 429): API limit reached. Please try again later. Remaining Limit: 0
[FH] CVS 2025-11-07 rate-limited: FinnhubAPIException(status_code: 429): API limit reached. Please try again later. Remaining Limit: 0
[FH] CVS 2025-11-07 rate-limited: FinnhubAPIException(status_code: 429): API limit reached. Please try again later. Remaining Limit: 0
[FH] CVS 2025-11-07 rate-limited: FinnhubAPIException(status_code: 429): API limit reached. Please try again later. Remaining Limit: 0
[FH] CVS: wrote 1 files, skipped 364
[FH] CVS: wrote 2 files, skipped 363
[FH] CVS: wrote 2 files, skipped 363
[FH] CVS 2025-11-12 rate-limited: FinnhubAPIException(status_code: 429): API limit reached. Please try again later. Remaining Limit: 0
[FH] CVS 2025-11-12 rate-limited: FinnhubAPIException(status_code: 429): API limit reached. Please try again later. Remaining Limit: 0
[FH] CVS 2025-11-12 rate-limited: FinnhubAPIException(status_code: 429): API limit reached. Please try again later. Remaining Limit: 0
[FH] CVS 2025-11-12 rate-limited: FinnhubAPIException(status_code: 429): API limit reached. Please try again later. Remaining Limit: 0
[FH] CVS 2025-11-12 rate-limited: FinnhubAPIException(status_code: 429): API limit reached. Please try again later. Remaining Limit: 0
[FH] CVS: wrote 1 files, skipped 364
[FH] CVS: wrote 0 files, skipped 365
[FH] CVS: wrote 0 files, skipped 365
[FH] CVS: wrote 0 files, skipped 365
[FH] CVS: wrote 0 files, skipped 365
[FH] CVS: wrote 0 files, skipped 365
[FH] CVS: wrote 2 files, skipped 363
[FH] CVS: wrote 2 files, skipped 363
[FH] CVS 2025-11-18 rate-limited: FinnhubAPIException(status_code: 429): API limit reached. Please try again later. Remaining Limit: 0
[FH] CVS 2025-11-18 rate-limited: FinnhubAPIException(status_code: 429): API limit reached. Please try again later. Remaining Limit: 0
[FH] CVS 2025-11-18 rate-limited: FinnhubAPIException(status_code: 429): API limit reached. Please try again later. Remaining Limit: 0
[FH] CVS 2025-11-18 rate-limited: FinnhubAPIException(status_code: 429): API limit reached. Please try again later. Remaining Limit: 0
[FH] CVS 2025-11-18 rate-limited: FinnhubAPIException(status_code: 429): API limit reached. Please try again later. Remaining Limit: 0
[FH] CVS: wrote 2 files, skipped 363
[FH] CVS 2025-11-19 rate-limited: FinnhubAPIException(status_code: 429): API limit reached. Please try again later. Remaining Limit: 0
[FH] CVS 2025-11-19 rate-limited: FinnhubAPIException(status_code: 429): API limit reached. Please try again later. Remaining Limit: 0
[FH] CVS 2025-11-19 rate-limited: FinnhubAPIException(status_code: 429): API limit reached. Please try again later. Remaining Limit: 0
[FH] CVS 2025-11-19 rate-limited: FinnhubAPIException(status_code: 429): API limit reached. Please try again later. Remaining Limit: 0
[FH] CVS 2025-11-19 rate-limited: FinnhubAPIException(status_code: 429): API limit reached. Please try again later. Remaining Limit: 0
[FH] CVS: wrote 1 files, skipped 364
[FH] CVS: wrote 0 files, skipped 365
[FH] CVS: wrote 0 files, skipped 365
[FH] CVS: wrote 0 files, skipped 365
[FH] CVS: wrote 0 files, skipped 365
[FH] CVS: wrote 0 files, skipped 365
[FH] CVS: wrote 2 files, skipped 363
[FH] CVS: wrote 3 files, skipped 362
[FH] CVS: wrote 3 files, skipped 362
[FH] CVS: wrote 3 files, skipped 362
[FH] CVS 2025-12-02 rate-limited: FinnhubAPIException(status_code: 429): API limit reached. Please try again later. Remaining Limit: 0
[FH] CVS 2025-12-02 rate-limited: FinnhubAPIException(status_code: 429): API limit reached. Please try again later. Remaining Limit: 0
[FH] CVS 2025-12-02 rate-limited: FinnhubAPIException(status_code: 429): API limit reached. Please try again later. Remaining Limit: 0
[FH] CVS 2025-12-02 rate-limited: FinnhubAPIException(status_code: 429): API limit reached. Please try again later. Remaining Limit: 0
[FH] CVS 2025-12-02 rate-limited: FinnhubAPIException(status_code: 429): API limit reached. Please try again later. Remaining Limit: 0
[FH] CVS: wrote 2 files, skipped 363
[FH] CVS: wrote 2 files, skipped 363
[FH] CVS: wrote 3 files, skipped 362
[FH] CVS: wrote 3 files, skipped 362
[FH] CVS: wrote 2 files, skipped 363
[FH] CVS 2025-12-14 rate-limited: FinnhubAPIException(status_code: 429): API limit reached. Please try again later. Remaining Limit: 0
[FH] CVS 2025-12-14 rate-limited: FinnhubAPIException(status_code: 429): API limit reached. Please try again later. Remaining Limit: 0
[FH] CVS 2025-12-14 rate-limited: FinnhubAPIException(status_code: 429): API limit reached. Please try again later. Remaining Limit: 0
[FH] CVS 2025-12-14 rate-limited: FinnhubAPIException(status_code: 429): API limit reached. Please try again later. Remaining Limit: 0
[FH] CVS 2025-12-14 rate-limited: FinnhubAPIException(status_code: 429): API limit reached. Please try again later. Remaining Limit: 0
[FH] CVS 2025-12-15 rate-limited: FinnhubAPIException(status_code: 429): API limit reached. Please try again later. Remaining Limit: 0
[FH] CVS 2025-12-15 rate-limited: FinnhubAPIException(status_code: 429): API limit reached. Please try again later. Remaining Limit: 0
[FH] CVS 2025-12-15 rate-limited: FinnhubAPIException(status_code: 429): API limit reached. Please try again later. Remaining Limit: 0
[FH] CVS 2025-12-15 rate-limited: FinnhubAPIException(status_code: 429): API limit reached. Please try again later. Remaining Limit: 0
[FH] CVS: wrote 3 files, skipped 362
[FH] CVS: wrote 4 files, skipped 361
[FH] CVS 2025-12-20 rate-limited: FinnhubAPIException(status_code: 429): API limit reached. Please try again later. Remaining Limit: 0
[FH] CVS 2025-12-20 rate-limited: FinnhubAPIException(status_code: 429): API limit reached. Please try again later. Remaining Limit: 0
[FH] CVS 2025-12-20 rate-limited: FinnhubAPIException(status_code: 429): API limit reached. Please try again later. Remaining Limit: 0
[FH] CVS 2025-12-20 rate-limited: FinnhubAPIException(status_code: 429): API limit reached. Please try again later. Remaining Limit: 0
[FH] CVS 2025-12-20 rate-limited: FinnhubAPIException(status_code: 429): API limit reached. Please try again later. Remaining Limit: 0
[FH] CVS: wrote 1 files, skipped 364
[FH] CVS: wrote 0 files, skipped 365
[FH] CVS: wrote 0 files, skipped 365
[FH] CVS: wrote 0 files, skipped 365
[FH] CVS: wrote 0 files, skipped 365
[FH] CVS: wrote 0 files, skipped 365
[FH] CVS: wrote 0 files, skipped 365
[FH] CVS: wrote 0 files, skipped 365
[FH] CVS 2025-12-21 rate-limited: FinnhubAPIException(status_code: 429): API limit reached. Please try again later. Remaining Limit: 0
[FH] CVS 2025-12-21 rate-limited: FinnhubAPIException(status_code: 429): API limit reached. Please try again later. Remaining Limit: 0
[FH] CVS 2025-12-21 rate-limited: FinnhubAPIException(status_code: 429): API limit reached. Please try again later. Remaining Limit: 0
[FH] CVS 2025-12-21 rate-limited: FinnhubAPIException(status_code: 429): API limit reached. Please try again later. Remaining Limit: 0
[FH] CVS 2025-12-21 rate-limited: FinnhubAPIException(status_code: 429): API limit reached. Please try again later. Remaining Limit: 0
[FH] CVS: wrote 1 files, skipped 364
[FH] CVS: wrote 0 files, skipped 365
[FH] CVS: wrote 0 files, skipped 365
[FH] CVS: wrote 0 files, skipped 365
[FH] CVS: wrote 0 files, skipped 365
[FH] CVS: wrote 0 files, skipped 365
[FH] CVS: wrote 0 files, skipped 365
[FH] CVS: wrote 0 files, skipped 365
[FH] CVS: wrote 0 files, skipped 365
[FH] CVS: wrote 0 files, skipped 365
[FH] CVS 2025-12-22 rate-limited: FinnhubAPIException(status_code: 429): API limit reached. Please try again later. Remaining Limit: 0
[FH] CVS 2025-12-22 rate-limited: FinnhubAPIException(status_code: 429): API limit reached. Please try again later. Remaining Limit: 0
[FH] CVS 2025-12-22 rate-limited: FinnhubAPIException(status_code: 429): API limit reached. Please try again later. Remaining Limit: 0
[FH] CVS 2025-12-22 rate-limited: FinnhubAPIException(status_code: 429): API limit reached. Please try again later. Remaining Limit: 0
[FH] CVS 2025-12-22 rate-limited: FinnhubAPIException(status_code: 429): API limit reached. Please try again later. Remaining Limit: 0
[FH] CVS: wrote 1 files, skipped 364
[FH] CVS: wrote 0 files, skipped 365
[FH] CVS: wrote 0 files, skipped 365
[FH] CVS: wrote 0 files, skipped 365
[FH] CVS: wrote 0 files, skipped 365
[FH] CVS 2025-12-23 rate-limited: FinnhubAPIException(status_code: 429): API limit reached. Please try again later. Remaining Limit: 0
[FH] CVS 2025-12-23 rate-limited: FinnhubAPIException(status_code: 429): API limit reached. Please try again later. Remaining Limit: 0
[FH] CVS 2025-12-23 rate-limited: FinnhubAPIException(status_code: 429): API limit reached. Please try again later. Remaining Limit: 0
[FH] CVS 2025-12-23 rate-limited: FinnhubAPIException(status_code: 429): API limit reached. Please try again later. Remaining Limit: 0
[FH] CVS 2025-12-23 rate-limited: FinnhubAPIException(status_code: 429): API limit reached. Please try again later. Remaining Limit: 0
[FH] CVS: wrote 1 files, skipped 364
[FH] CVS: wrote 0 files, skipped 365
[FH] CVS 2025-12-24 rate-limited: FinnhubAPIException(status_code: 429): API limit reached. Please try again later. Remaining Limit: 0
[FH] CVS 2025-12-24 rate-limited: FinnhubAPIException(status_code: 429): API limit reached. Please try again later. Remaining Limit: 0
[FH] CVS 2025-12-24 rate-limited: FinnhubAPIException(status_code: 429): API limit reached. Please try again later. Remaining Limit: 0
[FH] CVS 2025-12-24 rate-limited: FinnhubAPIException(status_code: 429): API limit reached. Please try again later. Remaining Limit: 0
[FH] CVS 2025-12-24 rate-limited: FinnhubAPIException(status_code: 429): API limit reached. Please try again later. Remaining Limit: 0
[FH] CVS: wrote 1 files, skipped 364
[FH] CVS: wrote 0 files, skipped 365
[FH] CVS 2025-12-25 rate-limited: FinnhubAPIException(status_code: 429): API limit reached. Please try again later. Remaining Limit: 0
[FH] CVS 2025-12-25 rate-limited: FinnhubAPIException(status_code: 429): API limit reached. Please try again later. Remaining Limit: 0
[FH] CVS 2025-12-25 rate-limited: FinnhubAPIException(status_code: 429): API limit reached. Please try again later. Remaining Limit: 0
[FH] CVS 2025-12-25 rate-limited: FinnhubAPIException(status_code: 429): API limit reached. Please try again later. Remaining Limit: 0
[FH] CVS 2025-12-25 rate-limited: FinnhubAPIException(status_code: 429): API limit reached. Please try again later. Remaining Limit: 0
[FH] CVS: wrote 1 files, skipped 364
[FH] CVS: wrote 0 files, skipped 365
[FH] CVS: wrote 0 files, skipped 365
[FH] CVS: wrote 0 files, skipped 365
[FH] CVS: wrote 0 files, skipped 365
[FH] CVS: wrote 0 files, skipped 365
[FH] CVS: wrote 0 files, skipped 365
[FH] CVS: wrote 0 files, skipped 365
[FH] CVS 2025-12-26 rate-limited: FinnhubAPIException(status_code: 429): API limit reached. Please try again later. Remaining Limit: 0
[FH] CVS 2025-12-26 rate-limited: FinnhubAPIException(status_code: 429): API limit reached. Please try again later. Remaining Limit: 0
[FH] CVS 2025-12-26 rate-limited: FinnhubAPIException(status_code: 429): API limit reached. Please try again later. Remaining Limit: 0
[FH] CVS 2025-12-26 rate-limited: FinnhubAPIException(status_code: 429): API limit reached. Please try again later. Remaining Limit: 0
[FH] CVS 2025-12-26 rate-limited: FinnhubAPIException(status_code: 429): API limit reached. Please try again later. Remaining Limit: 0
[FH] CVS: wrote 1 files, skipped 364
[FH] CVS: wrote 0 files, skipped 365
[FH] CVS: wrote 0 files, skipped 365
[FH] CVS: wrote 0 files, skipped 365
[FH] CVS: wrote 2 files, skipped 363
[FH] CVS 2025-12-29 rate-limited: FinnhubAPIException(status_code: 429): API limit reached. Please try again later. Remaining Limit: 0
[FH] CVS 2025-12-29 rate-limited: FinnhubAPIException(status_code: 429): API limit reached. Please try again later. Remaining Limit: 0
[FH] CVS 2025-12-29 rate-limited: FinnhubAPIException(status_code: 429): API limit reached. Please try again later. Remaining Limit: 0
[FH] CVS 2025-12-29 rate-limited: FinnhubAPIException(status_code: 429): API limit reached. Please try again later. Remaining Limit: 0
[FH] CVS 2025-12-29 rate-limited: FinnhubAPIException(status_code: 429): API limit reached. Please try again later. Remaining Limit: 0
[FH] CVS: wrote 1 files, skipped 364
[FH] CVS 2025-12-30 rate-limited: FinnhubAPIException(status_code: 429): API limit reached. Please try again later. Remaining Limit: 0
[FH] CVS 2025-12-30 rate-limited: FinnhubAPIException(status_code: 429): API limit reached. Please try again later. Remaining Limit: 0
[FH] CVS 2025-12-30 rate-limited: FinnhubAPIException(status_code: 429): API limit reached. Please try again later. Remaining Limit: 0
[FH] CVS 2025-12-30 rate-limited: FinnhubAPIException(status_code: 429): API limit reached. Please try again later. Remaining Limit: 0
[FH] CVS 2025-12-30 rate-limited: FinnhubAPIException(status_code: 429): API limit reached. Please try again later. Remaining Limit: 0
[FH] CVS 2025-12-31 rate-limited: FinnhubAPIException(status_code: 429): API limit reached. Please try again later. Remaining Limit: 0
[FH] CVS 2025-12-31 rate-limited: FinnhubAPIException(status_code: 429): API limit reached. Please try again later. Remaining Limit: 0
[FH] CVS 2025-12-31 rate-limited: FinnhubAPIException(status_code: 429): API limit reached. Please try again later. Remaining Limit: 0
[FH] CVS 2025-12-31 rate-limited: FinnhubAPIException(status_code: 429): API limit reached. Please try again later. Remaining Limit: 0
[FH] CVS 2025-12-31 rate-limited: FinnhubAPIException(status_code: 429): API limit reached. Please try again later. Remaining Limit: 0
[FH] CVS: wrote 2 files, skipped 363
[FH] CVS 2026-01-01 rate-limited: FinnhubAPIException(status_code: 429): API limit reached. Please try again later. Remaining Limit: 0
[FH] CVS 2026-01-01 rate-limited: FinnhubAPIException(status_code: 429): API limit reached. Please try again later. Remaining Limit: 0
[FH] CVS 2026-01-01 rate-limited: FinnhubAPIException(status_code: 429): API limit reached. Please try again later. Remaining Limit: 0
[FH] CVS 2026-01-01 rate-limited: FinnhubAPIException(status_code: 429): API limit reached. Please try again later. Remaining Limit: 0
[FH] CVS 2026-01-01 rate-limited: FinnhubAPIException(status_code: 429): API limit reached. Please try again later. Remaining Limit: 0
[FH] CVS 2026-01-02 rate-limited: FinnhubAPIException(status_code: 429): API limit reached. Please try again later. Remaining Limit: 0
[FH] CVS 2026-01-02 rate-limited: FinnhubAPIException(status_code: 429): API limit reached. Please try again later. Remaining Limit: 0
[FH] CVS 2026-01-02 rate-limited: FinnhubAPIException(status_code: 429): API limit reached. Please try again later. Remaining Limit: 0
[FH] CVS 2026-01-02 rate-limited: FinnhubAPIException(status_code: 429): API limit reached. Please try again later. Remaining Limit: 0
[FH] CVS: wrote 2 files, skipped 363
[FH] CVS: wrote 2 files, skipped 363
[FH] CVS: wrote 2 files, skipped 363
[FH] CVS: wrote 2 files, skipped 363
[FH] CVS: wrote 2 files, skipped 363
[FH] CVS: wrote 2 files, skipped 363
[FH] CVS 2026-01-13 rate-limited: FinnhubAPIException(status_code: 429): API limit reached. Please try again later. Remaining Limit: 0
[FH] CVS 2026-01-13 rate-limited: FinnhubAPIException(status_code: 429): API limit reached. Please try again later. Remaining Limit: 0
[FH] CVS 2026-01-13 rate-limited: FinnhubAPIException(status_code: 429): API limit reached. Please try again later. Remaining Limit: 0
[FH] CVS 2026-01-13 rate-limited: FinnhubAPIException(status_code: 429): API limit reached. Please try again later. Remaining Limit: 0
[FH] CVS 2026-01-13 rate-limited: FinnhubAPIException(status_code: 429): API limit reached. Please try again later. Remaining Limit: 0
[FH] CVS 2026-01-14 rate-limited: FinnhubAPIException(status_code: 429): API limit reached. Please try again later. Remaining Limit: 0
[FH] CVS 2026-01-14 rate-limited: FinnhubAPIException(status_code: 429): API limit reached. Please try again later. Remaining Limit: 0
[FH] CVS 2026-01-14 rate-limited: FinnhubAPIException(status_code: 429): API limit reached. Please try again later. Remaining Limit: 0
[FH] CVS 2026-01-14 rate-limited: FinnhubAPIException(status_code: 429): API limit reached. Please try again later. Remaining Limit: 0
[FH] CVS: wrote 2 files, skipped 363
[FH] CVS 2026-01-15 rate-limited: FinnhubAPIException(status_code: 429): API limit reached. Please try again later. Remaining Limit: 0
[FH] CVS 2026-01-15 rate-limited: FinnhubAPIException(status_code: 429): API limit reached. Please try again later. Remaining Limit: 0
[FH] CVS 2026-01-15 rate-limited: FinnhubAPIException(status_code: 429): API limit reached. Please try again later. Remaining Limit: 0
[FH] CVS 2026-01-15 rate-limited: FinnhubAPIException(status_code: 429): API limit reached. Please try again later. Remaining Limit: 0
[FH] CVS 2026-01-15 rate-limited: FinnhubAPIException(status_code: 429): API limit reached. Please try again later. Remaining Limit: 0
[FH] CVS 2026-01-16 rate-limited: FinnhubAPIException(status_code: 429): API limit reached. Please try again later. Remaining Limit: 0
[FH] CVS 2026-01-16 rate-limited: FinnhubAPIException(status_code: 429): API limit reached. Please try again later. Remaining Limit: 0
[FH] CVS 2026-01-16 rate-limited: FinnhubAPIException(status_code: 429): API limit reached. Please try again later. Remaining Limit: 0
[FH] CVS 2026-01-16 rate-limited: FinnhubAPIException(status_code: 429): API limit reached. Please try again later. Remaining Limit: 0
[FH] CVS: wrote 2 files, skipped 363
[FH] CVS: wrote 2 files, skipped 363
[FH] CVS: wrote 2 files, skipped 363
[FH] CVS: wrote 2 files, skipped 363
[FH] CVS: wrote 2 files, skipped 363
[FH] CVS: wrote 2 files, skipped 363
[FH] CVS: wrote 0 files, skipped 365
[FH] CVS: wrote 2 files, skipped 363
[FH] CVS: wrote 2 files, skipped 363
[FH] CVS: wrote 2 files, skipped 363
[FH] CVS: wrote 2 files, skipped 363
[FH] CVS 2026-02-04 rate-limited: FinnhubAPIException(status_code: 429): API limit reached. Please try again later. Remaining Limit: 0
[FH] CVS 2026-02-04 rate-limited: FinnhubAPIException(status_code: 429): API limit reached. Please try again later. Remaining Limit: 0
[FH] CVS 2026-02-04 rate-limited: FinnhubAPIException(status_code: 429): API limit reached. Please try again later. Remaining Limit: 0
[FH] CVS 2026-02-04 rate-limited: FinnhubAPIException(status_code: 429): API limit reached. Please try again later. Remaining Limit: 0
[FH] CVS 2026-02-04 rate-limited: FinnhubAPIException(status_code: 429): API limit reached. Please try again later. Remaining Limit: 0
[FH] CVS: wrote 1 files, skipped 364
[FH] CVS 2026-02-06 rate-limited: FinnhubAPIException(status_code: 429): API limit reached. Please try again later. Remaining Limit: 0
[FH] CVS 2026-02-06 rate-limited: FinnhubAPIException(status_code: 429): API limit reached. Please try again later. Remaining Limit: 0
[FH] CVS 2026-02-06 rate-limited: FinnhubAPIException(status_code: 429): API limit reached. Please try again later. Remaining Limit: 0
[FH] CVS 2026-02-06 rate-limited: FinnhubAPIException(status_code: 429): API limit reached. Please try again later. Remaining Limit: 0
[FH] CVS 2026-02-06 rate-limited: FinnhubAPIException(status_code: 429): API limit reached. Please try again later. Remaining Limit: 0
[FH] CVS: wrote 2 files, skipped 363
[FH] CVS 2026-02-08 rate-limited: FinnhubAPIException(status_code: 429): API limit reached. Please try again later. Remaining Limit: 0
[FH] CVS 2026-02-08 rate-limited: FinnhubAPIException(status_code: 429): API limit reached. Please try again later. Remaining Limit: 0
[FH] CVS 2026-02-08 rate-limited: FinnhubAPIException(status_code: 429): API limit reached. Please try again later. Remaining Limit: 0
[FH] CVS 2026-02-08 rate-limited: FinnhubAPIException(status_code: 429): API limit reached. Please try again later. Remaining Limit: 0
[FH] CVS 2026-02-08 rate-limited: FinnhubAPIException(status_code: 429): API limit reached. Please try again later. Remaining Limit: 0
[FH] CVS 2026-02-09 rate-limited: FinnhubAPIException(status_code: 429): API limit reached. Please try again later. Remaining Limit: 0
[FH] CVS 2026-02-09 rate-limited: FinnhubAPIException(status_code: 429): API limit reached. Please try again later. Remaining Limit: 0
[FH] CVS 2026-02-09 rate-limited: FinnhubAPIException(status_code: 429): API limit reached. Please try again later. Remaining Limit: 0
[FH] CVS 2026-02-09 rate-limited: FinnhubAPIException(status_code: 429): API limit reached. Please try again later. Remaining Limit: 0
[FH] CVS: wrote 3 files, skipped 362
[FH] CVS 2026-02-10 rate-limited: FinnhubAPIException(status_code: 429): API limit reached. Please try again later. Remaining Limit: 0
[FH] CVS 2026-02-10 rate-limited: FinnhubAPIException(status_code: 429): API limit reached. Please try again later. Remaining Limit: 0
[FH] CVS 2026-02-10 rate-limited: FinnhubAPIException(status_code: 429): API limit reached. Please try again later. Remaining Limit: 0
[FH] CVS 2026-02-10 rate-limited: FinnhubAPIException(status_code: 429): API limit reached. Please try again later. Remaining Limit: 0
[FH] CVS 2026-02-10 rate-limited: FinnhubAPIException(status_code: 429): API limit reached. Please try again later. Remaining Limit: 0
[FH] CVS: wrote 1 files, skipped 364
[FH] CVS: wrote 2 files, skipped 363
[FH] CVS 2026-02-13 rate-limited: FinnhubAPIException(status_code: 429): API limit reached. Please try again later. Remaining Limit: 0
[FH] CVS 2026-02-13 rate-limited: FinnhubAPIException(status_code: 429): API limit reached. Please try again later. Remaining Limit: 0
[FH] CVS 2026-02-13 rate-limited: FinnhubAPIException(status_code: 429): API limit reached. Please try again later. Remaining Limit: 0
[FH] CVS 2026-02-13 rate-limited: FinnhubAPIException(status_code: 429): API limit reached. Please try again later. Remaining Limit: 0
[FH] CVS 2026-02-13 rate-limited: FinnhubAPIException(status_code: 429): API limit reached. Please try again later. Remaining Limit: 0
[FH] CVS 2026-02-14 rate-limited: FinnhubAPIException(status_code: 429): API limit reached. Please try again later. Remaining Limit: 0
[FH] CVS 2026-02-14 rate-limited: FinnhubAPIException(status_code: 429): API limit reached. Please try again later. Remaining Limit: 0
[FH] CVS 2026-02-14 rate-limited: FinnhubAPIException(status_code: 429): API limit reached. Please try again later. Remaining Limit: 0
[FH] CVS 2026-02-14 rate-limited: FinnhubAPIException(status_code: 429): API limit reached. Please try again later. Remaining Limit: 0
[FH] CVS: wrote 2 files, skipped 363
[FH] CVS 2026-02-15 rate-limited: FinnhubAPIException(status_code: 429): API limit reached. Please try again later. Remaining Limit: 0
[FH] CVS 2026-02-15 rate-limited: FinnhubAPIException(status_code: 429): API limit reached. Please try again later. Remaining Limit: 0
[FH] CVS 2026-02-15 rate-limited: FinnhubAPIException(status_code: 429): API limit reached. Please try again later. Remaining Limit: 0
[FH] CVS 2026-02-15 rate-limited: FinnhubAPIException(status_code: 429): API limit reached. Please try again later. Remaining Limit: 0
[FH] CVS 2026-02-15 rate-limited: FinnhubAPIException(status_code: 429): API limit reached. Please try again later. Remaining Limit: 0
[FH] CVS 2026-02-16 rate-limited: FinnhubAPIException(status_code: 429): API limit reached. Please try again later. Remaining Limit: 0
[FH] CVS 2026-02-16 rate-limited: FinnhubAPIException(status_code: 429): API limit reached. Please try again later. Remaining Limit: 0
[FH] CVS 2026-02-16 rate-limited: FinnhubAPIException(status_code: 429): API limit reached. Please try again later. Remaining Limit: 0
[FH] CVS 2026-02-16 rate-limited: FinnhubAPIException(status_code: 429): API limit reached. Please try again later. Remaining Limit: 0
[FH] CVS: wrote 2 files, skipped 363
[FH] CVS: wrote 2 files, skipped 363
[FH] CVS 2026-02-19 error: FinnhubAPIException(status_code: 502): JSON error message from Finnhub: <html>
<head><title>502 Bad Gateway</title></head>
<body>
<center><h1>502 Bad Gateway</h1></center>
<hr><center>nginx/1.18.0</center>
</body>
</html>

[FH] CVS 2026-02-20 error: FinnhubAPIException(status_code: 502): JSON error message from Finnhub: <html>
<head><title>502 Bad Gateway</title></head>
<body>
<center><h1>502 Bad Gateway</h1></center>
<hr><center>nginx/1.18.0</center>
</body>
</html>

[FH] CVS: wrote 2 files, skipped 363
[FH] CVS: wrote 3 files, skipped 362
[FH] CVS: wrote 2 files, skipped 363
[FH] CVS: wrote 2 files, skipped 363
