[FH] DAL: wrote 3 files, skipped 362
[FH] DAL: wrote 0 files, skipped 365
[FH] DAL: wrote 0 files, skipped 365
[FH] DAL: wrote 0 files, skipped 365
[FH] DAL: wrote 0 files, skipped 365
[FH] DAL: wrote 0 files, skipped 365
[FH] DAL: wrote 0 files, skipped 365
[FH] DAL: wrote 0 files, skipped 365
[FH] DAL: wrote 0 files, skipped 365
[FH] DAL: wrote 0 files, skipped 365
[FH] DAL: wrote 1 files, skipped 364
[FH] DAL: wrote 0 files, skipped 365
[FH] DAL: wrote 0 files, skipped 365
[FH] DAL: wrote 1 files, skipped 364
[FH] DAL: wrote 2 files, skipped 363
[FH] DAL: wrote 2 files, skipped 363
[FH] DAL: wrote 1 files, skipped 364
[FH] DAL: wrote 0 files, skipped 365
[FH] DAL: wrote 0 files, skipped 365
[FH] DAL: wrote 0 files, skipped 365
[FH] DAL: wrote 0 files, skipped 365
[FH] DAL: wrote 0 files, skipped 365
[FH] DAL: wrote 2 files, skipped 363
[FH] DAL: wrote 2 files, skipped 363
[FH] DAL: wrote 2 files, skipped 363
[FH] DAL: wrote 1 files, skipped 364
[FH] DAL: wrote 0 files, skipped 365
[FH] DAL: wrote 0 files, skipped 365
[FH] DAL: wrote 0 files, skipped 365
[FH] DAL: wrote 0 files, skipped 365
[FH] DAL: wrote 0 files, skipped 365
[FH] DAL: wrote 2 files, skipped 363
[FH] DAL: wrote 3 files, skipped 362
[FH] DAL: wrote 3 files, skipped 362
[FH] DAL: wrote 3 files, skipped 362
[FH] DAL: wrote 2 files, skipped 363
[FH] DAL: wrote 2 files, skipped 363
[FH] DAL: wrote 3 files, skipped 362
[FH] DAL: wrote 3 files, skipped 362
[FH] DAL: wrote 2 files, skipped 363
[FH] DAL: wrote 3 files, skipped 362
[FH] DAL: wrote 4 files, skipped 361
[FH] DAL: wrote 1 files, skipped 364
[FH] DAL: wrote 0 files, skipped 365
[FH] DAL: wrote 0 files, skipped 365
[FH] DAL: wrote 0 files, skipped 365
[FH] DAL: wrote 0 files, skipped 365
[FH] DAL: wrote 0 files, skipped 365
[FH] DAL: wrote 0 files, skipped 365
[FH] DAL: wrote 0 files, skipped 365
[FH] DAL: wrote 1 files, skipped 364
[FH] DAL: wrote 0 files, skipped 365
[FH] DAL: wrote 0 files, skipped 365
[FH] DAL: wrote 0 files, skipped 365
[FH] DAL: wrote 0 files, skipped 365
[FH] DAL: wrote 0 files, skipped 365
[FH] DAL: wrote 0 files, skipped 365
[FH] DAL: wrote 0 files, skipped 365
[FH] DAL: wrote 0 files, skipped 365
[FH] DAL: wrote 0 files, skipped 365
[FH] DAL: wrote 1 files, skipped 364
[FH] DAL: wrote 0 files, skipped 365
[FH] DAL: wrote 0 files, skipped 365
[FH] DAL: wrote 0 files, skipped 365
[FH] DAL: wrote 0 files, skipped 365
[FH] DAL: wrote 1 files, skipped 364
[FH] DAL: wrote 0 files, skipped 365
[FH] DAL: wrote 1 files, skipped 364
[FH] DAL: wrote 0 files, skipped 365
[FH] DAL: wrote 1 files, skipped 364
[FH] DAL: wrote 0 files, skipped 365
[FH] DAL: wrote 0 files, skipped 365
[FH] DAL: wrote 0 files, skipped 365
[FH] DAL: wrote 0 files, skipped 365
[FH] DAL: wrote 0 files, skipped 365
[FH] DAL: wrote 0 files, skipped 365
[FH] DAL: wrote 0 files, skipped 365
[FH] DAL: wrote 1 files, skipped 364
[FH] DAL: wrote 0 files, skipped 365
[FH] DAL: wrote 0 files, skipped 365
[FH] DAL: wrote 0 files, skipped 365
[FH] DAL: wrote 2 files, skipped 363
[FH] DAL: wrote 1 files, skipped 364
[FH] DAL: wrote 2 files, skipped 363
[FH] DAL: wrote 2 files, skipped 363
[FH] DAL: wrote 2 files, skipped 363
[FH] DAL: wrote 2 files, skipped 363
[FH] DAL: wrote 2 files, skipped 363
[FH] DAL: wrote 2 files, skipped 363
[FH] DAL: wrote 2 files, skipped 363
[FH] DAL: wrote 2 files, skipped 363
[FH] DAL: wrote 2 files, skipped 363
[FH] DAL: wrote 2 files, skipped 363
[FH] DAL: wrote 2 files, skipped 363
[FH] DAL: wrote 2 files, skipped 363
[FH] DAL: wrote 2 files, skipped 363
[FH] DAL: wrote 2 files, skipped 363
[FH] DAL: wrote 0 files, skipped 365
[FH] DAL: wrote 2 files, skipped 363
[FH] DAL: wrote 2 files, skipped 363
[FH] DAL: wrote 2 files, skipped 363
[FH] DAL: wrote 2 files, skipped 363
[FH] DAL: wrote 1 files, skipped 364
[FH] DAL: wrote 2 files, skipped 363
[FH] DAL: wrote 3 files, skipped 362
[FH] DAL: wrote 1 files, skipped 364
[FH] DAL: wrote 2 files, skipped 363
[FH] DAL: wrote 2 files, skipped 363
[FH] DAL: wrote 2 files, skipped 363
[FH] DAL: wrote 2 files, skipped 363
[FH] DAL 2026-02-19 error: FinnhubAPIException(status_code: 502): JSON error message from Finnhub: <html>
<head><title>502 Bad Gateway</title></head>
<body>
<center><h1>502 Bad Gateway</h1></center>
<hr><center>nginx/1.18.0</center>
</body>
</html>

[FH] DAL 2026-02-20 error: FinnhubAPIException(status_code: 502): JSON error message from Finnhub: <html>
<head><title>502 Bad Gateway</title></head>
<body>
<center><h1>502 Bad Gateway</h1></center>
<hr><center>nginx/1.18.0</center>
</body>
</html>

[FH] DAL: wrote 2 files, skipped 363
[FH] DAL: wrote 3 files, skipped 362
[FH] DAL: wrote 2 files, skipped 363
[FH] DAL: wrote 2 files, skipped 363
[FH] DAL: wrote 2 files, skipped 363
