[FH] NEE: wrote 2 files, skipped 363
[FH] NEE: wrote 0 files, skipped 365
[FH] NEE: wrote 0 files, skipped 365
[FH] NEE: wrote 0 files, skipped 365
[FH] NEE: wrote 0 files, skipped 365
[FH] NEE: wrote 0 files, skipped 365
[FH] NEE: wrote 0 files, skipped 365
[FH] NEE: wrote 0 files, skipped 365
[FH] NEE: wrote 0 files, skipped 365
[FH] NEE: wrote 0 files, skipped 365
[FH] NEE: wrote 1 files, skipped 364
[FH] NEE: wrote 0 files, skipped 365
[FH] NEE: wrote 0 files, skipped 365
[FH] NEE: wrote 1 files, skipped 364
[FH] NEE: wrote 2 files, skipped 363
[FH] NEE: wrote 2 files, skipped 363
[FH] NEE: wrote 1 files, skipped 364
[FH] NEE: wrote 0 files, skipped 365
[FH] NEE: wrote 0 files, skipped 365
[FH] NEE: wrote 0 files, skipped 365
[FH] NEE: wrote 0 files, skipped 365
[FH] NEE: wrote 0 files, skipped 365
[FH] NEE: wrote 2 files, skipped 363
[FH] NEE: wrote 2 files, skipped 363
[FH] NEE: wrote 2 files, skipped 363
[FH] NEE: wrote 1 files, skipped 364
[FH] NEE: wrote 0 files, skipped 365
[FH] NEE: wrote 0 files, skipped 365
[FH] NEE: wrote 0 files, skipped 365
[FH] NEE: wrote 0 files, skipped 365
[FH] NEE: wrote 0 files, skipped 365
[FH] NEE: wrote 2 files, skipped 363
[FH] NEE: wrote 3 files, skipped 362
[FH] NEE: wrote 3 files, skipped 362
[FH] NEE: wrote 3 files, skipped 362
[FH] NEE: wrote 2 files, skipped 363
[FH] NEE: wrote 2 files, skipped 363
[FH] NEE: wrote 3 files, skipped 362
[FH] NEE: wrote 3 files, skipped 362
[FH] NEE: wrote 2 files, skipped 363
[FH] NEE: wrote 3 files, skipped 362
[FH] NEE: wrote 5 files, skipped 360
[FH] NEE: wrote 0 files, skipped 365
[FH] NEE: wrote 0 files, skipped 365
[FH] NEE: wrote 0 files, skipped 365
[FH] NEE: wrote 0 files, skipped 365
[FH] NEE: wrote 0 files, skipped 365
[FH] NEE: wrote 0 files, skipped 365
[FH] NEE: wrote 0 files, skipped 365
[FH] NEE: wrote 1 files, skipped 364
[FH] NEE: wrote 0 files, skipped 365
[FH] NEE: wrote 0 files, skipped 365
[FH] NEE: wrote 0 files, skipped 365
[FH] NEE: wrote 0 files, skipped 365
[FH] NEE: wrote 0 files, skipped 365
[FH] NEE: wrote 0 files, skipped 365
[FH] NEE: wrote 0 files, skipped 365
[FH] NEE: wrote 0 files, skipped 365
[FH] NEE: wrote 0 files, skipped 365
[FH] NEE: wrote 1 files, skipped 364
[FH] NEE: wrote 0 files, skipped 365
[FH] NEE: wrote 0 files, skipped 365
[FH] NEE: wrote 0 files, skipped 365
[FH] NEE: wrote 0 files, skipped 365
[FH] NEE: wrote 1 files, skipped 364
[FH] NEE: wrote 0 files, skipped 365
[FH] NEE: wrote 1 files, skipped 364
[FH] NEE: wrote 0 files, skipped 365
[FH] NEE: wrote 1 files, skipped 364
[FH] NEE: wrote 0 files, skipped 365
[FH] NEE: wrote 0 files, skipped 365
[FH] NEE: wrote 0 files, skipped 365
[FH] NEE: wrote 0 files, skipped 365
[FH] NEE: wrote 0 files, skipped 365
[FH] NEE: wrote 0 files, skipped 365
[FH] NEE: wrote 0 files, skipped 365
[FH] NEE: wrote 1 files, skipped 364
[FH] NEE: wrote 0 files, skipped 365
[FH] NEE: wrote 0 files, skipped 365
[FH] NEE: wrote 0 files, skipped 365
[FH] NEE: wrote 2 files, skipped 363
[FH] NEE: wrote 1 files, skipped 364
[FH] NEE: wrote 2 files, skipped 363
[FH] NEE 2026-01-02 rate-limited: FinnhubAPIException(status_code: 429): API limit reached. Please try again later. Remaining Limit: 0
[FH] NEE 2026-01-02 rate-limited: FinnhubAPIException(status_code: 429): API limit reached. Please try again later. Remaining Limit: 0
[FH] NEE 2026-01-02 rate-limited: FinnhubAPIException(status_code: 429): API limit reached. Please try again later. Remaining Limit: 0
[FH] NEE 2026-01-02 rate-limited: FinnhubAPIException(status_code: 429): API limit reached. Please try again later. Remaining Limit: 0
[FH] NEE 2026-01-02 rate-limited: FinnhubAPIException(status_code: 429): API limit reached. Please try again later. Remaining Limit: 0
[FH] NEE: wrote 2 files, skipped 363
[FH] NEE: wrote 2 files, skipped 363
[FH] NEE: wrote 2 files, skipped 363
[FH] NEE: wrote 2 files, skipped 363
[FH] NEE: wrote 2 files, skipped 363
[FH] NEE: wrote 2 files, skipped 363
[FH] NEE: wrote 2 files, skipped 363
[FH] NEE 2026-01-16 rate-limited: FinnhubAPIException(status_code: 429): API limit reached. Please try again later. Remaining Limit: 0
[FH] NEE 2026-01-16 rate-limited: FinnhubAPIException(status_code: 429): API limit reached. Please try again later. Remaining Limit: 0
[FH] NEE 2026-01-16 rate-limited: FinnhubAPIException(status_code: 429): API limit reached. Please try again later. Remaining Limit: 0
[FH] NEE 2026-01-16 rate-limited: FinnhubAPIException(status_code: 429): API limit reached. Please try again later. Remaining Limit: 0
[FH] NEE 2026-01-16 rate-limited: FinnhubAPIException(status_code: 429): API limit reached. Please try again later. Remaining Limit: 0
[FH] NEE: wrote 2 files, skipped 363
[FH] NEE: wrote 2 files, skipped 363
[FH] NEE: wrote 2 files, skipped 363
[FH] NEE: wrote 2 files, skipped 363
[FH] NEE: wrote 2 files, skipped 363
[FH] NEE 2026-01-25 error: FinnhubAPIException(status_code: 502): JSON error message from Finnhub: <html>
<head><title>502 Bad Gateway</title></head>
<body>
<center><h1>502 Bad Gateway</h1></center>
<hr><center>nginx/1.18.0</center>
</body>
</html>

[FH] NEE 2026-01-26 error: FinnhubAPIException(status_code: 502): JSON error message from Finnhub: <html>
<head><title>502 Bad Gateway</title></head>
<body>
<center><h1>502 Bad Gateway</h1></center>
<hr><center>nginx/1.18.0</center>
</body>
</html>

[FH] NEE: wrote 2 files, skipped 363
[FH] NEE: wrote 0 files, skipped 365
