[FH] EBAY 2025-11-03 rate-limited: FinnhubAPIException(status_code: 429): API limit reached. Please try again later. Remaining Limit: 0
[FH] EBAY 2025-11-03 rate-limited: FinnhubAPIException(status_code: 429): API limit reached. Please try again later. Remaining Limit: 0
[FH] EBAY 2025-11-03 rate-limited: FinnhubAPIException(status_code: 429): API limit reached. Please try again later. Remaining Limit: 0
[FH] EBAY 2025-11-03 rate-limited: FinnhubAPIException(status_code: 429): API limit reached. Please try again later. Remaining Limit: 0
[FH] EBAY 2025-11-03 rate-limited: FinnhubAPIException(status_code: 429): API limit reached. Please try again later. Remaining Limit: 0
[FH] EBAY: wrote 3 files, skipped 362
[FH] EBAY: wrote 0 files, skipped 365
[FH] EBAY: wrote 0 files, skipped 365
[FH] EBAY: wrote 0 files, skipped 365
[FH] EBAY: wrote 0 files, skipped 365
[FH] EBAY: wrote 0 files, skipped 365
[FH] EBAY: wrote 0 files, skipped 365
[FH] EBAY: wrote 0 files, skipped 365
[FH] EBAY: wrote 0 files, skipped 365
[FH] EBAY: wrote 0 files, skipped 365
[FH] EBAY: wrote 1 files, skipped 364
[FH] EBAY: wrote 0 files, skipped 365
[FH] EBAY: wrote 0 files, skipped 365
[FH] EBAY: wrote 1 files, skipped 364
[FH] EBAY: wrote 2 files, skipped 363
[FH] EBAY: wrote 2 files, skipped 363
[FH] EBAY: wrote 1 files, skipped 364
[FH] EBAY: wrote 0 files, skipped 365
[FH] EBAY: wrote 0 files, skipped 365
[FH] EBAY: wrote 0 files, skipped 365
[FH] EBAY: wrote 0 files, skipped 365
[FH] EBAY: wrote 0 files, skipped 365
[FH] EBAY: wrote 2 files, skipped 363
[FH] EBAY: wrote 2 files, skipped 363
[FH] EBAY: wrote 2 files, skipped 363
[FH] EBAY: wrote 1 files, skipped 364
[FH] EBAY: wrote 0 files, skipped 365
[FH] EBAY: wrote 0 files, skipped 365
[FH] EBAY: wrote 0 files, skipped 365
[FH] EBAY: wrote 0 files, skipped 365
[FH] EBAY: wrote 0 files, skipped 365
[FH] EBAY: wrote 2 files, skipped 363
[FH] EBAY: wrote 3 files, skipped 362
[FH] EBAY: wrote 3 files, skipped 362
[FH] EBAY: wrote 3 files, skipped 362
[FH] EBAY: wrote 2 files, skipped 363
[FH] EBAY: wrote 2 files, skipped 363
[FH] EBAY: wrote 3 files, skipped 362
[FH] EBAY: wrote 3 files, skipped 362
[FH] EBAY: wrote 2 files, skipped 363
[FH] EBAY: wrote 3 files, skipped 362
[FH] EBAY: wrote 4 files, skipped 361
[FH] EBAY: wrote 1 files, skipped 364
[FH] EBAY: wrote 0 files, skipped 365
[FH] EBAY: wrote 0 files, skipped 365
[FH] EBAY: wrote 0 files, skipped 365
[FH] EBAY: wrote 0 files, skipped 365
[FH] EBAY: wrote 0 files, skipped 365
[FH] EBAY: wrote 0 files, skipped 365
[FH] EBAY: wrote 0 files, skipped 365
[FH] EBAY: wrote 1 files, skipped 364
[FH] EBAY: wrote 0 files, skipped 365
[FH] EBAY: wrote 0 files, skipped 365
[FH] EBAY: wrote 0 files, skipped 365
[FH] EBAY: wrote 0 files, skipped 365
[FH] EBAY: wrote 0 files, skipped 365
[FH] EBAY: wrote 0 files, skipped 365
[FH] EBAY: wrote 0 files, skipped 365
[FH] EBAY: wrote 0 files, skipped 365
[FH] EBAY: wrote 0 files, skipped 365
[FH] EBAY: wrote 1 files, skipped 364
[FH] EBAY: wrote 0 files, skipped 365
[FH] EBAY: wrote 0 files, skipped 365
[FH] EBAY: wrote 0 files, skipped 365
[FH] EBAY: wrote 0 files, skipped 365
[FH] EBAY: wrote 1 files, skipped 364
[FH] EBAY: wrote 0 files, skipped 365
[FH] EBAY: wrote 1 files, skipped 364
[FH] EBAY: wrote 0 files, skipped 365
[FH] EBAY: wrote 1 files, skipped 364
[FH] EBAY: wrote 0 files, skipped 365
[FH] EBAY: wrote 0 files, skipped 365
[FH] EBAY: wrote 0 files, skipped 365
[FH] EBAY: wrote 0 files, skipped 365
[FH] EBAY: wrote 0 files, skipped 365
[FH] EBAY: wrote 0 files, skipped 365
[FH] EBAY: wrote 0 files, skipped 365
[FH] EBAY: wrote 1 files, skipped 364
[FH] EBAY: wrote 0 files, skipped 365
[FH] EBAY: wrote 0 files, skipped 365
[FH] EBAY: wrote 0 files, skipped 365
[FH] EBAY: wrote 2 files, skipped 363
[FH] EBAY: wrote 1 files, skipped 364
[FH] EBAY: wrote 2 files, skipped 363
[FH] EBAY 2026-01-02 rate-limited: FinnhubAPIException(status_code: 429): API limit reached. Please try again later. Remaining Limit: 0
[FH] EBAY 2026-01-02 rate-limited: FinnhubAPIException(status_code: 429): API limit reached. Please try again later. Remaining Limit: 0
[FH] EBAY 2026-01-02 rate-limited: FinnhubAPIException(status_code: 429): API limit reached. Please try again later. Remaining Limit: 0
[FH] EBAY 2026-01-02 rate-limited: FinnhubAPIException(status_code: 429): API limit reached. Please try again later. Remaining Limit: 0
[FH] EBAY 2026-01-02 rate-limited: FinnhubAPIException(status_code: 429): API limit reached. Please try again later. Remaining Limit: 0
[FH] EBAY: wrote 2 files, skipped 363
[FH] EBAY: wrote 2 files, skipped 363
[FH] EBAY: wrote 2 files, skipped 363
[FH] EBAY: wrote 2 files, skipped 363
[FH] EBAY: wrote 2 files, skipped 363
[FH] EBAY: wrote 2 files, skipped 363
[FH] EBAY 2026-01-14 rate-limited: FinnhubAPIException(status_code: 429): API limit reached. Please try again later. Remaining Limit: 0
[FH] EBAY 2026-01-14 rate-limited: FinnhubAPIException(status_code: 429): API limit reached. Please try again later. Remaining Limit: 0
[FH] EBAY 2026-01-14 rate-limited: FinnhubAPIException(status_code: 429): API limit reached. Please try again later. Remaining Limit: 0
[FH] EBAY 2026-01-14 rate-limited: FinnhubAPIException(status_code: 429): API limit reached. Please try again later. Remaining Limit: 0
[FH] EBAY 2026-01-14 rate-limited: FinnhubAPIException(status_code: 429): API limit reached. Please try again later. Remaining Limit: 0
[FH] EBAY: wrote 2 files, skipped 363
[FH] EBAY 2026-01-16 rate-limited: FinnhubAPIException(status_code: 429): API limit reached. Please try again later. Remaining Limit: 0
[FH] EBAY 2026-01-16 rate-limited: FinnhubAPIException(status_code: 429): API limit reached. Please try again later. Remaining Limit: 0
[FH] EBAY 2026-01-16 rate-limited: FinnhubAPIException(status_code: 429): API limit reached. Please try again later. Remaining Limit: 0
[FH] EBAY 2026-01-16 rate-limited: FinnhubAPIException(status_code: 429): API limit reached. Please try again later. Remaining Limit: 0
[FH] EBAY 2026-01-16 rate-limited: FinnhubAPIException(status_code: 429): API limit reached. Please try again later. Remaining Limit: 0
[FH] EBAY: wrote 2 files, skipped 363
[FH] EBAY: wrote 2 files, skipped 363
[FH] EBAY: wrote 2 files, skipped 363
[FH] EBAY: wrote 2 files, skipped 363
[FH] EBAY: wrote 2 files, skipped 363
[FH] EBAY: wrote 2 files, skipped 363
[FH] EBAY: wrote 0 files, skipped 365
[FH] EBAY: wrote 2 files, skipped 363
[FH] EBAY: wrote 2 files, skipped 363
[FH] EBAY: wrote 2 files, skipped 363
[FH] EBAY: wrote 2 files, skipped 363
[FH] EBAY: wrote 1 files, skipped 364
[FH] EBAY: wrote 2 files, skipped 363
[FH] EBAY: wrote 3 files, skipped 362
[FH] EBAY: wrote 1 files, skipped 364
[FH] EBAY: wrote 2 files, skipped 363
[FH] EBAY 2026-02-14 rate-limited: FinnhubAPIException(status_code: 429): API limit reached. Please try again later. Remaining Limit: 0
[FH] EBAY 2026-02-14 rate-limited: FinnhubAPIException(status_code: 429): API limit reached. Please try again later. Remaining Limit: 0
[FH] EBAY 2026-02-14 rate-limited: FinnhubAPIException(status_code: 429): API limit reached. Please try again later. Remaining Limit: 0
[FH] EBAY 2026-02-14 rate-limited: FinnhubAPIException(status_code: 429): API limit reached. Please try again later. Remaining Limit: 0
[FH] EBAY 2026-02-14 rate-limited: FinnhubAPIException(status_code: 429): API limit reached. Please try again later. Remaining Limit: 0
[FH] EBAY: wrote 2 files, skipped 363
[FH] EBAY 2026-02-16 rate-limited: FinnhubAPIException(status_code: 429): API limit reached. Please try again later. Remaining Limit: 0
[FH] EBAY 2026-02-16 rate-limited: FinnhubAPIException(status_code: 429): API limit reached. Please try again later. Remaining Limit: 0
[FH] EBAY 2026-02-16 rate-limited: FinnhubAPIException(status_code: 429): API limit reached. Please try again later. Remaining Limit: 0
[FH] EBAY 2026-02-16 rate-limited: FinnhubAPIException(status_code: 429): API limit reached. Please try again later. Remaining Limit: 0
[FH] EBAY 2026-02-16 rate-limited: FinnhubAPIException(status_code: 429): API limit reached. Please try again later. Remaining Limit: 0
[FH] EBAY: wrote 2 files, skipped 363
[FH] EBAY: wrote 2 files, skipped 363
[FH] EBAY 2026-02-19 error: FinnhubAPIException(status_code: 502): JSON error message from Finnhub: <html>
<head><title>502 Bad Gateway</title></head>
<body>
<center><h1>502 Bad Gateway</h1></center>
<hr><center>nginx/1.18.0</center>
</body>
</html>

[FH] EBAY 2026-02-20 error: FinnhubAPIException(status_code: 502): JSON error message from Finnhub: <html>
<head><title>502 Bad Gateway</title></head>
<body>
<center><h1>502 Bad Gateway</h1></center>
<hr><center>nginx/1.18.0</center>
</body>
</html>

[FH] EBAY: wrote 2 files, skipped 363
[FH] EBAY: wrote 3 files, skipped 362
[FH] EBAY: wrote 2 files, skipped 363
[FH] EBAY: wrote 2 files, skipped 363
