[FH] MTCH: wrote 2 files, skipped 363
[FH] MTCH: wrote 0 files, skipped 365
[FH] MTCH: wrote 0 files, skipped 365
[FH] MTCH: wrote 0 files, skipped 365
[FH] MTCH: wrote 0 files, skipped 365
[FH] MTCH: wrote 0 files, skipped 365
[FH] MTCH: wrote 0 files, skipped 365
[FH] MTCH: wrote 0 files, skipped 365
[FH] MTCH: wrote 0 files, skipped 365
[FH] MTCH: wrote 0 files, skipped 365
[FH] MTCH: wrote 1 files, skipped 364
[FH] MTCH: wrote 0 files, skipped 365
[FH] MTCH: wrote 0 files, skipped 365
[FH] MTCH: wrote 1 files, skipped 364
[FH] MTCH: wrote 2 files, skipped 363
[FH] MTCH: wrote 2 files, skipped 363
[FH] MTCH: wrote 1 files, skipped 364
[FH] MTCH: wrote 0 files, skipped 365
[FH] MTCH: wrote 0 files, skipped 365
[FH] MTCH: wrote 0 files, skipped 365
[FH] MTCH: wrote 0 files, skipped 365
[FH] MTCH: wrote 0 files, skipped 365
[FH] MTCH: wrote 2 files, skipped 363
[FH] MTCH: wrote 2 files, skipped 363
[FH] MTCH: wrote 2 files, skipped 363
[FH] MTCH: wrote 1 files, skipped 364
[FH] MTCH: wrote 0 files, skipped 365
[FH] MTCH: wrote 0 files, skipped 365
[FH] MTCH: wrote 0 files, skipped 365
[FH] MTCH: wrote 0 files, skipped 365
[FH] MTCH: wrote 0 files, skipped 365
[FH] MTCH: wrote 2 files, skipped 363
[FH] MTCH: wrote 3 files, skipped 362
[FH] MTCH: wrote 3 files, skipped 362
[FH] MTCH 2025-11-28 rate-limited: FinnhubAPIException(status_code: 429): API limit reached. Please try again later. Remaining Limit: 0
[FH] MTCH 2025-11-28 rate-limited: FinnhubAPIException(status_code: 429): API limit reached. Please try again later. Remaining Limit: 0
[FH] MTCH 2025-11-28 rate-limited: FinnhubAPIException(status_code: 429): API limit reached. Please try again later. Remaining Limit: 0
[FH] MTCH 2025-11-28 rate-limited: FinnhubAPIException(status_code: 429): API limit reached. Please try again later. Remaining Limit: 0
[FH] MTCH 2025-11-28 rate-limited: FinnhubAPIException(status_code: 429): API limit reached. Please try again later. Remaining Limit: 0
[FH] MTCH 2025-11-29 rate-limited: FinnhubAPIException(status_code: 429): API limit reached. Please try again later. Remaining Limit: 0
[FH] MTCH 2025-11-29 rate-limited: FinnhubAPIException(status_code: 429): API limit reached. Please try again later. Remaining Limit: 0
[FH] MTCH 2025-11-29 rate-limited: FinnhubAPIException(status_code: 429): API limit reached. Please try again later. Remaining Limit: 0
[FH] MTCH 2025-11-29 rate-limited: FinnhubAPIException(status_code: 429): API limit reached. Please try again later. Remaining Limit: 0
[FH] MTCH 2025-11-29 rate-limited: FinnhubAPIException(status_code: 429): API limit reached. Please try again later. Remaining Limit: 0
[FH] MTCH: wrote 3 files, skipped 362
[FH] MTCH: wrote 2 files, skipped 363
[FH] MTCH: wrote 2 files, skipped 363
[FH] MTCH: wrote 3 files, skipped 362
[FH] MTCH: wrote 3 files, skipped 362
[FH] MTCH: wrote 2 files, skipped 363
[FH] MTCH: wrote 3 files, skipped 362
[FH] MTCH: wrote 5 files, skipped 360
[FH] MTCH: wrote 0 files, skipped 365
[FH] MTCH: wrote 0 files, skipped 365
[FH] MTCH: wrote 0 files, skipped 365
[FH] MTCH: wrote 0 files, skipped 365
[FH] MTCH: wrote 0 files, skipped 365
[FH] MTCH: wrote 0 files, skipped 365
[FH] MTCH: wrote 0 files, skipped 365
[FH] MTCH: wrote 1 files, skipped 364
[FH] MTCH: wrote 0 files, skipped 365
[FH] MTCH: wrote 0 files, skipped 365
[FH] MTCH: wrote 0 files, skipped 365
[FH] MTCH: wrote 0 files, skipped 365
[FH] MTCH: wrote 0 files, skipped 365
[FH] MTCH: wrote 0 files, skipped 365
[FH] MTCH: wrote 0 files, skipped 365
[FH] MTCH: wrote 0 files, skipped 365
[FH] MTCH: wrote 0 files, skipped 365
[FH] MTCH: wrote 1 files, skipped 364
[FH] MTCH: wrote 0 files, skipped 365
[FH] MTCH: wrote 0 files, skipped 365
[FH] MTCH: wrote 0 files, skipped 365
[FH] MTCH: wrote 0 files, skipped 365
[FH] MTCH: wrote 1 files, skipped 364
[FH] MTCH: wrote 0 files, skipped 365
[FH] MTCH: wrote 1 files, skipped 364
[FH] MTCH: wrote 0 files, skipped 365
[FH] MTCH: wrote 1 files, skipped 364
[FH] MTCH: wrote 0 files, skipped 365
[FH] MTCH: wrote 0 files, skipped 365
[FH] MTCH: wrote 0 files, skipped 365
[FH] MTCH: wrote 0 files, skipped 365
[FH] MTCH: wrote 0 files, skipped 365
[FH] MTCH: wrote 0 files, skipped 365
[FH] MTCH: wrote 0 files, skipped 365
[FH] MTCH: wrote 1 files, skipped 364
[FH] MTCH: wrote 0 files, skipped 365
[FH] MTCH: wrote 0 files, skipped 365
[FH] MTCH: wrote 0 files, skipped 365
[FH] MTCH: wrote 2 files, skipped 363
[FH] MTCH: wrote 1 files, skipped 364
[FH] MTCH: wrote 2 files, skipped 363
[FH] MTCH: wrote 2 files, skipped 363
[FH] MTCH: wrote 2 files, skipped 363
[FH] MTCH: wrote 2 files, skipped 363
[FH] MTCH: wrote 2 files, skipped 363
[FH] MTCH: wrote 2 files, skipped 363
[FH] MTCH: wrote 2 files, skipped 363
[FH] MTCH: wrote 2 files, skipped 363
[FH] MTCH: wrote 2 files, skipped 363
[FH] MTCH: wrote 2 files, skipped 363
[FH] MTCH: wrote 2 files, skipped 363
[FH] MTCH 2026-01-21 error: FinnhubAPIException(status_code: 502): JSON error message from Finnhub: <html>
<head><title>502 Bad Gateway</title></head>
<body>
<center><h1>502 Bad Gateway</h1></center>
<hr><center>nginx/1.18.0</center>
</body>
</html>

[FH] MTCH 2026-01-22 error: FinnhubAPIException(status_code: 502): JSON error message from Finnhub: <html>
<head><title>502 Bad Gateway</title></head>
<body>
<center><h1>502 Bad Gateway</h1></center>
<hr><center>nginx/1.18.0</center>
</body>
</html>

[FH] MTCH: wrote 2 files, skipped 363
[FH] MTCH: wrote 2 files, skipped 363
[FH] MTCH 2026-01-25 error: FinnhubAPIException(status_code: 502): JSON error message from Finnhub: <html>
<head><title>502 Bad Gateway</title></head>
<body>
<center><h1>502 Bad Gateway</h1></center>
<hr><center>nginx/1.18.0</center>
</body>
</html>

[FH] MTCH 2026-01-26 error: FinnhubAPIException(status_code: 502): JSON error message from Finnhub: <html>
<head><title>502 Bad Gateway</title></head>
<body>
<center><h1>502 Bad Gateway</h1></center>
<hr><center>nginx/1.18.0</center>
</body>
</html>

[FH] MTCH: wrote 2 files, skipped 363
[FH] MTCH: wrote 0 files, skipped 365
[FH] MTCH: wrote 2 files, skipped 363
[FH] MTCH: wrote 2 files, skipped 363
[FH] MTCH: wrote 2 files, skipped 363
[FH] MTCH: wrote 2 files, skipped 363
[FH] MTCH: wrote 1 files, skipped 364
[FH] MTCH: wrote 2 files, skipped 363
[FH] MTCH: wrote 3 files, skipped 362
[FH] MTCH: wrote 1 files, skipped 364
[FH] MTCH: wrote 2 files, skipped 363
[FH] MTCH: wrote 2 files, skipped 363
[FH] MTCH: wrote 2 files, skipped 363
[FH] MTCH: wrote 2 files, skipped 363
[FH] MTCH: wrote 2 files, skipped 363
