[FH] MET: wrote 2 files, skipped 363
[FH] MET: wrote 0 files, skipped 365
[FH] MET: wrote 0 files, skipped 365
[FH] MET: wrote 0 files, skipped 365
[FH] MET: wrote 0 files, skipped 365
[FH] MET: wrote 0 files, skipped 365
[FH] MET: wrote 0 files, skipped 365
[FH] MET: wrote 0 files, skipped 365
[FH] MET: wrote 0 files, skipped 365
[FH] MET: wrote 0 files, skipped 365
[FH] MET 2025-11-06 rate-limited: FinnhubAPIException(status_code: 429): API limit reached. Please try again later. Remaining Limit: 0
[FH] MET 2025-11-06 rate-limited: FinnhubAPIException(status_code: 429): API limit reached. Please try again later. Remaining Limit: 0
[FH] MET 2025-11-06 rate-limited: FinnhubAPIException(status_code: 429): API limit reached. Please try again later. Remaining Limit: 0
[FH] MET 2025-11-06 rate-limited: FinnhubAPIException(status_code: 429): API limit reached. Please try again later. Remaining Limit: 0
[FH] MET 2025-11-06 rate-limited: FinnhubAPIException(status_code: 429): API limit reached. Please try again later. Remaining Limit: 0
[FH] MET: wrote 1 files, skipped 364
[FH] MET: wrote 0 files, skipped 365
[FH] MET: wrote 0 files, skipped 365
[FH] MET 2025-11-07 rate-limited: FinnhubAPIException(status_code: 429): API limit reached. Please try again later. Remaining Limit: 0
[FH] MET 2025-11-07 rate-limited: FinnhubAPIException(status_code: 429): API limit reached. Please try again later. Remaining Limit: 0
[FH] MET 2025-11-07 rate-limited: FinnhubAPIException(status_code: 429): API limit reached. Please try again later. Remaining Limit: 0
[FH] MET 2025-11-07 rate-limited: FinnhubAPIException(status_code: 429): API limit reached. Please try again later. Remaining Limit: 0
[FH] MET 2025-11-07 rate-limited: FinnhubAPIException(status_code: 429): API limit reached. Please try again later. Remaining Limit: 0
[FH] MET: wrote 1 files, skipped 364
[FH] MET: wrote 2 files, skipped 363
[FH] MET: wrote 2 files, skipped 363
[FH] MET 2025-11-12 rate-limited: FinnhubAPIException(status_code: 429): API limit reached. Please try again later. Remaining Limit: 0
[FH] MET 2025-11-12 rate-limited: FinnhubAPIException(status_code: 429): API limit reached. Please try again later. Remaining Limit: 0
[FH] MET 2025-11-12 rate-limited: FinnhubAPIException(status_code: 429): API limit reached. Please try again later. Remaining Limit: 0
[FH] MET 2025-11-12 rate-limited: FinnhubAPIException(status_code: 429): API limit reached. Please try again later. Remaining Limit: 0
[FH] MET 2025-11-12 rate-limited: FinnhubAPIException(status_code: 429): API limit reached. Please try again later. Remaining Limit: 0
[FH] MET: wrote 1 files, skipped 364
[FH] MET: wrote 0 files, skipped 365
[FH] MET: wrote 0 files, skipped 365
[FH] MET: wrote 0 files, skipped 365
[FH] MET: wrote 0 files, skipped 365
[FH] MET: wrote 0 files, skipped 365
[FH] MET: wrote 2 files, skipped 363
[FH] MET: wrote 2 files, skipped 363
[FH] MET 2025-11-17 rate-limited: FinnhubAPIException(status_code: 429): API limit reached. Please try again later. Remaining Limit: 0
[FH] MET 2025-11-17 rate-limited: FinnhubAPIException(status_code: 429): API limit reached. Please try again later. Remaining Limit: 0
[FH] MET 2025-11-17 rate-limited: FinnhubAPIException(status_code: 429): API limit reached. Please try again later. Remaining Limit: 0
[FH] MET 2025-11-17 rate-limited: FinnhubAPIException(status_code: 429): API limit reached. Please try again later. Remaining Limit: 0
[FH] MET 2025-11-17 rate-limited: FinnhubAPIException(status_code: 429): API limit reached. Please try again later. Remaining Limit: 0
[FH] MET: wrote 2 files, skipped 363
[FH] MET 2025-11-19 rate-limited: FinnhubAPIException(status_code: 429): API limit reached. Please try again later. Remaining Limit: 0
[FH] MET 2025-11-19 rate-limited: FinnhubAPIException(status_code: 429): API limit reached. Please try again later. Remaining Limit: 0
[FH] MET 2025-11-19 rate-limited: FinnhubAPIException(status_code: 429): API limit reached. Please try again later. Remaining Limit: 0
[FH] MET 2025-11-19 rate-limited: FinnhubAPIException(status_code: 429): API limit reached. Please try again later. Remaining Limit: 0
[FH] MET 2025-11-19 rate-limited: FinnhubAPIException(status_code: 429): API limit reached. Please try again later. Remaining Limit: 0
[FH] MET: wrote 1 files, skipped 364
[FH] MET: wrote 0 files, skipped 365
[FH] MET: wrote 0 files, skipped 365
[FH] MET: wrote 0 files, skipped 365
[FH] MET: wrote 0 files, skipped 365
[FH] MET: wrote 0 files, skipped 365
[FH] MET: wrote 2 files, skipped 363
[FH] MET: wrote 3 files, skipped 362
[FH] MET: wrote 3 files, skipped 362
[FH] MET: wrote 3 files, skipped 362
[FH] MET 2025-12-01 rate-limited: FinnhubAPIException(status_code: 429): API limit reached. Please try again later. Remaining Limit: 0
[FH] MET 2025-12-01 rate-limited: FinnhubAPIException(status_code: 429): API limit reached. Please try again later. Remaining Limit: 0
[FH] MET 2025-12-01 rate-limited: FinnhubAPIException(status_code: 429): API limit reached. Please try again later. Remaining Limit: 0
[FH] MET 2025-12-01 rate-limited: FinnhubAPIException(status_code: 429): API limit reached. Please try again later. Remaining Limit: 0
[FH] MET 2025-12-01 rate-limited: FinnhubAPIException(status_code: 429): API limit reached. Please try again later. Remaining Limit: 0
[FH] MET: wrote 2 files, skipped 363
[FH] MET: wrote 2 files, skipped 363
[FH] MET: wrote 3 files, skipped 362
[FH] MET: wrote 3 files, skipped 362
[FH] MET: wrote 2 files, skipped 363
[FH] MET: wrote 3 files, skipped 362
[FH] MET: wrote 5 files, skipped 360
[FH] MET: wrote 0 files, skipped 365
[FH] MET: wrote 0 files, skipped 365
[FH] MET: wrote 0 files, skipped 365
[FH] MET: wrote 0 files, skipped 365
[FH] MET: wrote 0 files, skipped 365
[FH] MET: wrote 0 files, skipped 365
[FH] MET: wrote 0 files, skipped 365
[FH] MET 2025-12-21 rate-limited: FinnhubAPIException(status_code: 429): API limit reached. Please try again later. Remaining Limit: 0
[FH] MET 2025-12-21 rate-limited: FinnhubAPIException(status_code: 429): API limit reached. Please try again later. Remaining Limit: 0
[FH] MET 2025-12-21 rate-limited: FinnhubAPIException(status_code: 429): API limit reached. Please try again later. Remaining Limit: 0
[FH] MET 2025-12-21 rate-limited: FinnhubAPIException(status_code: 429): API limit reached. Please try again later. Remaining Limit: 0
[FH] MET 2025-12-21 rate-limited: FinnhubAPIException(status_code: 429): API limit reached. Please try again later. Remaining Limit: 0
[FH] MET: wrote 1 files, skipped 364
[FH] MET: wrote 0 files, skipped 365
[FH] MET: wrote 0 files, skipped 365
[FH] MET: wrote 0 files, skipped 365
[FH] MET: wrote 0 files, skipped 365
[FH] MET: wrote 0 files, skipped 365
[FH] MET: wrote 0 files, skipped 365
[FH] MET: wrote 0 files, skipped 365
[FH] MET: wrote 0 files, skipped 365
[FH] MET: wrote 0 files, skipped 365
[FH] MET 2025-12-22 rate-limited: FinnhubAPIException(status_code: 429): API limit reached. Please try again later. Remaining Limit: 0
[FH] MET 2025-12-22 rate-limited: FinnhubAPIException(status_code: 429): API limit reached. Please try again later. Remaining Limit: 0
[FH] MET 2025-12-22 rate-limited: FinnhubAPIException(status_code: 429): API limit reached. Please try again later. Remaining Limit: 0
[FH] MET 2025-12-22 rate-limited: FinnhubAPIException(status_code: 429): API limit reached. Please try again later. Remaining Limit: 0
[FH] MET 2025-12-22 rate-limited: FinnhubAPIException(status_code: 429): API limit reached. Please try again later. Remaining Limit: 0
[FH] MET: wrote 1 files, skipped 364
[FH] MET: wrote 0 files, skipped 365
[FH] MET: wrote 0 files, skipped 365
[FH] MET: wrote 0 files, skipped 365
[FH] MET: wrote 0 files, skipped 365
[FH] MET 2025-12-23 rate-limited: FinnhubAPIException(status_code: 429): API limit reached. Please try again later. Remaining Limit: 0
[FH] MET 2025-12-23 rate-limited: FinnhubAPIException(status_code: 429): API limit reached. Please try again later. Remaining Limit: 0
[FH] MET 2025-12-23 rate-limited: FinnhubAPIException(status_code: 429): API limit reached. Please try again later. Remaining Limit: 0
[FH] MET 2025-12-23 rate-limited: FinnhubAPIException(status_code: 429): API limit reached. Please try again later. Remaining Limit: 0
[FH] MET 2025-12-23 rate-limited: FinnhubAPIException(status_code: 429): API limit reached. Please try again later. Remaining Limit: 0
[FH] MET: wrote 1 files, skipped 364
[FH] MET: wrote 0 files, skipped 365
[FH] MET 2025-12-24 rate-limited: FinnhubAPIException(status_code: 429): API limit reached. Please try again later. Remaining Limit: 0
[FH] MET 2025-12-24 rate-limited: FinnhubAPIException(status_code: 429): API limit reached. Please try again later. Remaining Limit: 0
[FH] MET 2025-12-24 rate-limited: FinnhubAPIException(status_code: 429): API limit reached. Please try again later. Remaining Limit: 0
[FH] MET 2025-12-24 rate-limited: FinnhubAPIException(status_code: 429): API limit reached. Please try again later. Remaining Limit: 0
[FH] MET 2025-12-24 rate-limited: FinnhubAPIException(status_code: 429): API limit reached. Please try again later. Remaining Limit: 0
[FH] MET: wrote 1 files, skipped 364
[FH] MET: wrote 0 files, skipped 365
[FH] MET: wrote 1 files, skipped 364
[FH] MET: wrote 0 files, skipped 365
[FH] MET: wrote 0 files, skipped 365
[FH] MET: wrote 0 files, skipped 365
[FH] MET: wrote 0 files, skipped 365
[FH] MET: wrote 0 files, skipped 365
[FH] MET: wrote 0 files, skipped 365
[FH] MET: wrote 0 files, skipped 365
[FH] MET 2025-12-26 rate-limited: FinnhubAPIException(status_code: 429): API limit reached. Please try again later. Remaining Limit: 0
[FH] MET 2025-12-26 rate-limited: FinnhubAPIException(status_code: 429): API limit reached. Please try again later. Remaining Limit: 0
[FH] MET 2025-12-26 rate-limited: FinnhubAPIException(status_code: 429): API limit reached. Please try again later. Remaining Limit: 0
[FH] MET 2025-12-26 rate-limited: FinnhubAPIException(status_code: 429): API limit reached. Please try again later. Remaining Limit: 0
[FH] MET 2025-12-26 rate-limited: FinnhubAPIException(status_code: 429): API limit reached. Please try again later. Remaining Limit: 0
[FH] MET: wrote 1 files, skipped 364
[FH] MET: wrote 0 files, skipped 365
[FH] MET: wrote 0 files, skipped 365
[FH] MET: wrote 0 files, skipped 365
[FH] MET: wrote 2 files, skipped 363
[FH] MET 2025-12-29 rate-limited: FinnhubAPIException(status_code: 429): API limit reached. Please try again later. Remaining Limit: 0
[FH] MET 2025-12-29 rate-limited: FinnhubAPIException(status_code: 429): API limit reached. Please try again later. Remaining Limit: 0
[FH] MET 2025-12-29 rate-limited: FinnhubAPIException(status_code: 429): API limit reached. Please try again later. Remaining Limit: 0
[FH] MET 2025-12-29 rate-limited: FinnhubAPIException(status_code: 429): API limit reached. Please try again later. Remaining Limit: 0
[FH] MET 2025-12-29 rate-limited: FinnhubAPIException(status_code: 429): API limit reached. Please try again later. Remaining Limit: 0
[FH] MET: wrote 1 files, skipped 364
[FH] MET 2025-12-30 rate-limited: FinnhubAPIException(status_code: 429): API limit reached. Please try again later. Remaining Limit: 0
[FH] MET 2025-12-30 rate-limited: FinnhubAPIException(status_code: 429): API limit reached. Please try again later. Remaining Limit: 0
[FH] MET 2025-12-30 rate-limited: FinnhubAPIException(status_code: 429): API limit reached. Please try again later. Remaining Limit: 0
[FH] MET 2025-12-30 rate-limited: FinnhubAPIException(status_code: 429): API limit reached. Please try again later. Remaining Limit: 0
[FH] MET: wrote 2 files, skipped 363
[FH] MET: wrote 2 files, skipped 363
[FH] MET 2026-01-03 rate-limited: FinnhubAPIException(status_code: 429): API limit reached. Please try again later. Remaining Limit: 0
[FH] MET 2026-01-03 rate-limited: FinnhubAPIException(status_code: 429): API limit reached. Please try again later. Remaining Limit: 0
[FH] MET 2026-01-03 rate-limited: FinnhubAPIException(status_code: 429): API limit reached. Please try again later. Remaining Limit: 0
[FH] MET 2026-01-03 rate-limited: FinnhubAPIException(status_code: 429): API limit reached. Please try again later. Remaining Limit: 0
[FH] MET 2026-01-03 rate-limited: FinnhubAPIException(status_code: 429): API limit reached. Please try again later. Remaining Limit: 0
[FH] MET 2026-01-04 rate-limited: FinnhubAPIException(status_code: 429): API limit reached. Please try again later. Remaining Limit: 0
[FH] MET 2026-01-04 rate-limited: FinnhubAPIException(status_code: 429): API limit reached. Please try again later. Remaining Limit: 0
[FH] MET 2026-01-04 rate-limited: FinnhubAPIException(status_code: 429): API limit reached. Please try again later. Remaining Limit: 0
[FH] MET 2026-01-04 rate-limited: FinnhubAPIException(status_code: 429): API limit reached. Please try again later. Remaining Limit: 0
[FH] MET: wrote 2 files, skipped 363
[FH] MET: wrote 2 files, skipped 363
[FH] MET: wrote 2 files, skipped 363
[FH] MET: wrote 2 files, skipped 363
[FH] MET: wrote 2 files, skipped 363
[FH] MET: wrote 2 files, skipped 363
[FH] MET: wrote 2 files, skipped 363
[FH] MET: wrote 2 files, skipped 363
[FH] MET: wrote 2 files, skipped 363
[FH] MET 2026-01-21 error: FinnhubAPIException(status_code: 502): JSON error message from Finnhub: <html>
<head><title>502 Bad Gateway</title></head>
<body>
<center><h1>502 Bad Gateway</h1></center>
<hr><center>nginx/1.18.0</center>
</body>
</html>

[FH] MET 2026-01-22 error: FinnhubAPIException(status_code: 502): JSON error message from Finnhub: <html>
<head><title>502 Bad Gateway</title></head>
<body>
<center><h1>502 Bad Gateway</h1></center>
<hr><center>nginx/1.18.0</center>
</body>
</html>

[FH] MET: wrote 2 files, skipped 363
[FH] MET: wrote 2 files, skipped 363
