[FH] NFLX: wrote 1 files, skipped 364
[FH] NFLX: wrote 0 files, skipped 365
[FH] NFLX: wrote 0 files, skipped 365
[FH] NFLX: wrote 0 files, skipped 365
[FH] NFLX: wrote 0 files, skipped 365
[FH] NFLX: wrote 0 files, skipped 365
[FH] NFLX: wrote 0 files, skipped 365
[FH] NFLX: wrote 0 files, skipped 365
[FH] NFLX: wrote 0 files, skipped 365
[FH] NFLX: wrote 0 files, skipped 365
[FH] NFLX: wrote 1 files, skipped 364
[FH] NFLX: wrote 0 files, skipped 365
[FH] NFLX: wrote 0 files, skipped 365
[FH] NFLX: wrote 1 files, skipped 364
[FH] NFLX: wrote 2 files, skipped 363
[FH] NFLX: wrote 2 files, skipped 363
[FH] NFLX: wrote 1 files, skipped 364
[FH] NFLX: wrote 0 files, skipped 365
[FH] NFLX: wrote 0 files, skipped 365
[FH] NFLX: wrote 0 files, skipped 365
[FH] NFLX: wrote 0 files, skipped 365
[FH] NFLX: wrote 0 files, skipped 365
[FH] NFLX: wrote 2 files, skipped 363
[FH] NFLX: wrote 2 files, skipped 363
[FH] NFLX 2025-11-18 rate-limited: FinnhubAPIException(status_code: 429): API limit reached. Please try again later. Remaining Limit: 0
[FH] NFLX 2025-11-18 rate-limited: FinnhubAPIException(status_code: 429): API limit reached. Please try again later. Remaining Limit: 0
[FH] NFLX 2025-11-18 rate-limited: FinnhubAPIException(status_code: 429): API limit reached. Please try again later. Remaining Limit: 0
[FH] NFLX 2025-11-18 rate-limited: FinnhubAPIException(status_code: 429): API limit reached. Please try again later. Remaining Limit: 0
[FH] NFLX 2025-11-18 rate-limited: FinnhubAPIException(status_code: 429): API limit reached. Please try again later. Remaining Limit: 0
[FH] NFLX: wrote 2 files, skipped 363
[FH] NFLX: wrote 1 files, skipped 364
[FH] NFLX: wrote 0 files, skipped 365
[FH] NFLX: wrote 0 files, skipped 365
[FH] NFLX: wrote 0 files, skipped 365
[FH] NFLX: wrote 0 files, skipped 365
[FH] NFLX: wrote 0 files, skipped 365
[FH] NFLX: wrote 2 files, skipped 363
[FH] NFLX: wrote 3 files, skipped 362
[FH] NFLX: wrote 3 files, skipped 362
[FH] NFLX: wrote 3 files, skipped 362
[FH] NFLX 2025-12-02 rate-limited: FinnhubAPIException(status_code: 429): API limit reached. Please try again later. Remaining Limit: 0
[FH] NFLX 2025-12-02 rate-limited: FinnhubAPIException(status_code: 429): API limit reached. Please try again later. Remaining Limit: 0
[FH] NFLX 2025-12-02 rate-limited: FinnhubAPIException(status_code: 429): API limit reached. Please try again later. Remaining Limit: 0
[FH] NFLX 2025-12-02 rate-limited: FinnhubAPIException(status_code: 429): API limit reached. Please try again later. Remaining Limit: 0
[FH] NFLX 2025-12-02 rate-limited: FinnhubAPIException(status_code: 429): API limit reached. Please try again later. Remaining Limit: 0
[FH] NFLX: wrote 2 files, skipped 363
[FH] NFLX: wrote 2 files, skipped 363
[FH] NFLX: wrote 3 files, skipped 362
[FH] NFLX: wrote 3 files, skipped 362
[FH] NFLX: wrote 2 files, skipped 363
[FH] NFLX: wrote 3 files, skipped 362
[FH] NFLX: wrote 5 files, skipped 360
[FH] NFLX: wrote 0 files, skipped 365
[FH] NFLX: wrote 0 files, skipped 365
[FH] NFLX: wrote 0 files, skipped 365
[FH] NFLX: wrote 0 files, skipped 365
[FH] NFLX: wrote 0 files, skipped 365
[FH] NFLX: wrote 0 files, skipped 365
[FH] NFLX: wrote 0 files, skipped 365
[FH] NFLX: wrote 1 files, skipped 364
[FH] NFLX: wrote 0 files, skipped 365
[FH] NFLX: wrote 0 files, skipped 365
[FH] NFLX: wrote 0 files, skipped 365
[FH] NFLX: wrote 0 files, skipped 365
[FH] NFLX: wrote 0 files, skipped 365
[FH] NFLX: wrote 0 files, skipped 365
[FH] NFLX: wrote 0 files, skipped 365
[FH] NFLX: wrote 0 files, skipped 365
[FH] NFLX: wrote 0 files, skipped 365
[FH] NFLX: wrote 1 files, skipped 364
[FH] NFLX: wrote 0 files, skipped 365
[FH] NFLX: wrote 0 files, skipped 365
[FH] NFLX: wrote 0 files, skipped 365
[FH] NFLX: wrote 0 files, skipped 365
[FH] NFLX: wrote 1 files, skipped 364
[FH] NFLX: wrote 0 files, skipped 365
[FH] NFLX: wrote 1 files, skipped 364
[FH] NFLX: wrote 0 files, skipped 365
[FH] NFLX: wrote 1 files, skipped 364
[FH] NFLX: wrote 0 files, skipped 365
[FH] NFLX: wrote 0 files, skipped 365
[FH] NFLX: wrote 0 files, skipped 365
[FH] NFLX: wrote 0 files, skipped 365
[FH] NFLX: wrote 0 files, skipped 365
[FH] NFLX: wrote 0 files, skipped 365
[FH] NFLX: wrote 0 files, skipped 365
[FH] NFLX: wrote 1 files, skipped 364
[FH] NFLX: wrote 0 files, skipped 365
[FH] NFLX: wrote 0 files, skipped 365
[FH] NFLX: wrote 0 files, skipped 365
[FH] NFLX: wrote 2 files, skipped 363
[FH] NFLX: wrote 1 files, skipped 364
[FH] NFLX 2025-12-30 rate-limited: FinnhubAPIException(status_code: 429): API limit reached. Please try again later. Remaining Limit: 0
[FH] NFLX 2025-12-30 rate-limited: FinnhubAPIException(status_code: 429): API limit reached. Please try again later. Remaining Limit: 0
[FH] NFLX 2025-12-30 rate-limited: FinnhubAPIException(status_code: 429): API limit reached. Please try again later. Remaining Limit: 0
[FH] NFLX 2025-12-30 rate-limited: FinnhubAPIException(status_code: 429): API limit reached. Please try again later. Remaining Limit: 0
[FH] NFLX 2025-12-30 rate-limited: FinnhubAPIException(status_code: 429): API limit reached. Please try again later. Remaining Limit: 0
[FH] NFLX 2025-12-31 rate-limited: FinnhubAPIException(status_code: 429): API limit reached. Please try again later. Remaining Limit: 0
[FH] NFLX 2025-12-31 rate-limited: FinnhubAPIException(status_code: 429): API limit reached. Please try again later. Remaining Limit: 0
[FH] NFLX 2025-12-31 rate-limited: FinnhubAPIException(status_code: 429): API limit reached. Please try again later. Remaining Limit: 0
[FH] NFLX 2025-12-31 rate-limited: FinnhubAPIException(status_code: 429): API limit reached. Please try again later. Remaining Limit: 0
[FH] NFLX 2025-12-31 rate-limited: FinnhubAPIException(status_code: 429): API limit reached. Please try again later. Remaining Limit: 0
[FH] NFLX: wrote 2 files, skipped 363
[FH] NFLX: wrote 2 files, skipped 363
[FH] NFLX 2026-01-04 rate-limited: FinnhubAPIException(status_code: 429): API limit reached. Please try again later. Remaining Limit: 0
[FH] NFLX 2026-01-04 rate-limited: FinnhubAPIException(status_code: 429): API limit reached. Please try again later. Remaining Limit: 0
[FH] NFLX 2026-01-04 rate-limited: FinnhubAPIException(status_code: 429): API limit reached. Please try again later. Remaining Limit: 0
[FH] NFLX 2026-01-04 rate-limited: FinnhubAPIException(status_code: 429): API limit reached. Please try again later. Remaining Limit: 0
[FH] NFLX 2026-01-04 rate-limited: FinnhubAPIException(status_code: 429): API limit reached. Please try again later. Remaining Limit: 0
[FH] NFLX: wrote 2 files, skipped 363
[FH] NFLX: wrote 2 files, skipped 363
[FH] NFLX: wrote 2 files, skipped 363
[FH] NFLX: wrote 2 files, skipped 363
[FH] NFLX: wrote 2 files, skipped 363
[FH] NFLX: wrote 2 files, skipped 363
[FH] NFLX: wrote 2 files, skipped 363
[FH] NFLX: wrote 2 files, skipped 363
[FH] NFLX: wrote 2 files, skipped 363
[FH] NFLX: wrote 2 files, skipped 363
[FH] NFLX: wrote 2 files, skipped 363
[FH] NFLX 2026-01-25 error: FinnhubAPIException(status_code: 502): JSON error message from Finnhub: <html>
<head><title>502 Bad Gateway</title></head>
<body>
<center><h1>502 Bad Gateway</h1></center>
<hr><center>nginx/1.18.0</center>
</body>
</html>

[FH] NFLX 2026-01-26 error: FinnhubAPIException(status_code: 502): JSON error message from Finnhub: <html>
<head><title>502 Bad Gateway</title></head>
<body>
<center><h1>502 Bad Gateway</h1></center>
<hr><center>nginx/1.18.0</center>
</body>
</html>

[FH] NFLX: wrote 2 files, skipped 363
[FH] NFLX: wrote 0 files, skipped 365
[FH] NFLX: wrote 2 files, skipped 363
[FH] NFLX: wrote 2 files, skipped 363
[FH] NFLX: wrote 2 files, skipped 363
[FH] NFLX: wrote 2 files, skipped 363
[FH] NFLX: wrote 1 files, skipped 364
[FH] NFLX 2026-02-06 rate-limited: FinnhubAPIException(status_code: 429): API limit reached. Please try again later. Remaining Limit: 0
[FH] NFLX 2026-02-06 rate-limited: FinnhubAPIException(status_code: 429): API limit reached. Please try again later. Remaining Limit: 0
[FH] NFLX 2026-02-06 rate-limited: FinnhubAPIException(status_code: 429): API limit reached. Please try again later. Remaining Limit: 0
[FH] NFLX 2026-02-06 rate-limited: FinnhubAPIException(status_code: 429): API limit reached. Please try again later. Remaining Limit: 0
[FH] NFLX 2026-02-06 rate-limited: FinnhubAPIException(status_code: 429): API limit reached. Please try again later. Remaining Limit: 0
[FH] NFLX: wrote 2 files, skipped 363
[FH] NFLX: wrote 3 files, skipped 362
[FH] NFLX: wrote 1 files, skipped 364
[FH] NFLX: wrote 2 files, skipped 363
