[FH] ENPH: wrote 3 files, skipped 362
[FH] ENPH: wrote 0 files, skipped 365
[FH] ENPH: wrote 0 files, skipped 365
[FH] ENPH: wrote 0 files, skipped 365
[FH] ENPH: wrote 0 files, skipped 365
[FH] ENPH: wrote 0 files, skipped 365
[FH] ENPH: wrote 0 files, skipped 365
[FH] ENPH: wrote 0 files, skipped 365
[FH] ENPH: wrote 0 files, skipped 365
[FH] ENPH: wrote 0 files, skipped 365
[FH] ENPH: wrote 1 files, skipped 364
[FH] ENPH: wrote 0 files, skipped 365
[FH] ENPH: wrote 0 files, skipped 365
[FH] ENPH: wrote 1 files, skipped 364
[FH] ENPH: wrote 2 files, skipped 363
[FH] ENPH: wrote 2 files, skipped 363
[FH] ENPH: wrote 1 files, skipped 364
[FH] ENPH: wrote 0 files, skipped 365
[FH] ENPH: wrote 0 files, skipped 365
[FH] ENPH: wrote 0 files, skipped 365
[FH] ENPH: wrote 0 files, skipped 365
[FH] ENPH: wrote 0 files, skipped 365
[FH] ENPH: wrote 2 files, skipped 363
[FH] ENPH: wrote 2 files, skipped 363
[FH] ENPH: wrote 2 files, skipped 363
[FH] ENPH: wrote 1 files, skipped 364
[FH] ENPH: wrote 0 files, skipped 365
[FH] ENPH: wrote 0 files, skipped 365
[FH] ENPH: wrote 0 files, skipped 365
[FH] ENPH: wrote 0 files, skipped 365
[FH] ENPH: wrote 0 files, skipped 365
[FH] ENPH: wrote 2 files, skipped 363
[FH] ENPH: wrote 3 files, skipped 362
[FH] ENPH: wrote 3 files, skipped 362
[FH] ENPH: wrote 3 files, skipped 362
[FH] ENPH: wrote 2 files, skipped 363
[FH] ENPH: wrote 2 files, skipped 363
[FH] ENPH: wrote 3 files, skipped 362
[FH] ENPH: wrote 3 files, skipped 362
[FH] ENPH: wrote 2 files, skipped 363
[FH] ENPH 2025-12-13 rate-limited: FinnhubAPIException(status_code: 429): API limit reached. Please try again later. Remaining Limit: 0
[FH] ENPH 2025-12-13 rate-limited: FinnhubAPIException(status_code: 429): API limit reached. Please try again later. Remaining Limit: 0
[FH] ENPH 2025-12-13 rate-limited: FinnhubAPIException(status_code: 429): API limit reached. Please try again later. Remaining Limit: 0
[FH] ENPH 2025-12-13 rate-limited: FinnhubAPIException(status_code: 429): API limit reached. Please try again later. Remaining Limit: 0
[FH] ENPH 2025-12-13 rate-limited: FinnhubAPIException(status_code: 429): API limit reached. Please try again later. Remaining Limit: 0
[FH] ENPH 2025-12-14 rate-limited: FinnhubAPIException(status_code: 429): API limit reached. Please try again later. Remaining Limit: 0
[FH] ENPH 2025-12-14 rate-limited: FinnhubAPIException(status_code: 429): API limit reached. Please try again later. Remaining Limit: 0
[FH] ENPH 2025-12-14 rate-limited: FinnhubAPIException(status_code: 429): API limit reached. Please try again later. Remaining Limit: 0
[FH] ENPH 2025-12-14 rate-limited: FinnhubAPIException(status_code: 429): API limit reached. Please try again later. Remaining Limit: 0
[FH] ENPH: wrote 3 files, skipped 362
[FH] ENPH: wrote 4 files, skipped 361
[FH] ENPH: wrote 1 files, skipped 364
[FH] ENPH: wrote 0 files, skipped 365
[FH] ENPH: wrote 0 files, skipped 365
[FH] ENPH: wrote 0 files, skipped 365
[FH] ENPH: wrote 0 files, skipped 365
[FH] ENPH: wrote 0 files, skipped 365
[FH] ENPH: wrote 0 files, skipped 365
[FH] ENPH: wrote 0 files, skipped 365
[FH] ENPH: wrote 1 files, skipped 364
[FH] ENPH: wrote 0 files, skipped 365
[FH] ENPH: wrote 0 files, skipped 365
[FH] ENPH: wrote 0 files, skipped 365
[FH] ENPH: wrote 0 files, skipped 365
[FH] ENPH: wrote 0 files, skipped 365
[FH] ENPH: wrote 0 files, skipped 365
[FH] ENPH: wrote 0 files, skipped 365
[FH] ENPH: wrote 0 files, skipped 365
[FH] ENPH: wrote 0 files, skipped 365
[FH] ENPH: wrote 1 files, skipped 364
[FH] ENPH: wrote 0 files, skipped 365
[FH] ENPH: wrote 0 files, skipped 365
[FH] ENPH: wrote 0 files, skipped 365
[FH] ENPH: wrote 0 files, skipped 365
[FH] ENPH: wrote 1 files, skipped 364
[FH] ENPH: wrote 0 files, skipped 365
[FH] ENPH: wrote 1 files, skipped 364
[FH] ENPH: wrote 0 files, skipped 365
[FH] ENPH: wrote 1 files, skipped 364
[FH] ENPH: wrote 0 files, skipped 365
[FH] ENPH: wrote 0 files, skipped 365
[FH] ENPH: wrote 0 files, skipped 365
[FH] ENPH: wrote 0 files, skipped 365
[FH] ENPH: wrote 0 files, skipped 365
[FH] ENPH: wrote 0 files, skipped 365
[FH] ENPH: wrote 0 files, skipped 365
[FH] ENPH: wrote 1 files, skipped 364
[FH] ENPH: wrote 0 files, skipped 365
[FH] ENPH: wrote 0 files, skipped 365
[FH] ENPH: wrote 0 files, skipped 365
[FH] ENPH: wrote 2 files, skipped 363
[FH] ENPH: wrote 1 files, skipped 364
[FH] ENPH: wrote 2 files, skipped 363
[FH] ENPH: wrote 2 files, skipped 363
[FH] ENPH: wrote 2 files, skipped 363
[FH] ENPH: wrote 2 files, skipped 363
[FH] ENPH: wrote 2 files, skipped 363
[FH] ENPH: wrote 2 files, skipped 363
[FH] ENPH: wrote 2 files, skipped 363
[FH] ENPH: wrote 2 files, skipped 363
[FH] ENPH: wrote 2 files, skipped 363
[FH] ENPH: wrote 2 files, skipped 363
[FH] ENPH: wrote 2 files, skipped 363
[FH] ENPH: wrote 2 files, skipped 363
[FH] ENPH: wrote 2 files, skipped 363
[FH] ENPH: wrote 2 files, skipped 363
[FH] ENPH: wrote 0 files, skipped 365
[FH] ENPH: wrote 2 files, skipped 363
[FH] ENPH: wrote 2 files, skipped 363
[FH] ENPH: wrote 2 files, skipped 363
[FH] ENPH: wrote 2 files, skipped 363
[FH] ENPH: wrote 1 files, skipped 364
[FH] ENPH: wrote 2 files, skipped 363
[FH] ENPH 2026-02-07 rate-limited: FinnhubAPIException(status_code: 429): API limit reached. Please try again later. Remaining Limit: 0
[FH] ENPH 2026-02-07 rate-limited: FinnhubAPIException(status_code: 429): API limit reached. Please try again later. Remaining Limit: 0
[FH] ENPH 2026-02-07 rate-limited: FinnhubAPIException(status_code: 429): API limit reached. Please try again later. Remaining Limit: 0
[FH] ENPH 2026-02-07 rate-limited: FinnhubAPIException(status_code: 429): API limit reached. Please try again later. Remaining Limit: 0
[FH] ENPH 2026-02-07 rate-limited: FinnhubAPIException(status_code: 429): API limit reached. Please try again later. Remaining Limit: 0
[FH] ENPH 2026-02-08 rate-limited: FinnhubAPIException(status_code: 429): API limit reached. Please try again later. Remaining Limit: 0
[FH] ENPH 2026-02-08 rate-limited: FinnhubAPIException(status_code: 429): API limit reached. Please try again later. Remaining Limit: 0
[FH] ENPH 2026-02-08 rate-limited: FinnhubAPIException(status_code: 429): API limit reached. Please try again later. Remaining Limit: 0
[FH] ENPH 2026-02-08 rate-limited: FinnhubAPIException(status_code: 429): API limit reached. Please try again later. Remaining Limit: 0
[FH] ENPH: wrote 3 files, skipped 362
[FH] ENPH: wrote 1 files, skipped 364
[FH] ENPH: wrote 2 files, skipped 363
[FH] ENPH: wrote 2 files, skipped 363
[FH] ENPH: wrote 2 files, skipped 363
[FH] ENPH: wrote 2 files, skipped 363
[FH] ENPH 2026-02-19 error: FinnhubAPIException(status_code: 502): JSON error message from Finnhub: <html>
<head><title>502 Bad Gateway</title></head>
<body>
<center><h1>502 Bad Gateway</h1></center>
<hr><center>nginx/1.18.0</center>
</body>
</html>

[FH] ENPH 2026-02-20 error: FinnhubAPIException(status_code: 502): JSON error message from Finnhub: <html>
<head><title>502 Bad Gateway</title></head>
<body>
<center><h1>502 Bad Gateway</h1></center>
<hr><center>nginx/1.18.0</center>
</body>
</html>

[FH] ENPH: wrote 2 files, skipped 363
[FH] ENPH: wrote 3 files, skipped 362
[FH] ENPH: wrote 2 files, skipped 363
[FH] ENPH: wrote 2 files, skipped 363
